<?xml version="1.0" encoding="UTF-8"?>
<!-- This is a WordPress eXtended RSS file generated by WordPress as an export of your blog. -->
<!-- It contains information about your blog's posts, comments, and categories. -->
<!-- You may use this file to transfer that content from one site to another. -->
<!-- This file is not intended to serve as a complete backup of your blog. -->

<!-- To import this information into a WordPress blog follow these steps. -->
<!-- 1. Log in to that blog as an administrator. -->
<!-- 2. Go to Tools: Import in the blog's admin panels (or Manage: Import in older versions of WordPress). -->
<!-- 3. Choose "WordPress" from the list. -->
<!-- 4. Upload this file using the form provided on that page. -->
<!-- 5. You will first be asked to map the authors in this export file to users -->
<!--    on the blog.  For each author, you may choose to map to an -->
<!--    existing user on the blog or to create a new user -->
<!-- 6. WordPress will then import each of the posts, comments, and categories -->
<!--    contained in this file into your blog -->

<!-- generator="WordPress.com" created="2011-01-17 22:16"-->
<rss version="2.0"
	xmlns:excerpt="http://wordpress.org/export/1.0/excerpt/"
	xmlns:content="http://purl.org/rss/1.0/modules/content/"
	xmlns:wfw="http://wellformedweb.org/CommentAPI/"
	xmlns:dc="http://purl.org/dc/elements/1.1/"
	xmlns:wp="http://wordpress.org/export/1.0/"
>

<channel>
	<title>Theme Unit Test Data</title>
	<link>http://wpthemetestdata.wordpress.com</link>
	<description>Just another WordPress website - but with a purposefully really long description</description>
	<pubDate>Mon, 17 Jan 2011 14:08:55 +0000</pubDate>
	<generator>http://wordpress.org/?v=MU</generator>
	<language>en</language>
	<wp:wxr_version>1.0</wp:wxr_version>
	<wp:base_site_url>http://wordpress.com/</wp:base_site_url>
	<wp:base_blog_url>http://wpthemetestdata.wordpress.com</wp:base_blog_url>
		<wp:category><wp:category_nicename>aciform</wp:category_nicename><wp:category_parent></wp:category_parent><wp:cat_name><![CDATA[aciform]]></wp:cat_name></wp:category>
		<wp:category><wp:category_nicename>antiquarianism</wp:category_nicename><wp:category_parent></wp:category_parent><wp:cat_name><![CDATA[antiquarianism]]></wp:cat_name></wp:category>
		<wp:category><wp:category_nicename>arrangement</wp:category_nicename><wp:category_parent></wp:category_parent><wp:cat_name><![CDATA[arrangement]]></wp:cat_name></wp:category>
		<wp:category><wp:category_nicename>asmodeus</wp:category_nicename><wp:category_parent></wp:category_parent><wp:cat_name><![CDATA[asmodeus]]></wp:cat_name></wp:category>
		<wp:category><wp:category_nicename>blogroll</wp:category_nicename><wp:category_parent></wp:category_parent><wp:cat_name><![CDATA[Blogroll]]></wp:cat_name></wp:category>
		<wp:category><wp:category_nicename>broder</wp:category_nicename><wp:category_parent></wp:category_parent><wp:cat_name><![CDATA[broder]]></wp:cat_name></wp:category>
		<wp:category><wp:category_nicename>buying</wp:category_nicename><wp:category_parent></wp:category_parent><wp:cat_name><![CDATA[buying]]></wp:cat_name></wp:category>
		<wp:category><wp:category_nicename>cat-a</wp:category_nicename><wp:category_parent></wp:category_parent><wp:cat_name><![CDATA[Cat A]]></wp:cat_name></wp:category>
		<wp:category><wp:category_nicename>cat-b</wp:category_nicename><wp:category_parent></wp:category_parent><wp:cat_name><![CDATA[Cat B]]></wp:cat_name></wp:category>
		<wp:category><wp:category_nicename>cat-c</wp:category_nicename><wp:category_parent></wp:category_parent><wp:cat_name><![CDATA[Cat C]]></wp:cat_name></wp:category>
		<wp:category><wp:category_nicename>championship</wp:category_nicename><wp:category_parent></wp:category_parent><wp:cat_name><![CDATA[championship]]></wp:cat_name></wp:category>
		<wp:category><wp:category_nicename>chastening</wp:category_nicename><wp:category_parent></wp:category_parent><wp:cat_name><![CDATA[chastening]]></wp:cat_name></wp:category>
		<wp:category><wp:category_nicename>clerkship</wp:category_nicename><wp:category_parent></wp:category_parent><wp:cat_name><![CDATA[clerkship]]></wp:cat_name></wp:category>
		<wp:category><wp:category_nicename>disinclination</wp:category_nicename><wp:category_parent></wp:category_parent><wp:cat_name><![CDATA[disinclination]]></wp:cat_name></wp:category>
		<wp:category><wp:category_nicename>disinfection</wp:category_nicename><wp:category_parent></wp:category_parent><wp:cat_name><![CDATA[disinfection]]></wp:cat_name></wp:category>
		<wp:category><wp:category_nicename>dispatch</wp:category_nicename><wp:category_parent></wp:category_parent><wp:cat_name><![CDATA[dispatch]]></wp:cat_name></wp:category>
		<wp:category><wp:category_nicename>echappee</wp:category_nicename><wp:category_parent></wp:category_parent><wp:cat_name><![CDATA[echappee]]></wp:cat_name></wp:category>
		<wp:category><wp:category_nicename>enphagy</wp:category_nicename><wp:category_parent></wp:category_parent><wp:cat_name><![CDATA[enphagy]]></wp:cat_name></wp:category>
		<wp:category><wp:category_nicename>equipollent</wp:category_nicename><wp:category_parent></wp:category_parent><wp:cat_name><![CDATA[equipollent]]></wp:cat_name></wp:category>
		<wp:category><wp:category_nicename>fatuity</wp:category_nicename><wp:category_parent></wp:category_parent><wp:cat_name><![CDATA[fatuity]]></wp:cat_name></wp:category>
		<wp:category><wp:category_nicename>foo-a</wp:category_nicename><wp:category_parent></wp:category_parent><wp:cat_name><![CDATA[Foo A]]></wp:cat_name></wp:category>
		<wp:category><wp:category_nicename>foo-parent</wp:category_nicename><wp:category_parent></wp:category_parent><wp:cat_name><![CDATA[Foo Parent]]></wp:cat_name></wp:category>
		<wp:category><wp:category_nicename>gaberlunzie</wp:category_nicename><wp:category_parent></wp:category_parent><wp:cat_name><![CDATA[gaberlunzie]]></wp:cat_name></wp:category>
		<wp:category><wp:category_nicename>illtempered</wp:category_nicename><wp:category_parent></wp:category_parent><wp:cat_name><![CDATA[illtempered]]></wp:cat_name></wp:category>
		<wp:category><wp:category_nicename>insubordination</wp:category_nicename><wp:category_parent></wp:category_parent><wp:cat_name><![CDATA[insubordination]]></wp:cat_name></wp:category>
		<wp:category><wp:category_nicename>lender</wp:category_nicename><wp:category_parent></wp:category_parent><wp:cat_name><![CDATA[lender]]></wp:cat_name></wp:category>
		<wp:category><wp:category_nicename>monosyllable</wp:category_nicename><wp:category_parent></wp:category_parent><wp:cat_name><![CDATA[monosyllable]]></wp:cat_name></wp:category>
		<wp:category><wp:category_nicename>packthread</wp:category_nicename><wp:category_parent></wp:category_parent><wp:cat_name><![CDATA[packthread]]></wp:cat_name></wp:category>
		<wp:category><wp:category_nicename>palter</wp:category_nicename><wp:category_parent></wp:category_parent><wp:cat_name><![CDATA[palter]]></wp:cat_name></wp:category>
		<wp:category><wp:category_nicename>papilionaceous</wp:category_nicename><wp:category_parent></wp:category_parent><wp:cat_name><![CDATA[papilionaceous]]></wp:cat_name></wp:category>
		<wp:category><wp:category_nicename>parent</wp:category_nicename><wp:category_parent></wp:category_parent><wp:cat_name><![CDATA[Parent]]></wp:cat_name></wp:category>
		<wp:category><wp:category_nicename>personable</wp:category_nicename><wp:category_parent></wp:category_parent><wp:cat_name><![CDATA[personable]]></wp:cat_name></wp:category>
		<wp:category><wp:category_nicename>propylaeum</wp:category_nicename><wp:category_parent></wp:category_parent><wp:cat_name><![CDATA[propylaeum]]></wp:cat_name></wp:category>
		<wp:category><wp:category_nicename>pustule</wp:category_nicename><wp:category_parent></wp:category_parent><wp:cat_name><![CDATA[pustule]]></wp:cat_name></wp:category>
		<wp:category><wp:category_nicename>quartern</wp:category_nicename><wp:category_parent></wp:category_parent><wp:cat_name><![CDATA[quartern]]></wp:cat_name></wp:category>
		<wp:category><wp:category_nicename>scholarship</wp:category_nicename><wp:category_parent></wp:category_parent><wp:cat_name><![CDATA[scholarship]]></wp:cat_name></wp:category>
		<wp:category><wp:category_nicename>selfconvicted</wp:category_nicename><wp:category_parent></wp:category_parent><wp:cat_name><![CDATA[selfconvicted]]></wp:cat_name></wp:category>
		<wp:category><wp:category_nicename>showshoe</wp:category_nicename><wp:category_parent></wp:category_parent><wp:cat_name><![CDATA[showshoe]]></wp:cat_name></wp:category>
		<wp:category><wp:category_nicename>sloyd</wp:category_nicename><wp:category_parent></wp:category_parent><wp:cat_name><![CDATA[sloyd]]></wp:cat_name></wp:category>
		<wp:category><wp:category_nicename>sub</wp:category_nicename><wp:category_parent>aciform</wp:category_parent><wp:cat_name><![CDATA[sub]]></wp:cat_name></wp:category>
		<wp:category><wp:category_nicename>sublunary</wp:category_nicename><wp:category_parent></wp:category_parent><wp:cat_name><![CDATA[sublunary]]></wp:cat_name></wp:category>
		<wp:category><wp:category_nicename>tamtam</wp:category_nicename><wp:category_parent></wp:category_parent><wp:cat_name><![CDATA[tamtam]]></wp:cat_name></wp:category>
		<wp:category><wp:category_nicename>uncategorized</wp:category_nicename><wp:category_parent></wp:category_parent><wp:cat_name><![CDATA[Uncategorized]]></wp:cat_name></wp:category>
		<wp:category><wp:category_nicename>weakhearted</wp:category_nicename><wp:category_parent></wp:category_parent><wp:cat_name><![CDATA[weakhearted]]></wp:cat_name></wp:category>
		<wp:category><wp:category_nicename>ween</wp:category_nicename><wp:category_parent></wp:category_parent><wp:cat_name><![CDATA[ween]]></wp:cat_name></wp:category>
		<wp:category><wp:category_nicename>wellhead</wp:category_nicename><wp:category_parent></wp:category_parent><wp:cat_name><![CDATA[wellhead]]></wp:cat_name></wp:category>
		<wp:category><wp:category_nicename>wellintentioned</wp:category_nicename><wp:category_parent></wp:category_parent><wp:cat_name><![CDATA[wellintentioned]]></wp:cat_name></wp:category>
		<wp:category><wp:category_nicename>whetstone</wp:category_nicename><wp:category_parent></wp:category_parent><wp:cat_name><![CDATA[whetstone]]></wp:cat_name></wp:category>
		<wp:category><wp:category_nicename>years</wp:category_nicename><wp:category_parent></wp:category_parent><wp:cat_name><![CDATA[years]]></wp:cat_name></wp:category>
		<wp:category><wp:category_nicename>child-1</wp:category_nicename><wp:category_parent>Parent</wp:category_parent><wp:cat_name><![CDATA[Child 1]]></wp:cat_name></wp:category>
		<wp:category><wp:category_nicename>child-2</wp:category_nicename><wp:category_parent>Child 1</wp:category_parent><wp:cat_name><![CDATA[Child 2]]></wp:cat_name></wp:category>
		<wp:category><wp:category_nicename>foo-a-foo-parent</wp:category_nicename><wp:category_parent>Foo Parent</wp:category_parent><wp:cat_name><![CDATA[Foo A]]></wp:cat_name></wp:category>
			<wp:tag><wp:tag_slug>chattels</wp:tag_slug><wp:tag_name><![CDATA[chattels]]></wp:tag_name></wp:tag>
		<wp:tag><wp:tag_slug>cienaga</wp:tag_slug><wp:tag_name><![CDATA[cienaga]]></wp:tag_name></wp:tag>
		<wp:tag><wp:tag_slug>claycold</wp:tag_slug><wp:tag_name><![CDATA[claycold]]></wp:tag_name></wp:tag>
		<wp:tag><wp:tag_slug>crushing</wp:tag_slug><wp:tag_name><![CDATA[crushing]]></wp:tag_name></wp:tag>
		<wp:tag><wp:tag_slug>depo</wp:tag_slug><wp:tag_name><![CDATA[depo]]></wp:tag_name></wp:tag>
		<wp:tag><wp:tag_slug>dinarchy</wp:tag_slug><wp:tag_name><![CDATA[dinarchy]]></wp:tag_name></wp:tag>
		<wp:tag><wp:tag_slug>doolie</wp:tag_slug><wp:tag_name><![CDATA[doolie]]></wp:tag_name></wp:tag>
		<wp:tag><wp:tag_slug>energumen</wp:tag_slug><wp:tag_name><![CDATA[energumen]]></wp:tag_name></wp:tag>
		<wp:tag><wp:tag_slug>ephialtes</wp:tag_slug><wp:tag_name><![CDATA[ephialtes]]></wp:tag_name></wp:tag>
		<wp:tag><wp:tag_slug>eudiometer</wp:tag_slug><wp:tag_name><![CDATA[eudiometer]]></wp:tag_name></wp:tag>
		<wp:tag><wp:tag_slug>figuriste</wp:tag_slug><wp:tag_name><![CDATA[figuriste]]></wp:tag_name></wp:tag>
		<wp:tag><wp:tag_slug>filler</wp:tag_slug><wp:tag_name><![CDATA[filler]]></wp:tag_name></wp:tag>
		<wp:tag><wp:tag_slug>goes-here</wp:tag_slug><wp:tag_name><![CDATA[goes here]]></wp:tag_name></wp:tag>
		<wp:tag><wp:tag_slug>habergeon</wp:tag_slug><wp:tag_name><![CDATA[habergeon]]></wp:tag_name></wp:tag>
		<wp:tag><wp:tag_slug>hapless</wp:tag_slug><wp:tag_name><![CDATA[hapless]]></wp:tag_name></wp:tag>
		<wp:tag><wp:tag_slug>hartshorn</wp:tag_slug><wp:tag_name><![CDATA[hartshorn]]></wp:tag_name></wp:tag>
		<wp:tag><wp:tag_slug>hostility-impregnability</wp:tag_slug><wp:tag_name><![CDATA[hostility impregnability]]></wp:tag_name></wp:tag>
		<wp:tag><wp:tag_slug>impropriation</wp:tag_slug><wp:tag_name><![CDATA[impropriation]]></wp:tag_name></wp:tag>
		<wp:tag><wp:tag_slug>is</wp:tag_slug><wp:tag_name><![CDATA[is]]></wp:tag_name></wp:tag>
		<wp:tag><wp:tag_slug>knave</wp:tag_slug><wp:tag_name><![CDATA[knave]]></wp:tag_name></wp:tag>
		<wp:tag><wp:tag_slug>misinformed</wp:tag_slug><wp:tag_name><![CDATA[misinformed]]></wp:tag_name></wp:tag>
		<wp:tag><wp:tag_slug>moil</wp:tag_slug><wp:tag_name><![CDATA[moil]]></wp:tag_name></wp:tag>
		<wp:tag><wp:tag_slug>mornful</wp:tag_slug><wp:tag_name><![CDATA[mornful]]></wp:tag_name></wp:tag>
		<wp:tag><wp:tag_slug>outlaw</wp:tag_slug><wp:tag_name><![CDATA[outlaw]]></wp:tag_name></wp:tag>
		<wp:tag><wp:tag_slug>pamphjlet</wp:tag_slug><wp:tag_name><![CDATA[pamphjlet]]></wp:tag_name></wp:tag>
		<wp:tag><wp:tag_slug>pneumatics</wp:tag_slug><wp:tag_name><![CDATA[pneumatics]]></wp:tag_name></wp:tag>
		<wp:tag><wp:tag_slug>portly-portreeve</wp:tag_slug><wp:tag_name><![CDATA[portly portreeve]]></wp:tag_name></wp:tag>
		<wp:tag><wp:tag_slug>post-formats</wp:tag_slug><wp:tag_name><![CDATA[Post Formats]]></wp:tag_name></wp:tag>
		<wp:tag><wp:tag_slug>precipitancy</wp:tag_slug><wp:tag_name><![CDATA[precipitancy]]></wp:tag_name></wp:tag>
		<wp:tag><wp:tag_slug>privation</wp:tag_slug><wp:tag_name><![CDATA[privation]]></wp:tag_name></wp:tag>
		<wp:tag><wp:tag_slug>programme</wp:tag_slug><wp:tag_name><![CDATA[programme]]></wp:tag_name></wp:tag>
		<wp:tag><wp:tag_slug>psychological</wp:tag_slug><wp:tag_name><![CDATA[psychological]]></wp:tag_name></wp:tag>
		<wp:tag><wp:tag_slug>puncher</wp:tag_slug><wp:tag_name><![CDATA[puncher]]></wp:tag_name></wp:tag>
		<wp:tag><wp:tag_slug>ramose</wp:tag_slug><wp:tag_name><![CDATA[ramose]]></wp:tag_name></wp:tag>
		<wp:tag><wp:tag_slug>renegade</wp:tag_slug><wp:tag_name><![CDATA[renegade]]></wp:tag_name></wp:tag>
		<wp:tag><wp:tag_slug>retrocede</wp:tag_slug><wp:tag_name><![CDATA[retrocede]]></wp:tag_name></wp:tag>
		<wp:tag><wp:tag_slug>stagnation-unhorsed</wp:tag_slug><wp:tag_name><![CDATA[stagnation unhorsed]]></wp:tag_name></wp:tag>
		<wp:tag><wp:tag_slug>tag-a</wp:tag_slug><wp:tag_name><![CDATA[Tag A]]></wp:tag_name></wp:tag>
		<wp:tag><wp:tag_slug>tag-b</wp:tag_slug><wp:tag_name><![CDATA[Tag B]]></wp:tag_name></wp:tag>
		<wp:tag><wp:tag_slug>tag-c</wp:tag_slug><wp:tag_name><![CDATA[Tag C]]></wp:tag_name></wp:tag>
		<wp:tag><wp:tag_slug>tag1</wp:tag_slug><wp:tag_name><![CDATA[tag1]]></wp:tag_name></wp:tag>
		<wp:tag><wp:tag_slug>tag2</wp:tag_slug><wp:tag_name><![CDATA[tag2]]></wp:tag_name></wp:tag>
		<wp:tag><wp:tag_slug>tag3</wp:tag_slug><wp:tag_name><![CDATA[tag3]]></wp:tag_name></wp:tag>
		<wp:tag><wp:tag_slug>text</wp:tag_slug><wp:tag_name><![CDATA[text]]></wp:tag_name></wp:tag>
		<wp:tag><wp:tag_slug>the-man</wp:tag_slug><wp:tag_name><![CDATA[the man]]></wp:tag_name></wp:tag>
		<wp:tag><wp:tag_slug>thunderheaded</wp:tag_slug><wp:tag_name><![CDATA[thunderheaded]]></wp:tag_name></wp:tag>
		<wp:tag><wp:tag_slug>unculpable</wp:tag_slug><wp:tag_name><![CDATA[unculpable]]></wp:tag_name></wp:tag>
		<wp:tag><wp:tag_slug>withered-brandnew</wp:tag_slug><wp:tag_name><![CDATA[withered brandnew]]></wp:tag_name></wp:tag>
		<wp:tag><wp:tag_slug>xanthopsia</wp:tag_slug><wp:tag_name><![CDATA[xanthopsia]]></wp:tag_name></wp:tag>
			<wp:term><wp:term_taxonomy>post_format</wp:term_taxonomy><wp:term_slug>post-format-aside</wp:term_slug><wp:term_parent></wp:term_parent><wp:term_name><![CDATA[Aside]]></wp:term_name></wp:term>
		<wp:term><wp:term_taxonomy>post_format</wp:term_taxonomy><wp:term_slug>post-format-gallery</wp:term_slug><wp:term_parent></wp:term_parent><wp:term_name><![CDATA[Gallery]]></wp:term_name></wp:term>

	<generator>http://wordpress.com/</generator>
<cloud domain='wpthemetestdata.wordpress.com' port='80' path='/?rsscloud=notify' registerProcedure='' protocol='http-post' />
<image>
		<url>http://www.gravatar.com/blavatar/07da1270ad083c0b0380fa9b775f8e06?s=96&#038;d=http://s2.wp.com/i/buttonw-com.png</url>
		<title>Theme Unit Test Data</title>
		<link>http://wpthemetestdata.wordpress.com</link>
	</image>
	<atom:link rel="search" type="application/opensearchdescription+xml" href="http://wpthemetestdata.wordpress.com/osd.xml" title="Theme Unit Test Data" />
	<atom:link rel='hub' href='http://wpthemetestdata.wordpress.com/?pushpress=hub'/>

		<item>
		<title>Auto Draft</title>
		<link>http://wpthemetestdata.wordpress.com/?p=685</link>
		<pubDate>Wed, 30 Nov -0001 00:00:00 +0000</pubDate>
		<dc:creator><![CDATA[Cais]]></dc:creator>

		<guid isPermaLink="false">http://wpthemetestdata.wordpress.com/?p=685</guid>
		<description></description>
		<content:encoded><![CDATA[]]></content:encoded>
		<excerpt:encoded><![CDATA[]]></excerpt:encoded>
		<wp:post_id>685</wp:post_id>
		<wp:post_date>2011-01-17 06:52:18</wp:post_date>
		<wp:post_date_gmt>0000-00-00 00:00:00</wp:post_date_gmt>
		<wp:comment_status>open</wp:comment_status>
		<wp:ping_status>closed</wp:ping_status>
		<wp:post_name></wp:post_name>
		<wp:status>auto-draft</wp:status>
		<wp:post_parent>0</wp:post_parent>
		<wp:menu_order>0</wp:menu_order>
		<wp:post_type>post</wp:post_type>
		<wp:post_password></wp:post_password>
		<wp:is_sticky>0</wp:is_sticky>
							</item>
		<item>
		<title>Parent page</title>
		<link>http://wpthemetestdata.wordpress.com/parent-page/</link>
		<pubDate>Mon, 03 Sep 2007 23:51:09 +0000</pubDate>
		<dc:creator><![CDATA[Chip Bennett]]></dc:creator>

		<category><![CDATA[Uncategorized]]></category>

		<category domain="category" nicename="uncategorized"><![CDATA[Uncategorized]]></category>

		<guid isPermaLink="false">http://wpthemetestdata.wordpress.com/parent-page/</guid>
		<description></description>
		<content:encoded><![CDATA[This page has children.]]></content:encoded>
		<excerpt:encoded><![CDATA[]]></excerpt:encoded>
		<wp:post_id>143</wp:post_id>
		<wp:post_date>2007-09-04 09:51:09</wp:post_date>
		<wp:post_date_gmt>2007-09-03 23:51:09</wp:post_date_gmt>
		<wp:comment_status>closed</wp:comment_status>
		<wp:ping_status>closed</wp:ping_status>
		<wp:post_name>parent-page</wp:post_name>
		<wp:status>publish</wp:status>
		<wp:post_parent>0</wp:post_parent>
		<wp:menu_order>0</wp:menu_order>
		<wp:post_type>page</wp:post_type>
		<wp:post_password></wp:post_password>
		<wp:is_sticky>0</wp:is_sticky>
		<wp:postmeta>
		<wp:meta_key>_wp_page_template</wp:meta_key>
		<wp:meta_value><![CDATA[default]]></wp:meta_value>
		</wp:postmeta>
		</item>
		<item>
		<title>Child page 1</title>
		<link>http://wpthemetestdata.wordpress.com/parent-page/child-page-1/</link>
		<pubDate>Mon, 03 Sep 2007 23:51:50 +0000</pubDate>
		<dc:creator><![CDATA[Chip Bennett]]></dc:creator>

		<category><![CDATA[Uncategorized]]></category>

		<category domain="category" nicename="uncategorized"><![CDATA[Uncategorized]]></category>

		<guid isPermaLink="false">http://wpthemetestdata.wordpress.com/parent-page/child-page-1/</guid>
		<description></description>
		<content:encoded><![CDATA[This page has a parent and child.]]></content:encoded>
		<excerpt:encoded><![CDATA[]]></excerpt:encoded>
		<wp:post_id>144</wp:post_id>
		<wp:post_date>2007-09-04 09:51:50</wp:post_date>
		<wp:post_date_gmt>2007-09-03 23:51:50</wp:post_date_gmt>
		<wp:comment_status>closed</wp:comment_status>
		<wp:ping_status>closed</wp:ping_status>
		<wp:post_name>child-page-1</wp:post_name>
		<wp:status>publish</wp:status>
		<wp:post_parent>143</wp:post_parent>
		<wp:menu_order>0</wp:menu_order>
		<wp:post_type>page</wp:post_type>
		<wp:post_password></wp:post_password>
		<wp:is_sticky>0</wp:is_sticky>
		<wp:postmeta>
		<wp:meta_key>_wp_page_template</wp:meta_key>
		<wp:meta_value><![CDATA[default]]></wp:meta_value>
		</wp:postmeta>
		</item>
		<item>
		<title>Child page 2</title>
		<link>http://wpthemetestdata.wordpress.com/parent-page/child-page-2/</link>
		<pubDate>Mon, 03 Sep 2007 23:52:18 +0000</pubDate>
		<dc:creator><![CDATA[Chip Bennett]]></dc:creator>

		<category><![CDATA[Uncategorized]]></category>

		<category domain="category" nicename="uncategorized"><![CDATA[Uncategorized]]></category>

		<guid isPermaLink="false">http://wpthemetestdata.wordpress.com/parent-page/child-page-1/child-page-2/</guid>
		<description></description>
		<content:encoded><![CDATA[This page has a parent.]]></content:encoded>
		<excerpt:encoded><![CDATA[]]></excerpt:encoded>
		<wp:post_id>145</wp:post_id>
		<wp:post_date>2007-09-04 09:52:18</wp:post_date>
		<wp:post_date_gmt>2007-09-03 23:52:18</wp:post_date_gmt>
		<wp:comment_status>closed</wp:comment_status>
		<wp:ping_status>closed</wp:ping_status>
		<wp:post_name>child-page-2</wp:post_name>
		<wp:status>publish</wp:status>
		<wp:post_parent>143</wp:post_parent>
		<wp:menu_order>0</wp:menu_order>
		<wp:post_type>page</wp:post_type>
		<wp:post_password></wp:post_password>
		<wp:is_sticky>0</wp:is_sticky>
				<wp:postmeta>
		<wp:meta_key>_wp_page_template</wp:meta_key>
		<wp:meta_value><![CDATA[default]]></wp:meta_value>
		</wp:postmeta>
		</item>
		<item>
		<title>Lorem Ipsum</title>
		<link>http://wpthemetestdata.wordpress.com/lorem-ipsum/</link>
		<pubDate>Mon, 03 Sep 2007 23:52:50 +0000</pubDate>
		<dc:creator><![CDATA[Chip Bennett]]></dc:creator>

		<category><![CDATA[Uncategorized]]></category>

		<category domain="category" nicename="uncategorized"><![CDATA[Uncategorized]]></category>

		<guid isPermaLink="false">http://wpthemetestdata.wordpress.com/lorem-ipsum/</guid>
		<description></description>
		<content:encoded><![CDATA[Lorem ipsum dolor sit amet, consectetuer adipiscing elit. Donec mollis. Quisque convallis libero in sapien pharetra tincidunt. Aliquam elit ante, malesuada id, tempor eu, gravida id, odio. Maecenas suscipit, risus et eleifend imperdiet, nisi orci ullamcorper massa, et adipiscing orci velit quis magna. Praesent sit amet ligula id orci venenatis auctor. Phasellus porttitor, metus non tincidunt dapibus, orci pede pretium neque, sit amet adipiscing ipsum lectus et libero. Aenean bibendum. Curabitur mattis quam id urna. Vivamus dui. Donec nonummy lacinia lorem. Cras risus arcu, sodales ac, ultrices ac, mollis quis, justo. Sed a libero. Quisque risus erat, posuere at, tristique non, lacinia quis, eros.

Cras volutpat, lacus quis semper pharetra, nisi enim dignissim est, et sollicitudin quam ipsum vel mi. Sed commodo urna ac urna. Nullam eu tortor. Curabitur sodales scelerisque magna. Donec ultricies tristique pede. Nullam libero. Nam sollicitudin felis vel metus. Nullam posuere molestie metus. Nullam molestie, nunc id suscipit rhoncus, felis mi vulputate lacus, a ultrices tortor dolor eget augue. Aenean ultricies felis ut turpis. Lorem ipsum dolor sit amet, consectetuer adipiscing elit. Suspendisse placerat tellus ac nulla. Proin adipiscing sem ac risus. Maecenas nisi. Cras semper.

Praesent interdum mollis neque. In egestas nulla eget pede. Integer eu purus sed diam dictum scelerisque. Morbi cursus velit et felis. Maecenas faucibus aliquet erat. In aliquet rhoncus tellus. Integer auctor nibh a nunc fringilla tempus. Cras turpis urna, dignissim vel, suscipit pulvinar, rutrum quis, sem. Ut lobortis convallis dui. Sed nonummy orci a justo. Morbi nec diam eget eros eleifend tincidunt.

Curabitur non elit. Pellentesque iaculis, nisl non aliquet adipiscing, purus urna aliquet orci, sed sodales pede neque at massa. Pellentesque laoreet, enim eget varius mollis, sapien erat suscipit metus, sit amet iaculis nulla sapien id felis. Aliquam erat volutpat. Nam congue nulla a ligula. Morbi tempor hendrerit erat. Curabitur augue. Vestibulum nulla est, commodo et, fringilla quis, bibendum eget, ipsum. Suspendisse pulvinar iaculis ante. Mauris dignissim ante quis nisi. Aliquam ante mi, aliquam et, pellentesque ac, dapibus et, enim. In vulputate justo vel magna. Phasellus imperdiet justo. Proin odio orci, dapibus id, porta a, pellentesque id, erat. Aliquam erat volutpat. Mauris nonummy varius libero. Sed dolor ipsum, tempor non, aliquet et, pulvinar quis, dui. Pellentesque mauris diam, lobortis id, varius varius, facilisis at, nulla.

Cras pede. Nullam id velit sit amet turpis tincidunt sagittis. Nunc malesuada. Nunc consequat scelerisque odio. Donec eu leo. Nunc pellentesque felis sed odio. Lorem ipsum dolor sit amet, consectetuer adipiscing elit. Vivamus lobortis metus in lectus. Cras mollis quam eget sapien. Pellentesque non lorem sit amet sem lacinia euismod.

Nulla eget diam eget leo imperdiet consequat. Morbi nunc magna, pellentesque eu, porta at, ultricies ut, neque. Vestibulum ante ipsum primis in faucibus orci luctus et ultrices posuere cubilia Curae; In tincidunt. Praesent ut orci id eros congue ultrices. Mauris non neque. Donec nulla ante, molestie sit amet, fermentum nec, blandit sit amet, purus. Fusce eget diam eu odio iaculis mollis. Phasellus consectetuer pede quis nisi. Proin non sem ut elit pulvinar faucibus. In a turpis nec augue fringilla elementum.

Nullam felis. Donec in nulla. Suspendisse sodales, turpis in suscipit ullamcorper, enim nunc sagittis risus, eu auctor velit tortor ut turpis. Mauris id augue at neque aliquam eleifend. Sed eget augue. Nunc faucibus ligula sed massa. Etiam non nulla. Etiam accumsan ullamcorper nisl. In pharetra massa at nunc. Nunc elementum. Duis sodales enim nec libero. Class aptent taciti sociosqu ad litora torquent per conubia nostra, per inceptos hymenaeos. Praesent dapibus eros sodales urna. Duis magna nisi, lobortis quis, tincidunt rutrum, posuere non, ipsum.

Aliquam convallis neque vitae diam. In diam. Cum sociis natoque penatibus et magnis dis parturient montes, nascetur ridiculus mus. Duis fermentum arcu in tortor. Sed nibh leo, rhoncus eu, fermentum et, scelerisque ac, massa. Cras id turpis. Etiam commodo sem luctus lorem. Morbi at mi. In rutrum. Aenean luctus pede euismod tortor. Phasellus dictum. Cras neque justo, venenatis sit amet, tristique et, vulputate in, dui. Etiam sed mi gravida sapien imperdiet dictum. Aliquam gravida orci a tortor. Donec tempor. Vestibulum ante ipsum primis in faucibus orci luctus et ultrices posuere cubilia Curae; Vivamus risus ante, pellentesque vitae, luctus eget, scelerisque sed, libero. Donec massa.

Donec libero mauris, volutpat at, convallis vel, laoreet euismod, augue. In accumsan malesuada risus. Mauris metus magna, condimentum in, nonummy non, ornare eu, velit. Cum sociis natoque penatibus et magnis dis parturient montes, nascetur ridiculus mus. Proin posuere. Proin rhoncus rutrum lorem. Phasellus dignissim massa non libero volutpat tincidunt. In hac habitasse platea dictumst. Phasellus eget eros. Nulla in nulla. Vivamus quis mauris. Maecenas pharetra rhoncus tellus. Sed sit amet lacus.

Quisque interdum felis a tellus. Aliquam sed diam ac velit aliquam rutrum. Morbi commodo, risus a pulvinar adipiscing, tortor pede posuere risus, ac ornare tellus massa nec lectus. Vivamus mollis metus ac sapien. Nam sed est a libero ullamcorper dapibus. Vestibulum ante ipsum primis in faucibus orci luctus et ultrices posuere cubilia Curae; Aenean a erat ac nibh accumsan volutpat. Phasellus pulvinar consequat turpis. Curabitur ante metus, tempus ut, consequat eu, sollicitudin sit amet, justo. Duis ut libero.]]></content:encoded>
		<excerpt:encoded><![CDATA[]]></excerpt:encoded>
		<wp:post_id>146</wp:post_id>
		<wp:post_date>2007-09-04 09:52:50</wp:post_date>
		<wp:post_date_gmt>2007-09-03 23:52:50</wp:post_date_gmt>
		<wp:comment_status>closed</wp:comment_status>
		<wp:ping_status>closed</wp:ping_status>
		<wp:post_name>lorem-ipsum</wp:post_name>
		<wp:status>publish</wp:status>
		<wp:post_parent>0</wp:post_parent>
		<wp:menu_order>0</wp:menu_order>
		<wp:post_type>page</wp:post_type>
		<wp:post_password></wp:post_password>
		<wp:is_sticky>0</wp:is_sticky>
		<wp:postmeta>
		<wp:meta_key>_wp_page_template</wp:meta_key>
		<wp:meta_value><![CDATA[default]]></wp:meta_value>
		</wp:postmeta>
							</item>
		<item>
		<title>Page with comments</title>
		<link>http://wpthemetestdata.wordpress.com/page-with-comments/</link>
		<pubDate>Tue, 04 Sep 2007 00:47:47 +0000</pubDate>
		<dc:creator><![CDATA[Chip Bennett]]></dc:creator>

		<category><![CDATA[Uncategorized]]></category>

		<category domain="category" nicename="uncategorized"><![CDATA[Uncategorized]]></category>

		<guid isPermaLink="false">http://wpthemetestdata.wordpress.com/page-with-comments/</guid>
		<description></description>
		<content:encoded><![CDATA[This page has comments.]]></content:encoded>
		<excerpt:encoded><![CDATA[]]></excerpt:encoded>
		<wp:post_id>155</wp:post_id>
		<wp:post_date>2007-09-04 10:47:47</wp:post_date>
		<wp:post_date_gmt>2007-09-04 00:47:47</wp:post_date_gmt>
		<wp:comment_status>open</wp:comment_status>
		<wp:ping_status>closed</wp:ping_status>
		<wp:post_name>page-with-comments</wp:post_name>
		<wp:status>publish</wp:status>
		<wp:post_parent>0</wp:post_parent>
		<wp:menu_order>0</wp:menu_order>
		<wp:post_type>page</wp:post_type>
		<wp:post_password></wp:post_password>
		<wp:is_sticky>0</wp:is_sticky>
				<wp:postmeta>
		<wp:meta_key>_wp_page_template</wp:meta_key>
		<wp:meta_value><![CDATA[default]]></wp:meta_value>
		</wp:postmeta>
								<wp:comment>
		<wp:comment_id>167</wp:comment_id>
		<wp:comment_author><![CDATA[Anon]]></wp:comment_author>
		<wp:comment_author_email>anon@example.com</wp:comment_author_email>
		<wp:comment_author_url></wp:comment_author_url>
		<wp:comment_author_IP>59.167.157.3</wp:comment_author_IP>
		<wp:comment_date>2007-09-04 10:49:28</wp:comment_date>
		<wp:comment_date_gmt>2007-09-04 00:49:28</wp:comment_date_gmt>
		<wp:comment_content><![CDATA[Anonymous comment.]]></wp:comment_content>
		<wp:comment_approved>1</wp:comment_approved>
		<wp:comment_type></wp:comment_type>
		<wp:comment_parent>0</wp:comment_parent>
		<wp:comment_user_id>0</wp:comment_user_id>
		</wp:comment>
				<wp:comment>
		<wp:comment_id>168</wp:comment_id>
		<wp:comment_author><![CDATA[tellyworthtest2]]></wp:comment_author>
		<wp:comment_author_email>tellyworth+test2@gmail.com</wp:comment_author_email>
		<wp:comment_author_url></wp:comment_author_url>
		<wp:comment_author_IP>59.167.157.3</wp:comment_author_IP>
		<wp:comment_date>2007-09-04 10:49:03</wp:comment_date>
		<wp:comment_date_gmt>2007-09-04 00:49:03</wp:comment_date_gmt>
		<wp:comment_content><![CDATA[Contributor comment.]]></wp:comment_content>
		<wp:comment_approved>1</wp:comment_approved>
		<wp:comment_type></wp:comment_type>
		<wp:comment_parent>0</wp:comment_parent>
		<wp:comment_user_id>0</wp:comment_user_id>
		</wp:comment>
				<wp:comment>
		<wp:comment_id>169</wp:comment_id>
		<wp:comment_author><![CDATA[Alex Shiels]]></wp:comment_author>
		<wp:comment_author_email>tellyworth@gmail.com</wp:comment_author_email>
		<wp:comment_author_url>http://flightpath.wordpress.com/</wp:comment_author_url>
		<wp:comment_author_IP>59.167.157.3</wp:comment_author_IP>
		<wp:comment_date>2007-09-04 10:48:51</wp:comment_date>
		<wp:comment_date_gmt>2007-09-04 00:48:51</wp:comment_date_gmt>
		<wp:comment_content><![CDATA[Author comment.]]></wp:comment_content>
		<wp:comment_approved>1</wp:comment_approved>
		<wp:comment_type></wp:comment_type>
		<wp:comment_parent>0</wp:comment_parent>
		<wp:comment_user_id>0</wp:comment_user_id>
		</wp:comment>
			</item>
		<item>
		<title>Page with comments disabled</title>
		<link>http://wpthemetestdata.wordpress.com/page-with-comments-disabled/</link>
		<pubDate>Tue, 04 Sep 2007 00:48:10 +0000</pubDate>
		<dc:creator><![CDATA[Chip Bennett]]></dc:creator>

		<category><![CDATA[Uncategorized]]></category>

		<category domain="category" nicename="uncategorized"><![CDATA[Uncategorized]]></category>

		<guid isPermaLink="false">http://wpthemetestdata.wordpress.com/page-with-comments-disabled/</guid>
		<description></description>
		<content:encoded><![CDATA[Comments have been disabled on this Page, which should display no comment-reply form, and should also display no "Comments are closed" or similar message.]]></content:encoded>
		<excerpt:encoded><![CDATA[]]></excerpt:encoded>
		<wp:post_id>156</wp:post_id>
		<wp:post_date>2007-09-04 10:48:10</wp:post_date>
		<wp:post_date_gmt>2007-09-04 00:48:10</wp:post_date_gmt>
		<wp:comment_status>closed</wp:comment_status>
		<wp:ping_status>closed</wp:ping_status>
		<wp:post_name>page-with-comments-disabled</wp:post_name>
		<wp:status>publish</wp:status>
		<wp:post_parent>0</wp:post_parent>
		<wp:menu_order>0</wp:menu_order>
		<wp:post_type>page</wp:post_type>
		<wp:post_password></wp:post_password>
		<wp:is_sticky>0</wp:is_sticky>
								<wp:postmeta>
		<wp:meta_key>_wp_page_template</wp:meta_key>
		<wp:meta_value><![CDATA[default]]></wp:meta_value>
		</wp:postmeta>
		</item>
		<item>
		<title>Level 3</title>
		<link>http://wpthemetestdata.wordpress.com/level-1/level-2/level-3/</link>
		<pubDate>Tue, 11 Dec 2007 06:23:16 +0000</pubDate>
		<dc:creator><![CDATA[Chip Bennett]]></dc:creator>

		<category><![CDATA[Uncategorized]]></category>

		<category domain="category" nicename="uncategorized"><![CDATA[Uncategorized]]></category>

		<guid isPermaLink="false">http://wpthemetestdata.wordpress.com/level-3/</guid>
		<description></description>
		<content:encoded><![CDATA[Level 3 of the reverse hierarchy test.]]></content:encoded>
		<excerpt:encoded><![CDATA[]]></excerpt:encoded>
		<wp:post_id>172</wp:post_id>
		<wp:post_date>2007-12-11 16:23:16</wp:post_date>
		<wp:post_date_gmt>2007-12-11 06:23:16</wp:post_date_gmt>
		<wp:comment_status>closed</wp:comment_status>
		<wp:ping_status>closed</wp:ping_status>
		<wp:post_name>level-3</wp:post_name>
		<wp:status>publish</wp:status>
		<wp:post_parent>173</wp:post_parent>
		<wp:menu_order>0</wp:menu_order>
		<wp:post_type>page</wp:post_type>
		<wp:post_password></wp:post_password>
		<wp:is_sticky>0</wp:is_sticky>
		</item>
		<item>
		<title>Level 2</title>
		<link>http://wpthemetestdata.wordpress.com/level-1/level-2/</link>
		<pubDate>Tue, 11 Dec 2007 06:23:33 +0000</pubDate>
		<dc:creator><![CDATA[Chip Bennett]]></dc:creator>

		<category><![CDATA[Uncategorized]]></category>

		<category domain="category" nicename="uncategorized"><![CDATA[Uncategorized]]></category>

		<guid isPermaLink="false">http://wpthemetestdata.wordpress.com/level-2/</guid>
		<description></description>
		<content:encoded><![CDATA[Level 2 of the reverse hierarchy test.]]></content:encoded>
		<excerpt:encoded><![CDATA[]]></excerpt:encoded>
		<wp:post_id>173</wp:post_id>
		<wp:post_date>2007-12-11 16:23:33</wp:post_date>
		<wp:post_date_gmt>2007-12-11 06:23:33</wp:post_date_gmt>
		<wp:comment_status>closed</wp:comment_status>
		<wp:ping_status>closed</wp:ping_status>
		<wp:post_name>level-2</wp:post_name>
		<wp:status>publish</wp:status>
		<wp:post_parent>174</wp:post_parent>
		<wp:menu_order>0</wp:menu_order>
		<wp:post_type>page</wp:post_type>
		<wp:post_password></wp:post_password>
		<wp:is_sticky>0</wp:is_sticky>
		</item>
		<item>
		<title>Level 1</title>
		<link>http://wpthemetestdata.wordpress.com/level-1/</link>
		<pubDate>Tue, 11 Dec 2007 06:25:40 +0000</pubDate>
		<dc:creator><![CDATA[Chip Bennett]]></dc:creator>

		<category><![CDATA[Uncategorized]]></category>

		<category domain="category" nicename="uncategorized"><![CDATA[Uncategorized]]></category>

		<guid isPermaLink="false">http://wpthemetestdata.wordpress.com/level-1/</guid>
		<description></description>
		<content:encoded><![CDATA[Level 1 of the reverse hierarchy test.  This is to make sure the importer correctly assigns parents and children even when the children come first in the export file.]]></content:encoded>
		<excerpt:encoded><![CDATA[]]></excerpt:encoded>
		<wp:post_id>174</wp:post_id>
		<wp:post_date>2007-12-11 16:25:40</wp:post_date>
		<wp:post_date_gmt>2007-12-11 06:25:40</wp:post_date_gmt>
		<wp:comment_status>closed</wp:comment_status>
		<wp:ping_status>closed</wp:ping_status>
		<wp:post_name>level-1</wp:post_name>
		<wp:status>publish</wp:status>
		<wp:post_parent>0</wp:post_parent>
		<wp:menu_order>0</wp:menu_order>
		<wp:post_type>page</wp:post_type>
		<wp:post_password></wp:post_password>
		<wp:is_sticky>0</wp:is_sticky>
		</item>
		<item>
		<title>Many Trackbacks</title>
		<link>http://wpthemetestdata.wordpress.com/2008/03/01/many-trackbacks/</link>
		<pubDate>Sat, 01 Mar 2008 17:17:18 +0000</pubDate>
		<dc:creator><![CDATA[Chip Bennett]]></dc:creator>

		<category><![CDATA[Uncategorized]]></category>

		<category domain="category" nicename="uncategorized"><![CDATA[Uncategorized]]></category>

		<guid isPermaLink="false">http://wpthemetestdata.wordpress.com/2007/09/04/many-trackbacks/</guid>
		<description></description>
		<content:encoded><![CDATA[This post has many trackbacks.<span style="font-family:Arial;font-size:11px;line-height:normal;" class="Apple-style-span">Lorem ipsum dolor sit amet, consectetuer adipiscing elit. Cras ligula. Vivamus urna diam, mollis nec, pellentesque et, semper nec, lorem. Nam lobortis, eros a feugiat porttitor, nibh mi imperdiet nulla, eu venenatis diam enim non eros. Duis consectetuer augue a ante. Vivamus adipiscing orci et ipsum. Ut consectetuer lacinia magna. Etiam id orci. Vestibulum pede magna, feugiat et, adipiscing vitae, tincidunt non, mauris. Curabitur auctor diam non nibh. Fusce nec diam. Praesent laoreet blandit turpis. Phasellus et eros. Nulla venenatis nulla ut magna. Nunc porttitor eros sed quam. Morbi id nisi ut sem faucibus tempus.</span> ]]></content:encoded>
		<excerpt:encoded><![CDATA[]]></excerpt:encoded>
		<wp:post_id>151</wp:post_id>
		<wp:post_date>2008-03-01 10:17:18</wp:post_date>
		<wp:post_date_gmt>2008-03-01 17:17:18</wp:post_date_gmt>
		<wp:comment_status>closed</wp:comment_status>
		<wp:ping_status>closed</wp:ping_status>
		<wp:post_name>many-trackbacks</wp:post_name>
		<wp:status>publish</wp:status>
		<wp:post_parent>0</wp:post_parent>
		<wp:menu_order>0</wp:menu_order>
		<wp:post_type>post</wp:post_type>
		<wp:post_password></wp:post_password>
		<wp:is_sticky>0</wp:is_sticky>
								<wp:comment>
		<wp:comment_id>170</wp:comment_id>
		<wp:comment_author><![CDATA[Ping 1 &laquo; What&#8217;s a tellyworth?]]></wp:comment_author>
		<wp:comment_author_email></wp:comment_author_email>
		<wp:comment_author_url>http://tellyworth.wordpress.com/2007/11/21/ping-1/</wp:comment_author_url>
		<wp:comment_author_IP>72.232.101.12</wp:comment_author_IP>
		<wp:comment_date>2007-11-21 11:31:12</wp:comment_date>
		<wp:comment_date_gmt>2007-11-21 01:31:12</wp:comment_date_gmt>
		<wp:comment_content><![CDATA[[...] Trackback test. [...] ]]></wp:comment_content>
		<wp:comment_approved>1</wp:comment_approved>
		<wp:comment_type>pingback</wp:comment_type>
		<wp:comment_parent>0</wp:comment_parent>
		<wp:comment_user_id>0</wp:comment_user_id>
		</wp:comment>
				<wp:comment>
		<wp:comment_id>171</wp:comment_id>
		<wp:comment_author><![CDATA[Ping 2 with a much longer title than the previous ping, which was called Ping 1 &laquo; What&#8217;s a tellyworth?]]></wp:comment_author>
		<wp:comment_author_email></wp:comment_author_email>
		<wp:comment_author_url>http://tellyworth.wordpress.com/2007/11/21/ping-2-with-a-much-longer-title-than-the-previous-ping-which-was-called-ping-1/</wp:comment_author_url>
		<wp:comment_author_IP>72.232.101.12</wp:comment_author_IP>
		<wp:comment_date>2007-11-21 11:35:47</wp:comment_date>
		<wp:comment_date_gmt>2007-11-21 01:35:47</wp:comment_date_gmt>
		<wp:comment_content><![CDATA[[...] Another trackback test.  Lorem ipsum dolor sit amet, consectetuer adipiscing elit. Donec hendrerit gravida nisi. Praesent libero odio, tincidunt nec, fringilla et, mollis ut, ipsum. Proin a lacus quis nisi pulvinar bibendum. Donec massa justo, dapibus at, imperdiet vestibulum, dapibus in, leo. Donec pretium tellus in dui. Phasellus tristique aliquet justo. Donec sodales. Nulla urna mi, molestie ac, malesuada sit amet, sagittis id, lacus. Mauris auctor leo ac justo. Proin convallis. Nulla eleifend dictum mi. Donec at lectus. Integer augue sapien, ornare vitae, rhoncus quis, rhoncus sed, sapien. Nunc mattis diam sodales diam.Etiam porttitor, ante sed varius semper, ante arcu rutrum tortor, at luctus nunc urna id nibh. Fusce sodales. Integer sed ligula. Donec posuere, nibh aliquet auctor congue, augue est porttitor odio, imperdiet facilisis tortor urna vel mauris. Pellentesque pretium, lorem non pellentesque varius, elit diam ultrices mi, sed posuere sapien lectus sed mi. Donec vestibulum urna. Donec gravida elit et enim. Ut dignissim neque ut erat. Morbi tincidunt nunc vitae lorem. Morbi rhoncus mi. Praesent facilisis tincidunt enim. Ut pulvinar. Suspendisse potenti. Vivamus turpis odio, porta at, malesuada in, iaculis eget, odio. Aenean faucibus, urna quis congue dignissim, orci tellus ornare leo, eget viverra ante ipsum sit amet magna. Suspendisse mattis nunc at justo. Nullam malesuada lobortis lorem. Morbi ultricies. Nam risus erat, sagittis ut, tristique rhoncus, luctus id, ante. Maecenas ac dui. [...] ]]></wp:comment_content>
		<wp:comment_approved>1</wp:comment_approved>
		<wp:comment_type>pingback</wp:comment_type>
		<wp:comment_parent>0</wp:comment_parent>
		<wp:comment_user_id>0</wp:comment_user_id>
		</wp:comment>
				<wp:comment>
		<wp:comment_id>172</wp:comment_id>
		<wp:comment_author><![CDATA[Ping 4 &laquo; What&#8217;s a tellyworth?]]></wp:comment_author>
		<wp:comment_author_email></wp:comment_author_email>
		<wp:comment_author_url>http://tellyworth.wordpress.com/2007/11/21/ping-4/</wp:comment_author_url>
		<wp:comment_author_IP>72.232.101.12</wp:comment_author_IP>
		<wp:comment_date>2007-11-21 11:39:25</wp:comment_date>
		<wp:comment_date_gmt>2007-11-21 01:39:25</wp:comment_date_gmt>
		<wp:comment_content><![CDATA[[...] Another short one. [...] ]]></wp:comment_content>
		<wp:comment_approved>1</wp:comment_approved>
		<wp:comment_type>pingback</wp:comment_type>
		<wp:comment_parent>0</wp:comment_parent>
		<wp:comment_user_id>0</wp:comment_user_id>
		</wp:comment>
				<wp:comment>
		<wp:comment_id>173</wp:comment_id>
		<wp:comment_author><![CDATA[Ping 3 &laquo; What&#8217;s a tellyworth?]]></wp:comment_author>
		<wp:comment_author_email></wp:comment_author_email>
		<wp:comment_author_url>http://tellyworth.wordpress.com/2007/11/21/ping-3/</wp:comment_author_url>
		<wp:comment_author_IP>72.232.101.12</wp:comment_author_IP>
		<wp:comment_date>2007-11-21 11:38:22</wp:comment_date>
		<wp:comment_date_gmt>2007-11-21 01:38:22</wp:comment_date_gmt>
		<wp:comment_content><![CDATA[[...] Just a short one. [...] ]]></wp:comment_content>
		<wp:comment_approved>1</wp:comment_approved>
		<wp:comment_type>pingback</wp:comment_type>
		<wp:comment_parent>0</wp:comment_parent>
		<wp:comment_user_id>0</wp:comment_user_id>
		</wp:comment>
				<wp:comment>
		<wp:comment_id>174</wp:comment_id>
		<wp:comment_author><![CDATA[admin]]></wp:comment_author>
		<wp:comment_author_email>admin@anonymous.com</wp:comment_author_email>
		<wp:comment_author_url></wp:comment_author_url>
		<wp:comment_author_IP>146.214.103.251</wp:comment_author_IP>
		<wp:comment_date>2010-06-11 15:27:04</wp:comment_date>
		<wp:comment_date_gmt>2010-06-11 15:27:04</wp:comment_date_gmt>
		<wp:comment_content><![CDATA[Test comment]]></wp:comment_content>
		<wp:comment_approved>1</wp:comment_approved>
		<wp:comment_type></wp:comment_type>
		<wp:comment_parent>0</wp:comment_parent>
		<wp:comment_user_id>0</wp:comment_user_id>
		</wp:comment>
			</item>
		<item>
		<title>Comments Disabled</title>
		<link>http://wpthemetestdata.wordpress.com/2008/03/02/comments-disabled/</link>
		<pubDate>Sun, 02 Mar 2008 10:21:15 +0000</pubDate>
		<dc:creator><![CDATA[Chip Bennett]]></dc:creator>

		<category><![CDATA[Uncategorized]]></category>

		<category domain="category" nicename="uncategorized"><![CDATA[Uncategorized]]></category>

		<guid isPermaLink="false">http://wpthemetestdata.wordpress.com/2007/09/04/no-comments/</guid>
		<description></description>
		<content:encoded><![CDATA[Comments are disabled. This post should display no comment-reply form.]]></content:encoded>
		<excerpt:encoded><![CDATA[]]></excerpt:encoded>
		<wp:post_id>152</wp:post_id>
		<wp:post_date>2008-03-02 10:21:15</wp:post_date>
		<wp:post_date_gmt>2008-03-02 10:21:15</wp:post_date_gmt>
		<wp:comment_status>closed</wp:comment_status>
		<wp:ping_status>closed</wp:ping_status>
		<wp:post_name>comments-disabled</wp:post_name>
		<wp:status>publish</wp:status>
		<wp:post_parent>0</wp:post_parent>
		<wp:menu_order>0</wp:menu_order>
		<wp:post_type>post</wp:post_type>
		<wp:post_password></wp:post_password>
		<wp:is_sticky>0</wp:is_sticky>
		<wp:postmeta>
		<wp:meta_key>_wp_old_slug</wp:meta_key>
		<wp:meta_value><![CDATA[no-comments]]></wp:meta_value>
		</wp:postmeta>
		</item>
		<item>
		<title>Comment Test</title>
		<link>http://wpthemetestdata.wordpress.com/2008/03/03/comment-test/</link>
		<pubDate>Mon, 03 Mar 2008 17:11:37 +0000</pubDate>
		<dc:creator><![CDATA[Chip Bennett]]></dc:creator>

		<category><![CDATA[Uncategorized]]></category>

		<category domain="category" nicename="uncategorized"><![CDATA[Uncategorized]]></category>

		<guid isPermaLink="false">http://wpthemetestdata.wordpress.com/2007/09/04/comment-test/</guid>
		<description></description>
		<content:encoded><![CDATA[Here's a post with some comments.]]></content:encoded>
		<excerpt:encoded><![CDATA[]]></excerpt:encoded>
		<wp:post_id>149</wp:post_id>
		<wp:post_date>2008-03-03 10:11:37</wp:post_date>
		<wp:post_date_gmt>2008-03-03 17:11:37</wp:post_date_gmt>
		<wp:comment_status>open</wp:comment_status>
		<wp:ping_status>closed</wp:ping_status>
		<wp:post_name>comment-test</wp:post_name>
		<wp:status>publish</wp:status>
		<wp:post_parent>0</wp:post_parent>
		<wp:menu_order>0</wp:menu_order>
		<wp:post_type>post</wp:post_type>
		<wp:post_password></wp:post_password>
		<wp:is_sticky>0</wp:is_sticky>
		<wp:comment>
		<wp:comment_id>186</wp:comment_id>
		<wp:comment_author><![CDATA[Joseph Scott]]></wp:comment_author>
		<wp:comment_author_email>joseph@randomnetworks.com</wp:comment_author_email>
		<wp:comment_author_url>http://joseph.randomnetworks.com/</wp:comment_author_url>
		<wp:comment_author_IP>63.226.101.77</wp:comment_author_IP>
		<wp:comment_date>2007-12-08 07:24:25</wp:comment_date>
		<wp:comment_date_gmt>2007-12-07 21:24:25</wp:comment_date_gmt>
		<wp:comment_content><![CDATA[Hi There!]]></wp:comment_content>
		<wp:comment_approved>1</wp:comment_approved>
		<wp:comment_type></wp:comment_type>
		<wp:comment_parent>0</wp:comment_parent>
		<wp:comment_user_id>0</wp:comment_user_id>
		</wp:comment>
				<wp:comment>
		<wp:comment_id>187</wp:comment_id>
		<wp:comment_author><![CDATA[tellyworthtest]]></wp:comment_author>
		<wp:comment_author_email>tellyworth+test@gmail.com</wp:comment_author_email>
		<wp:comment_author_url></wp:comment_author_url>
		<wp:comment_author_IP>146.214.103.154</wp:comment_author_IP>
		<wp:comment_date>2010-07-01 17:24:23</wp:comment_date>
		<wp:comment_date_gmt>2010-07-01 17:24:23</wp:comment_date_gmt>
		<wp:comment_content><![CDATA[Test Threaded Comment - nested one deep.]]></wp:comment_content>
		<wp:comment_approved>1</wp:comment_approved>
		<wp:comment_type></wp:comment_type>
		<wp:comment_parent>175</wp:comment_parent>
		<wp:comment_user_id>0</wp:comment_user_id>
		</wp:comment>
				<wp:comment>
		<wp:comment_id>188</wp:comment_id>
		<wp:comment_author><![CDATA[tellyworthtest]]></wp:comment_author>
		<wp:comment_author_email>tellyworth+test@gmail.com</wp:comment_author_email>
		<wp:comment_author_url></wp:comment_author_url>
		<wp:comment_author_IP>146.214.103.154</wp:comment_author_IP>
		<wp:comment_date>2010-07-01 17:26:11</wp:comment_date>
		<wp:comment_date_gmt>2010-07-01 17:26:11</wp:comment_date_gmt>
		<wp:comment_content><![CDATA[Test threaded comment - one level deep (take two).]]></wp:comment_content>
		<wp:comment_approved>1</wp:comment_approved>
		<wp:comment_type></wp:comment_type>
		<wp:comment_parent>176</wp:comment_parent>
		<wp:comment_user_id>0</wp:comment_user_id>
		</wp:comment>
				<wp:comment>
		<wp:comment_id>189</wp:comment_id>
		<wp:comment_author><![CDATA[tellyworthtest1]]></wp:comment_author>
		<wp:comment_author_email>tellyworth+test1@gmail.com</wp:comment_author_email>
		<wp:comment_author_url></wp:comment_author_url>
		<wp:comment_author_IP>146.214.103.154</wp:comment_author_IP>
		<wp:comment_date>2010-07-01 17:31:56</wp:comment_date>
		<wp:comment_date_gmt>2010-07-01 17:31:56</wp:comment_date_gmt>
		<wp:comment_content><![CDATA[Testing threaded comments - two levels deep.]]></wp:comment_content>
		<wp:comment_approved>1</wp:comment_approved>
		<wp:comment_type></wp:comment_type>
		<wp:comment_parent>188</wp:comment_parent>
		<wp:comment_user_id>0</wp:comment_user_id>
		</wp:comment>
				<wp:comment>
		<wp:comment_id>190</wp:comment_id>
		<wp:comment_author><![CDATA[Test Author]]></wp:comment_author>
		<wp:comment_author_email>testauthor@anonymous.com</wp:comment_author_email>
		<wp:comment_author_url></wp:comment_author_url>
		<wp:comment_author_IP>146.214.103.154</wp:comment_author_IP>
		<wp:comment_date>2010-07-01 17:51:11</wp:comment_date>
		<wp:comment_date_gmt>2010-07-01 17:51:11</wp:comment_date_gmt>
		<wp:comment_content><![CDATA[Another author comment]]></wp:comment_content>
		<wp:comment_approved>1</wp:comment_approved>
		<wp:comment_type></wp:comment_type>
		<wp:comment_parent>0</wp:comment_parent>
		<wp:comment_user_id>0</wp:comment_user_id>
		</wp:comment>
				<wp:comment>
		<wp:comment_id>191</wp:comment_id>
		<wp:comment_author><![CDATA[Test Author]]></wp:comment_author>
		<wp:comment_author_email>testauthor@anonymous.com</wp:comment_author_email>
		<wp:comment_author_url></wp:comment_author_url>
		<wp:comment_author_IP>146.214.103.154</wp:comment_author_IP>
		<wp:comment_date>2010-07-01 17:56:59</wp:comment_date>
		<wp:comment_date_gmt>2010-07-01 17:56:59</wp:comment_date_gmt>
		<wp:comment_content><![CDATA[Testing an author reply comment]]></wp:comment_content>
		<wp:comment_approved>1</wp:comment_approved>
		<wp:comment_type></wp:comment_type>
		<wp:comment_parent>176</wp:comment_parent>
		<wp:comment_user_id>0</wp:comment_user_id>
		</wp:comment>
				<wp:comment>
		<wp:comment_id>192</wp:comment_id>
		<wp:comment_author><![CDATA[tellyworthtest2]]></wp:comment_author>
		<wp:comment_author_email>tellyworth+test2@gmail.com</wp:comment_author_email>
		<wp:comment_author_url></wp:comment_author_url>
		<wp:comment_author_IP>146.214.103.154</wp:comment_author_IP>
		<wp:comment_date>2010-07-01 17:57:36</wp:comment_date>
		<wp:comment_date_gmt>2010-07-01 17:57:36</wp:comment_date_gmt>
		<wp:comment_content><![CDATA[Replying to an author reply comment.]]></wp:comment_content>
		<wp:comment_approved>1</wp:comment_approved>
		<wp:comment_type></wp:comment_type>
		<wp:comment_parent>191</wp:comment_parent>
		<wp:comment_user_id>0</wp:comment_user_id>
		</wp:comment>
				<wp:comment>
		<wp:comment_id>193</wp:comment_id>
		<wp:comment_author><![CDATA[Test Contributor]]></wp:comment_author>
		<wp:comment_author_email>testcontributor@anonymous.com</wp:comment_author_email>
		<wp:comment_author_url></wp:comment_author_url>
		<wp:comment_author_IP>146.214.103.154</wp:comment_author_IP>
		<wp:comment_date>2010-07-01 18:02:10</wp:comment_date>
		<wp:comment_date_gmt>2010-07-01 18:02:10</wp:comment_date_gmt>
		<wp:comment_content><![CDATA[Contributor comment]]></wp:comment_content>
		<wp:comment_approved>1</wp:comment_approved>
		<wp:comment_type></wp:comment_type>
		<wp:comment_parent>0</wp:comment_parent>
		<wp:comment_user_id>0</wp:comment_user_id>
		</wp:comment>
				<wp:comment>
		<wp:comment_id>194</wp:comment_id>
		<wp:comment_author><![CDATA[admin]]></wp:comment_author>
		<wp:comment_author_email>admin@anonymous.com</wp:comment_author_email>
		<wp:comment_author_url></wp:comment_author_url>
		<wp:comment_author_IP>146.214.103.251</wp:comment_author_IP>
		<wp:comment_date>2010-07-01 18:05:32</wp:comment_date>
		<wp:comment_date_gmt>2010-07-01 18:05:32</wp:comment_date_gmt>
		<wp:comment_content><![CDATA[Administrator comment reply.]]></wp:comment_content>
		<wp:comment_approved>1</wp:comment_approved>
		<wp:comment_type></wp:comment_type>
		<wp:comment_parent>189</wp:comment_parent>
		<wp:comment_user_id>0</wp:comment_user_id>
		</wp:comment>
				<wp:comment>
		<wp:comment_id>185</wp:comment_id>
		<wp:comment_author><![CDATA[pinging like a microwave &laquo; no kubrick allowed]]></wp:comment_author>
		<wp:comment_author_email></wp:comment_author_email>
		<wp:comment_author_url>http://ntutest.wordpress.com/2007/11/19/pinging-like-a-microwave/</wp:comment_author_url>
		<wp:comment_author_IP>72.232.131.29</wp:comment_author_IP>
		<wp:comment_date>2007-11-20 03:44:15</wp:comment_date>
		<wp:comment_date_gmt>2007-11-19 17:44:15</wp:comment_date_gmt>
		<wp:comment_content><![CDATA[[...] http://asdftestblog1.wordpress.com/2007/09/04/comment-test/ [...] ]]></wp:comment_content>
		<wp:comment_approved>1</wp:comment_approved>
		<wp:comment_type>pingback</wp:comment_type>
		<wp:comment_parent>0</wp:comment_parent>
		<wp:comment_user_id>0</wp:comment_user_id>
		</wp:comment>
				<wp:comment>
		<wp:comment_id>184</wp:comment_id>
		<wp:comment_author><![CDATA[mdawaffe]]></wp:comment_author>
		<wp:comment_author_email>wpcom@blogwaffe.com</wp:comment_author_email>
		<wp:comment_author_url>http://blogwaffe.com</wp:comment_author_url>
		<wp:comment_author_IP>71.80.169.225</wp:comment_author_IP>
		<wp:comment_date>2007-09-04 16:51:33</wp:comment_date>
		<wp:comment_date_gmt>2007-09-04 06:51:33</wp:comment_date_gmt>
		<wp:comment_content><![CDATA[what am I testing]]></wp:comment_content>
		<wp:comment_approved>1</wp:comment_approved>
		<wp:comment_type></wp:comment_type>
		<wp:comment_parent>0</wp:comment_parent>
		<wp:comment_user_id>0</wp:comment_user_id>
		</wp:comment>
				<wp:comment>
		<wp:comment_id>175</wp:comment_id>
		<wp:comment_author><![CDATA[Alex Shiels]]></wp:comment_author>
		<wp:comment_author_email>tellyworth@gmail.com</wp:comment_author_email>
		<wp:comment_author_url>http://flightpath.wordpress.com/</wp:comment_author_url>
		<wp:comment_author_IP>59.167.157.3</wp:comment_author_IP>
		<wp:comment_date>2007-09-04 10:12:13</wp:comment_date>
		<wp:comment_date_gmt>2007-09-04 10:12:13</wp:comment_date_gmt>
		<wp:comment_content><![CDATA[Not an author comment.]]></wp:comment_content>
		<wp:comment_approved>1</wp:comment_approved>
		<wp:comment_type></wp:comment_type>
		<wp:comment_parent>0</wp:comment_parent>
		<wp:comment_user_id>0</wp:comment_user_id>
		</wp:comment>
				<wp:comment>
		<wp:comment_id>176</wp:comment_id>
		<wp:comment_author><![CDATA[Anon]]></wp:comment_author>
		<wp:comment_author_email>nobody@example.com</wp:comment_author_email>
		<wp:comment_author_url></wp:comment_author_url>
		<wp:comment_author_IP>59.167.157.3</wp:comment_author_IP>
		<wp:comment_date>2007-09-04 10:14:19</wp:comment_date>
		<wp:comment_date_gmt>2007-09-04 17:14:19</wp:comment_date_gmt>
		<wp:comment_content><![CDATA[I'm not logged in.

<blockquote>
Contrary to popular belief, Lorem Ipsum is not simply random text. It has roots in a piece of classical Latin literature from 45 BC, making it over 2000 years old. Richard McClintock, a Latin professor at Hampden-Sydney College in Virginia, looked up one of the more obscure Latin words, consectetur, from a Lorem Ipsum passage, and going through the cites of the word in classical literature, discovered
<blockquote>
Contrary to popular belief, Lorem Ipsum is not simply random text. It has roots in a piece of classical Latin literature from 45 BC, making it over 2000 years old. Richard McClintock, a Latin professor at Hampden-Sydney College in Virginia, looked up one of the more obscure Latin words, consectetur, from a Lorem Ipsum passage, and going through the cites of the word in classical literature, discovered
<blockquote>
Contrary to popular belief, Lorem Ipsum is not simply random text. It has roots in a piece of classical Latin literature from 45 BC, making it over 2000 years old. Richard McClintock, a Latin professor at Hampden-Sydney College in Virginia, looked up one of the more obscure Latin words, consectetur, from a Lorem Ipsum passage, and going through the cites of the word in classical literature, discovered

</blockquote>
</blockquote>
</blockquote>]]></wp:comment_content>
		<wp:comment_approved>1</wp:comment_approved>
		<wp:comment_type></wp:comment_type>
		<wp:comment_parent>0</wp:comment_parent>
		<wp:comment_user_id>0</wp:comment_user_id>
		</wp:comment>
				<wp:comment>
		<wp:comment_id>177</wp:comment_id>
		<wp:comment_author><![CDATA[Matt]]></wp:comment_author>
		<wp:comment_author_email>m@mullenweg.com</wp:comment_author_email>
		<wp:comment_author_url>http://photomatt.net/</wp:comment_author_url>
		<wp:comment_author_IP>59.167.157.3</wp:comment_author_IP>
		<wp:comment_date>2007-09-04 10:15:32</wp:comment_date>
		<wp:comment_date_gmt>2007-09-04 00:15:32</wp:comment_date_gmt>
		<wp:comment_content><![CDATA[Anonymous person pretending to be Matt.]]></wp:comment_content>
		<wp:comment_approved>1</wp:comment_approved>
		<wp:comment_type></wp:comment_type>
		<wp:comment_parent>0</wp:comment_parent>
		<wp:comment_user_id>0</wp:comment_user_id>
		</wp:comment>
				<wp:comment>
		<wp:comment_id>178</wp:comment_id>
		<wp:comment_author><![CDATA[Test Author]]></wp:comment_author>
		<wp:comment_author_email>testauthor@anonymous.com</wp:comment_author_email>
		<wp:comment_author_url></wp:comment_author_url>
		<wp:comment_author_IP>59.167.157.3</wp:comment_author_IP>
		<wp:comment_date>2007-09-03 10:18:04</wp:comment_date>
		<wp:comment_date_gmt>2007-09-03 17:18:04</wp:comment_date_gmt>
		<wp:comment_content><![CDATA[Author comment.

<h1>Header one</h1>
<h2>Header two</h2>
<h3>Header three</h3>
<h4>Header four</h4>
<h5>Header five</h5>
<h6>Header six</h6>

<h2>Blockquote Tests</h2>
Blockquote:
<blockquote>Here's a one line quote.</blockquote>
This part isn't quoted.  Here's a longer quote:
<blockquote>It’s like a language. You learn the alphabet, which are the scales. You learn sentences, which are the chords. And then you talk extemporaneously with the horn. It’s a wonderful thing to speak extemporaneously, which is something I’ve never gotten the hang of. But musically I love to talk just off the top of my head. And that’s what jazz music is all about.

<cite>Stan Getz</cite></blockquote>
And some trailing text.

<h2>Table Layout Test</h2>
<table class="statsDay">
<tbody>
<tr>
<th>Title</th>
<th class="views">Views</th>
<th></th>
</tr>
<tr class="alternate">
<td class="label"><a href="http://wpthemetestdata.wordpress.com/about/" rel="nofollow">About Test User</a></td>
<td class="views">1</td>
<td class="more">More</td>
</tr>
<tr>
<td class="label"><a href="http://wpthemetestdata.wordpress.com/" rel="nofollow">260</a></td>
<td class="views">1</td>
<td class="more">More</td>
</tr>
<tr class="alternate">
<td class="label"><a href="http://wpthemetestdata.wordpress.com/archives/" rel="nofollow">Archives</a></td>
<td class="views">1</td>
<td class="more">More</td>
</tr>
<tr>
<td class="label"><a href="http://wpthemetestdata.wordpress.com/" rel="nofollow">235</a></td>
<td class="views">1</td>
<td class="more">More</td>
</tr>
</tbody>
</table>
<h2>List Type Tests</h2>
<h3>Definition List</h3>
<dl> <dt>Definition List Title</dt> <dd>This is a definition list division.</dd> <dt>Definition</dt> <dd>An exact statement or description of the nature, scope, or meaning of something: <em>our definition of what constitutes poetry.</em></dd> <dt>Gallery</dt> <dd>A feature introduced with WordPress 2.5, that is specifically an exposition of images attached to a post. In that same vein, an upload is "attached to a post" when you upload it while editing a post.</dd> <dt>Gravatar</dt> <dd>A globally recognized avatar (a graphic image or picture that represents a user). A gravatar is associated with an email address, and is maintained by the Gravatar.com service. Using this service, a blog owner can configure their blog so that a user's gravatar is displayed along with their comments.</dd> </dl>
<h3>Unordered List (Nested)</h3>
<ul>
	<li>List item one
<ul>
	<li>List item one
<ul>
	<li>List item one</li>
	<li>List item two</li>
	<li>List item three</li>
	<li>List item four</li>
</ul>
</li>
	<li>List item two</li>
	<li>List item three</li>
	<li>List item four</li>
</ul>
</li>
	<li>List item two</li>
	<li>List item three</li>
	<li>List item four</li>
</ul>
<h3>Ordered List</h3>
<ol>
	<li>List item one
<ol>
	<li>List item one
<ol>
	<li>List item one</li>
	<li>List item two</li>
	<li>List item three</li>
	<li>List item four</li>
</ol>
</li>
	<li>List item two</li>
	<li>List item three</li>
	<li>List item four</li>
</ol>
</li>
	<li>List item two</li>
	<li>List item three</li>
	<li>List item four</li>
</ol>
<h2>HTML Element Tag Tests</h2>
All other HTML tags listed in the <a href="http://en.support.wordpress.com/code/" rel="nofollow">FAQ</a>:

Here is the address for Automattic, using the <code>&lt;address&gt;</code> tag:

<address>355 1st Street Suite 202
San Francisco, CA 94105
United States</address>This is an example of <a href="http://example.com" rel="nofollow">an <code>&lt;anchor&gt;</code></a> (otherwise known as a link). This <abbr title="abbreviation">abbr.</abbr> is an example of an &lt;abbr&gt; tag in the middle of a sentence. Here is a <acronym title="three-letter acronym">TLA</acronym> showing off the <code>&lt;acronym&gt;</code> tag. What, you want to see <big>some over-sized text</big> using the <code>&lt;big&gt;</code> tag? Can you <cite>cite a reference</cite> for that, using the <code>&lt;cite&gt;</code> tag? Have you noticed that all of the tag names are displayed <code>in code-form</code>, using the <code>&lt;code&gt;</code> tag? Similarly, I could <kbd>emulate keyboard text</kbd>, using the <code>&lt;kbd&gt;</code> text tag, or <tt>emulate teletype text</tt> using the <code>&lt;tt&gt;</code> tag.

Oh no! I wrote something incorrectly. <del>I'd better delete it</del>, using the <code>&lt;del&gt;</code> tag. I could alternately <span style="text-decoration:line-through;">strike something out</span> using the <code>&lt;strike&gt;</code> tag, or strike something out using the <code>&lt;s&gt;</code> tag. <em>So many choices</em>, which I emphasize using the <code>&lt;em&gt;</code> tag. Just to clarify, <ins>this is some inserted text</ins>, that I'll highlight using the <code>&lt;ins&gt;</code> tag.

Need to display completely unformatted text, such as a large block of code? Use the <code>&lt;pre&gt;</code> tag, which lets you display:
<pre>#container {
	float: left;
	margin: 0 -240px 0 0;
	width: 100%;
}</pre>
Want to quote the WordPress tagline <q>Code is Poetry</q>? Use the <code>&lt;q&gt;</code> tag to add quotes around it. <strong>This is strong text</strong> (otherwise known as bold), using the <code>&lt;strong&gt;</code> tag.

Need to write H<sub>2</sub>O or E = MC<sup>2</sup>? You may find great use for <sub>subscripting</sub> text using the <code>&lt;sub&gt;</code> tag, or for <sup>superscripting</sup> text using the <code>&lt;sup&gt;</code> tag. Need to call out a <var>variable</var>? Use the <code>&lt;var&gt;</code> tag.
<h2>Div and Span Tests</h2>
<div>

Lorem ipsum dolor sit amet, consectetuer adipiscing elit.
<div class="myclass"><strong>This is a div with "myclass" class, inside of another div, using the <code>&lt;div&gt;</code> tag.</strong></div>
Sed odio nibh, tincidunt adipiscing, pretium nec, tincidunt id, enim. Fusce scelerisque nunc vitae nisl.

</div>
Lorem ipsum dolor sit amet, consectetuer adipiscing elit. <span><strong>This is a span inside of a paragraph, using the <code>&lt;span&gt;</code> tag.</strong></span> Sed odio nibh, tincidunt adipiscing, pretium nec, tincidunt id, enim. Fusce scelerisque nunc vitae nisl.]]></wp:comment_content>
		<wp:comment_approved>1</wp:comment_approved>
		<wp:comment_type></wp:comment_type>
		<wp:comment_parent>0</wp:comment_parent>
		<wp:comment_user_id>0</wp:comment_user_id>
		</wp:comment>
				<wp:comment>
		<wp:comment_id>179</wp:comment_id>
		<wp:comment_author><![CDATA[Lloyd Budd]]></wp:comment_author>
		<wp:comment_author_email>foolswisdom@gmail.com</wp:comment_author_email>
		<wp:comment_author_url>http://foolswisdom.com</wp:comment_author_url>
		<wp:comment_author_IP>24.68.153.74</wp:comment_author_IP>
		<wp:comment_date>2007-09-04 10:23:10</wp:comment_date>
		<wp:comment_date_gmt>2007-09-04 00:23:10</wp:comment_date_gmt>
		<wp:comment_content><![CDATA[Another test]]></wp:comment_content>
		<wp:comment_approved>1</wp:comment_approved>
		<wp:comment_type></wp:comment_type>
		<wp:comment_parent>0</wp:comment_parent>
		<wp:comment_user_id>0</wp:comment_user_id>
		</wp:comment>
				<wp:comment>
		<wp:comment_id>180</wp:comment_id>
		<wp:comment_author><![CDATA[tellyworthtest1]]></wp:comment_author>
		<wp:comment_author_email>tellyworth+test1@gmail.com</wp:comment_author_email>
		<wp:comment_author_url></wp:comment_author_url>
		<wp:comment_author_IP>59.167.157.3</wp:comment_author_IP>
		<wp:comment_date>2007-09-04 10:35:33</wp:comment_date>
		<wp:comment_date_gmt>2007-09-04 00:35:33</wp:comment_date_gmt>
		<wp:comment_content><![CDATA[I'm logged in but I don't have a blog.]]></wp:comment_content>
		<wp:comment_approved>1</wp:comment_approved>
		<wp:comment_type></wp:comment_type>
		<wp:comment_parent>0</wp:comment_parent>
		<wp:comment_user_id>0</wp:comment_user_id>
		</wp:comment>
				<wp:comment>
		<wp:comment_id>181</wp:comment_id>
		<wp:comment_author><![CDATA[tellyworthtest2]]></wp:comment_author>
		<wp:comment_author_email>tellyworth+test2@gmail.com</wp:comment_author_email>
		<wp:comment_author_url></wp:comment_author_url>
		<wp:comment_author_IP>59.167.157.3</wp:comment_author_IP>
		<wp:comment_date>2007-09-04 10:45:21</wp:comment_date>
		<wp:comment_date_gmt>2007-09-04 00:45:21</wp:comment_date_gmt>
		<wp:comment_content><![CDATA[I'm a contributor to this blog.]]></wp:comment_content>
		<wp:comment_approved>1</wp:comment_approved>
		<wp:comment_type></wp:comment_type>
		<wp:comment_parent>0</wp:comment_parent>
		<wp:comment_user_id>0</wp:comment_user_id>
		</wp:comment>
				<wp:comment>
		<wp:comment_id>182</wp:comment_id>
		<wp:comment_author><![CDATA[test test]]></wp:comment_author>
		<wp:comment_author_email></wp:comment_author_email>
		<wp:comment_author_url>http://tellyworthtest.wordpress.com/2007/10/15/ping-test-2/</wp:comment_author_url>
		<wp:comment_author_IP>72.232.101.12</wp:comment_author_IP>
		<wp:comment_date>2007-09-04 11:04:01</wp:comment_date>
		<wp:comment_date_gmt>2007-09-04 01:04:01</wp:comment_date_gmt>
		<wp:comment_content><![CDATA[<strong>Ping test&nbsp;2</strong>

Let&#8217;s try that again.  I guess I have to do this the hard way.
...]]></wp:comment_content>
		<wp:comment_approved>1</wp:comment_approved>
		<wp:comment_type>trackback</wp:comment_type>
		<wp:comment_parent>0</wp:comment_parent>
		<wp:comment_user_id>0</wp:comment_user_id>
		</wp:comment>
				<wp:comment>
		<wp:comment_id>183</wp:comment_id>
		<wp:comment_author><![CDATA[Alex Shiels]]></wp:comment_author>
		<wp:comment_author_email>tellyworth@gmail.com</wp:comment_author_email>
		<wp:comment_author_url>http://flightpath.wordpress.com/</wp:comment_author_url>
		<wp:comment_author_IP>59.167.157.3</wp:comment_author_IP>
		<wp:comment_date>2007-09-04 13:26:26</wp:comment_date>
		<wp:comment_date_gmt>2007-09-04 03:26:26</wp:comment_date_gmt>
		<wp:comment_content><![CDATA[Here's a comment with a <a href="http://example.com/" rel="nofollow">link</a>.]]></wp:comment_content>
		<wp:comment_approved>1</wp:comment_approved>
		<wp:comment_type></wp:comment_type>
		<wp:comment_parent>0</wp:comment_parent>
		<wp:comment_user_id>0</wp:comment_user_id>
		</wp:comment>
			</item>
		<item>
		<title>Test with secret password</title>
		<link>http://wpthemetestdata.wordpress.com/2008/04/04/test-with-secret-password/</link>
		<pubDate>Fri, 04 Apr 2008 16:38:05 +0000</pubDate>
		<dc:creator><![CDATA[Chip Bennett]]></dc:creator>

		<category><![CDATA[Uncategorized]]></category>

		<category domain="category" nicename="uncategorized"><![CDATA[Uncategorized]]></category>

		<guid isPermaLink="false">http://wpthemetestdata.wordpress.com/2007/09/04/test-with-secret-password/</guid>
		<description></description>
		<content:encoded><![CDATA[The password is secret.]]></content:encoded>
		<excerpt:encoded><![CDATA[]]></excerpt:encoded>
		<wp:post_id>131</wp:post_id>
		<wp:post_date>2008-04-04 09:38:05</wp:post_date>
		<wp:post_date_gmt>2008-04-04 16:38:05</wp:post_date_gmt>
		<wp:comment_status>closed</wp:comment_status>
		<wp:ping_status>closed</wp:ping_status>
		<wp:post_name>test-with-secret-password</wp:post_name>
		<wp:status>publish</wp:status>
		<wp:post_parent>0</wp:post_parent>
		<wp:menu_order>0</wp:menu_order>
		<wp:post_type>post</wp:post_type>
		<wp:post_password>secret</wp:post_password>
		<wp:is_sticky>0</wp:is_sticky>
		</item>
		<item>
		<title>Many Tags</title>
		<link>http://wpthemetestdata.wordpress.com/2008/05/02/many-tags/</link>
		<pubDate>Fri, 02 May 2008 13:09:34 +0000</pubDate>
		<dc:creator><![CDATA[Chip Bennett]]></dc:creator>

		<category domain="tag"><![CDATA[chattels]]></category>

		<category domain="tag" nicename="chattels"><![CDATA[chattels]]></category>

		<category domain="tag"><![CDATA[cienaga]]></category>

		<category domain="tag" nicename="cienaga"><![CDATA[cienaga]]></category>

		<category domain="tag"><![CDATA[claycold]]></category>

		<category domain="tag" nicename="claycold"><![CDATA[claycold]]></category>

		<category domain="tag"><![CDATA[crushing]]></category>

		<category domain="tag" nicename="crushing"><![CDATA[crushing]]></category>

		<category domain="tag"><![CDATA[dinarchy]]></category>

		<category domain="tag" nicename="dinarchy"><![CDATA[dinarchy]]></category>

		<category domain="tag"><![CDATA[doolie]]></category>

		<category domain="tag" nicename="doolie"><![CDATA[doolie]]></category>

		<category domain="tag"><![CDATA[energumen]]></category>

		<category domain="tag" nicename="energumen"><![CDATA[energumen]]></category>

		<category domain="tag"><![CDATA[ephialtes]]></category>

		<category domain="tag" nicename="ephialtes"><![CDATA[ephialtes]]></category>

		<category domain="tag"><![CDATA[eudiometer]]></category>

		<category domain="tag" nicename="eudiometer"><![CDATA[eudiometer]]></category>

		<category domain="tag"><![CDATA[figuriste]]></category>

		<category domain="tag" nicename="figuriste"><![CDATA[figuriste]]></category>

		<category domain="tag"><![CDATA[habergeon]]></category>

		<category domain="tag" nicename="habergeon"><![CDATA[habergeon]]></category>

		<category domain="tag"><![CDATA[hapless]]></category>

		<category domain="tag" nicename="hapless"><![CDATA[hapless]]></category>

		<category domain="tag"><![CDATA[hartshorn]]></category>

		<category domain="tag" nicename="hartshorn"><![CDATA[hartshorn]]></category>

		<category domain="tag"><![CDATA[hostility impregnability]]></category>

		<category domain="tag" nicename="hostility-impregnability"><![CDATA[hostility impregnability]]></category>

		<category domain="tag"><![CDATA[impropriation]]></category>

		<category domain="tag" nicename="impropriation"><![CDATA[impropriation]]></category>

		<category domain="tag"><![CDATA[knave]]></category>

		<category domain="tag" nicename="knave"><![CDATA[knave]]></category>

		<category domain="tag"><![CDATA[misinformed]]></category>

		<category domain="tag" nicename="misinformed"><![CDATA[misinformed]]></category>

		<category domain="tag"><![CDATA[moil]]></category>

		<category domain="tag" nicename="moil"><![CDATA[moil]]></category>

		<category domain="tag"><![CDATA[mornful]]></category>

		<category domain="tag" nicename="mornful"><![CDATA[mornful]]></category>

		<category domain="tag"><![CDATA[outlaw]]></category>

		<category domain="tag" nicename="outlaw"><![CDATA[outlaw]]></category>

		<category domain="tag"><![CDATA[pamphjlet]]></category>

		<category domain="tag" nicename="pamphjlet"><![CDATA[pamphjlet]]></category>

		<category domain="tag"><![CDATA[pneumatics]]></category>

		<category domain="tag" nicename="pneumatics"><![CDATA[pneumatics]]></category>

		<category domain="tag"><![CDATA[portly portreeve]]></category>

		<category domain="tag" nicename="portly-portreeve"><![CDATA[portly portreeve]]></category>

		<category domain="tag"><![CDATA[precipitancy]]></category>

		<category domain="tag" nicename="precipitancy"><![CDATA[precipitancy]]></category>

		<category domain="tag"><![CDATA[privation]]></category>

		<category domain="tag" nicename="privation"><![CDATA[privation]]></category>

		<category domain="tag"><![CDATA[programme]]></category>

		<category domain="tag" nicename="programme"><![CDATA[programme]]></category>

		<category domain="tag"><![CDATA[psychological]]></category>

		<category domain="tag" nicename="psychological"><![CDATA[psychological]]></category>

		<category domain="tag"><![CDATA[puncher]]></category>

		<category domain="tag" nicename="puncher"><![CDATA[puncher]]></category>

		<category domain="tag"><![CDATA[ramose]]></category>

		<category domain="tag" nicename="ramose"><![CDATA[ramose]]></category>

		<category domain="tag"><![CDATA[renegade]]></category>

		<category domain="tag" nicename="renegade"><![CDATA[renegade]]></category>

		<category domain="tag"><![CDATA[retrocede]]></category>

		<category domain="tag" nicename="retrocede"><![CDATA[retrocede]]></category>

		<category domain="tag"><![CDATA[stagnation unhorsed]]></category>

		<category domain="tag" nicename="stagnation-unhorsed"><![CDATA[stagnation unhorsed]]></category>

		<category domain="tag"><![CDATA[thunderheaded]]></category>

		<category domain="tag" nicename="thunderheaded"><![CDATA[thunderheaded]]></category>

		<category><![CDATA[Uncategorized]]></category>

		<category domain="category" nicename="uncategorized"><![CDATA[Uncategorized]]></category>

		<category domain="tag"><![CDATA[unculpable]]></category>

		<category domain="tag" nicename="unculpable"><![CDATA[unculpable]]></category>

		<category domain="tag"><![CDATA[withered brandnew]]></category>

		<category domain="tag" nicename="withered-brandnew"><![CDATA[withered brandnew]]></category>

		<category domain="tag"><![CDATA[xanthopsia]]></category>

		<category domain="tag" nicename="xanthopsia"><![CDATA[xanthopsia]]></category>

		<guid isPermaLink="false">http://wpthemetestdata.wordpress.com/2007/11/24/many-tags/</guid>
		<description></description>
		<content:encoded><![CDATA[This post has far too many tags.]]></content:encoded>
		<excerpt:encoded><![CDATA[]]></excerpt:encoded>
		<wp:post_id>167</wp:post_id>
		<wp:post_date>2008-05-02 06:09:34</wp:post_date>
		<wp:post_date_gmt>2008-05-02 13:09:34</wp:post_date_gmt>
		<wp:comment_status>closed</wp:comment_status>
		<wp:ping_status>closed</wp:ping_status>
		<wp:post_name>many-tags</wp:post_name>
		<wp:status>publish</wp:status>
		<wp:post_parent>0</wp:post_parent>
		<wp:menu_order>0</wp:menu_order>
		<wp:post_type>post</wp:post_type>
		<wp:post_password></wp:post_password>
		<wp:is_sticky>0</wp:is_sticky>
		</item>
		<item>
		<title>Many Categories</title>
		<link>http://wpthemetestdata.wordpress.com/2008/05/03/many-categories/</link>
		<pubDate>Sat, 03 May 2008 13:19:03 +0000</pubDate>
		<dc:creator><![CDATA[Chip Bennett]]></dc:creator>

		<category><![CDATA[aciform]]></category>

		<category domain="category" nicename="aciform"><![CDATA[aciform]]></category>

		<category><![CDATA[antiquarianism]]></category>

		<category domain="category" nicename="antiquarianism"><![CDATA[antiquarianism]]></category>

		<category><![CDATA[arrangement]]></category>

		<category domain="category" nicename="arrangement"><![CDATA[arrangement]]></category>

		<category><![CDATA[asmodeus]]></category>

		<category domain="category" nicename="asmodeus"><![CDATA[asmodeus]]></category>

		<category><![CDATA[broder]]></category>

		<category domain="category" nicename="broder"><![CDATA[broder]]></category>

		<category><![CDATA[buying]]></category>

		<category domain="category" nicename="buying"><![CDATA[buying]]></category>

		<category><![CDATA[championship]]></category>

		<category domain="category" nicename="championship"><![CDATA[championship]]></category>

		<category><![CDATA[chastening]]></category>

		<category domain="category" nicename="chastening"><![CDATA[chastening]]></category>

		<category><![CDATA[clerkship]]></category>

		<category domain="category" nicename="clerkship"><![CDATA[clerkship]]></category>

		<category><![CDATA[disinclination]]></category>

		<category domain="category" nicename="disinclination"><![CDATA[disinclination]]></category>

		<category><![CDATA[disinfection]]></category>

		<category domain="category" nicename="disinfection"><![CDATA[disinfection]]></category>

		<category><![CDATA[dispatch]]></category>

		<category domain="category" nicename="dispatch"><![CDATA[dispatch]]></category>

		<category><![CDATA[echappee]]></category>

		<category domain="category" nicename="echappee"><![CDATA[echappee]]></category>

		<category><![CDATA[enphagy]]></category>

		<category domain="category" nicename="enphagy"><![CDATA[enphagy]]></category>

		<category><![CDATA[equipollent]]></category>

		<category domain="category" nicename="equipollent"><![CDATA[equipollent]]></category>

		<category><![CDATA[fatuity]]></category>

		<category domain="category" nicename="fatuity"><![CDATA[fatuity]]></category>

		<category><![CDATA[gaberlunzie]]></category>

		<category domain="category" nicename="gaberlunzie"><![CDATA[gaberlunzie]]></category>

		<category><![CDATA[illtempered]]></category>

		<category domain="category" nicename="illtempered"><![CDATA[illtempered]]></category>

		<category><![CDATA[insubordination]]></category>

		<category domain="category" nicename="insubordination"><![CDATA[insubordination]]></category>

		<category><![CDATA[lender]]></category>

		<category domain="category" nicename="lender"><![CDATA[lender]]></category>

		<category><![CDATA[monosyllable]]></category>

		<category domain="category" nicename="monosyllable"><![CDATA[monosyllable]]></category>

		<category><![CDATA[packthread]]></category>

		<category domain="category" nicename="packthread"><![CDATA[packthread]]></category>

		<category><![CDATA[palter]]></category>

		<category domain="category" nicename="palter"><![CDATA[palter]]></category>

		<category><![CDATA[papilionaceous]]></category>

		<category domain="category" nicename="papilionaceous"><![CDATA[papilionaceous]]></category>

		<category><![CDATA[personable]]></category>

		<category domain="category" nicename="personable"><![CDATA[personable]]></category>

		<category><![CDATA[propylaeum]]></category>

		<category domain="category" nicename="propylaeum"><![CDATA[propylaeum]]></category>

		<category><![CDATA[pustule]]></category>

		<category domain="category" nicename="pustule"><![CDATA[pustule]]></category>

		<category><![CDATA[quartern]]></category>

		<category domain="category" nicename="quartern"><![CDATA[quartern]]></category>

		<category><![CDATA[scholarship]]></category>

		<category domain="category" nicename="scholarship"><![CDATA[scholarship]]></category>

		<category><![CDATA[selfconvicted]]></category>

		<category domain="category" nicename="selfconvicted"><![CDATA[selfconvicted]]></category>

		<category><![CDATA[showshoe]]></category>

		<category domain="category" nicename="showshoe"><![CDATA[showshoe]]></category>

		<category><![CDATA[sloyd]]></category>

		<category domain="category" nicename="sloyd"><![CDATA[sloyd]]></category>

		<category><![CDATA[sublunary]]></category>

		<category domain="category" nicename="sublunary"><![CDATA[sublunary]]></category>

		<category><![CDATA[tamtam]]></category>

		<category domain="category" nicename="tamtam"><![CDATA[tamtam]]></category>

		<category><![CDATA[weakhearted]]></category>

		<category domain="category" nicename="weakhearted"><![CDATA[weakhearted]]></category>

		<category><![CDATA[ween]]></category>

		<category domain="category" nicename="ween"><![CDATA[ween]]></category>

		<category><![CDATA[wellhead]]></category>

		<category domain="category" nicename="wellhead"><![CDATA[wellhead]]></category>

		<category><![CDATA[wellintentioned]]></category>

		<category domain="category" nicename="wellintentioned"><![CDATA[wellintentioned]]></category>

		<category><![CDATA[whetstone]]></category>

		<category domain="category" nicename="whetstone"><![CDATA[whetstone]]></category>

		<category><![CDATA[years]]></category>

		<category domain="category" nicename="years"><![CDATA[years]]></category>

		<guid isPermaLink="false">http://wpthemetestdata.wordpress.com/2007/11/24/many-categories/</guid>
		<description></description>
		<content:encoded><![CDATA[This post has far too many categories.]]></content:encoded>
		<excerpt:encoded><![CDATA[]]></excerpt:encoded>
		<wp:post_id>168</wp:post_id>
		<wp:post_date>2008-05-03 06:19:03</wp:post_date>
		<wp:post_date_gmt>2008-05-03 13:19:03</wp:post_date_gmt>
		<wp:comment_status>closed</wp:comment_status>
		<wp:ping_status>closed</wp:ping_status>
		<wp:post_name>many-categories</wp:post_name>
		<wp:status>publish</wp:status>
		<wp:post_parent>0</wp:post_parent>
		<wp:menu_order>0</wp:menu_order>
		<wp:post_type>post</wp:post_type>
		<wp:post_password></wp:post_password>
		<wp:is_sticky>0</wp:is_sticky>
		</item>
		<item>
		<title></title>
		<link>http://wpthemetestdata.wordpress.com/2008/05/04/14/</link>
		<pubDate>Sun, 04 May 2008 16:39:23 +0000</pubDate>
		<dc:creator><![CDATA[Chip Bennett]]></dc:creator>

		<category><![CDATA[Uncategorized]]></category>

		<category domain="category" nicename="uncategorized"><![CDATA[Uncategorized]]></category>

		<guid isPermaLink="false">http://wpthemetestdata.wordpress.com/2007/09/04/14/</guid>
		<description></description>
		<content:encoded><![CDATA[This Post has no Post Title, but must still display a link to the single-page Post view.]]></content:encoded>
		<excerpt:encoded><![CDATA[]]></excerpt:encoded>
		<wp:post_id>133</wp:post_id>
		<wp:post_date>2008-05-04 09:39:23</wp:post_date>
		<wp:post_date_gmt>2008-05-04 16:39:23</wp:post_date_gmt>
		<wp:comment_status>closed</wp:comment_status>
		<wp:ping_status>closed</wp:ping_status>
		<wp:post_name>14</wp:post_name>
		<wp:status>publish</wp:status>
		<wp:post_parent>0</wp:post_parent>
		<wp:menu_order>0</wp:menu_order>
		<wp:post_type>post</wp:post_type>
		<wp:post_password></wp:post_password>
		<wp:is_sticky>0</wp:is_sticky>
		</item>
		<item>
		<title>This post has no body</title>
		<link>http://wpthemetestdata.wordpress.com/2008/05/05/this-post-has-no-body/</link>
		<pubDate>Mon, 05 May 2008 16:39:56 +0000</pubDate>
		<dc:creator><![CDATA[Chip Bennett]]></dc:creator>

		<category><![CDATA[Uncategorized]]></category>

		<category domain="category" nicename="uncategorized"><![CDATA[Uncategorized]]></category>

		<guid isPermaLink="false">http://wpthemetestdata.wordpress.com/2007/09/04/this-post-has-no-body/</guid>
		<description></description>
		<content:encoded><![CDATA[]]></content:encoded>
		<excerpt:encoded><![CDATA[]]></excerpt:encoded>
		<wp:post_id>134</wp:post_id>
		<wp:post_date>2008-05-05 09:39:56</wp:post_date>
		<wp:post_date_gmt>2008-05-05 16:39:56</wp:post_date_gmt>
		<wp:comment_status>closed</wp:comment_status>
		<wp:ping_status>closed</wp:ping_status>
		<wp:post_name>this-post-has-no-body</wp:post_name>
		<wp:status>publish</wp:status>
		<wp:post_parent>0</wp:post_parent>
		<wp:menu_order>0</wp:menu_order>
		<wp:post_type>post</wp:post_type>
		<wp:post_password></wp:post_password>
		<wp:is_sticky>0</wp:is_sticky>
		</item>
		<item>
		<title>If you say it loud enough, you’ll always sound precocious; Supercalifragilisticexpialidocious!</title>
		<link>http://wpthemetestdata.wordpress.com/2008/05/06/if-you-say-it-loud-enough-you%e2%80%99ll-always-sound-precocious-supercalifragilisticexpialidocious/</link>
		<pubDate>Tue, 06 May 2008 19:23:00 +0000</pubDate>
		<dc:creator><![CDATA[Ian Stewart]]></dc:creator>

		<category><![CDATA[Uncategorized]]></category>

		<category domain="category" nicename="uncategorized"><![CDATA[Uncategorized]]></category>

		<guid isPermaLink="false">http://wpthemetestdata.wordpress.com/?p=494</guid>
		<description></description>
		<content:encoded><![CDATA[A post with an exceptionally long title and single word (supercalifragilisticexpialidocious—it's the biggest word you ever heard) useful for testing title line heights and potential overflow issues on posts with small title areas. :)]]></content:encoded>
		<excerpt:encoded><![CDATA[]]></excerpt:encoded>
		<wp:post_id>494</wp:post_id>
		<wp:post_date>2008-05-06 12:23:00</wp:post_date>
		<wp:post_date_gmt>2008-05-06 19:23:00</wp:post_date_gmt>
		<wp:comment_status>closed</wp:comment_status>
		<wp:ping_status>closed</wp:ping_status>
		<wp:post_name>if-you-say-it-loud-enough-you%e2%80%99ll-always-sound-precocious-supercalifragilisticexpialidocious</wp:post_name>
		<wp:status>publish</wp:status>
		<wp:post_parent>0</wp:post_parent>
		<wp:menu_order>0</wp:menu_order>
		<wp:post_type>post</wp:post_type>
		<wp:post_password></wp:post_password>
		<wp:is_sticky>0</wp:is_sticky>
		</item>
		<item>
		<title>Post Format Test: Audio</title>
		<link>http://wpthemetestdata.wordpress.com/2008/06/02/post-format-test-audio/</link>
		<pubDate>Mon, 02 Jun 2008 15:36:44 +0000</pubDate>
		<dc:creator><![CDATA[Chip Bennett]]></dc:creator>

		<category domain="tag"><![CDATA[Post Formats]]></category>

		<category domain="tag" nicename="post-formats"><![CDATA[Post Formats]]></category>

		<category><![CDATA[Uncategorized]]></category>

		<category domain="category" nicename="uncategorized"><![CDATA[Uncategorized]]></category>

		<guid isPermaLink="false">http://wpthemetestdata.wordpress.com/?p=587</guid>
		<description></description>
		<content:encoded><![CDATA[<a href='http://wpthemetestdata.files.wordpress.com/2008/06/hayseedrag-thedizzytrio_vbr1.mp3'>Hayseed Rag – The Dizzy Trio</a>]]></content:encoded>
		<excerpt:encoded><![CDATA[]]></excerpt:encoded>
		<wp:post_id>587</wp:post_id>
		<wp:post_date>2008-06-02 08:36:44</wp:post_date>
		<wp:post_date_gmt>2008-06-02 15:36:44</wp:post_date_gmt>
		<wp:comment_status>closed</wp:comment_status>
		<wp:ping_status>closed</wp:ping_status>
		<wp:post_name>post-format-test-audio</wp:post_name>
		<wp:status>publish</wp:status>
		<wp:post_parent>0</wp:post_parent>
		<wp:menu_order>0</wp:menu_order>
		<wp:post_type>post</wp:post_type>
		<wp:post_password></wp:post_password>
		<wp:is_sticky>0</wp:is_sticky>
				<wp:postmeta>
		<wp:meta_key>enclosure</wp:meta_key>
		<wp:meta_value><![CDATA[http://wpthemetestdata.files.wordpress.com/2008/06/hayseedrag-thedizzytrio_vbr1.mp3
2506202
audio/mpeg
]]></wp:meta_value>
		</wp:postmeta>
				<wp:postmeta>
		<wp:meta_key>enclosure</wp:meta_key>
		<wp:meta_value><![CDATA[http://wpthemetestdata.files.wordpress.com/2008/06/hayseedrag-thedizzytrio_vbr1.mp3
2506202
audio/mpeg
]]></wp:meta_value>
		</wp:postmeta>
							</item>
		<item>
		<title>Post Format Test: Video</title>
		<link>http://wpthemetestdata.wordpress.com/2008/06/03/post-format-test-video/</link>
		<pubDate>Tue, 03 Jun 2008 15:25:58 +0000</pubDate>
		<dc:creator><![CDATA[Chip Bennett]]></dc:creator>

		<category domain="tag"><![CDATA[Post Formats]]></category>

		<category domain="tag" nicename="post-formats"><![CDATA[Post Formats]]></category>

		<category><![CDATA[Uncategorized]]></category>

		<category domain="category" nicename="uncategorized"><![CDATA[Uncategorized]]></category>

		<guid isPermaLink="false">http://wpthemetestdata.wordpress.com/?p=582</guid>
		<description></description>
		<content:encoded><![CDATA[http://wordpress.tv/2009/03/16/anatomy-of-a-wordpress-theme-exploring-the-files-behind-your-theme/

Posted as per the <a href="http://codex.wordpress.org/Embeds" target="_blank">instructions in the Codex</a>.]]></content:encoded>
		<excerpt:encoded><![CDATA[]]></excerpt:encoded>
		<wp:post_id>582</wp:post_id>
		<wp:post_date>2008-06-03 08:25:58</wp:post_date>
		<wp:post_date_gmt>2008-06-03 15:25:58</wp:post_date_gmt>
		<wp:comment_status>closed</wp:comment_status>
		<wp:ping_status>closed</wp:ping_status>
		<wp:post_name>post-format-test-video</wp:post_name>
		<wp:status>publish</wp:status>
		<wp:post_parent>0</wp:post_parent>
		<wp:menu_order>0</wp:menu_order>
		<wp:post_type>post</wp:post_type>
		<wp:post_password></wp:post_password>
		<wp:is_sticky>0</wp:is_sticky>
				<wp:postmeta>
		<wp:meta_key>_oembed_5884b81ab22f735e67279fcd68ee01e2</wp:meta_key>
		<wp:meta_value><![CDATA[<embed src="http://v.wordpress.com/hrPKeL5t" type="application/x-shockwave-flash" width="500" height="281" allowscriptaccess="always" allowfullscreen="true" wmode="transparent"></embed>]]></wp:meta_value>
		</wp:postmeta>
				<wp:postmeta>
		<wp:meta_key>_oembed_ad4968969086c2df8c8c84404c7c222a</wp:meta_key>
		<wp:meta_value><![CDATA[<embed src="http://v.wordpress.com/hrPKeL5t" type="application/x-shockwave-flash" width="640" height="360" allowscriptaccess="always" allowfullscreen="true" wmode="transparent"></embed>]]></wp:meta_value>
		</wp:postmeta>
							</item>
		<item>
		<title>Post Format Test: Status</title>
		<link>http://wpthemetestdata.wordpress.com/2008/06/04/post-format-test-status/</link>
		<pubDate>Wed, 04 Jun 2008 15:21:24 +0000</pubDate>
		<dc:creator><![CDATA[Chip Bennett]]></dc:creator>

		<category domain="tag"><![CDATA[Post Formats]]></category>

		<category domain="tag" nicename="post-formats"><![CDATA[Post Formats]]></category>

		<category><![CDATA[Uncategorized]]></category>

		<category domain="category" nicename="uncategorized"><![CDATA[Uncategorized]]></category>

		<guid isPermaLink="false">http://wpthemetestdata.wordpress.com/?p=579</guid>
		<description></description>
		<content:encoded><![CDATA[WordPress, how do I love thee? Let me count the ways (in 140 characters or less).]]></content:encoded>
		<excerpt:encoded><![CDATA[]]></excerpt:encoded>
		<wp:post_id>579</wp:post_id>
		<wp:post_date>2008-06-04 08:21:24</wp:post_date>
		<wp:post_date_gmt>2008-06-04 15:21:24</wp:post_date_gmt>
		<wp:comment_status>closed</wp:comment_status>
		<wp:ping_status>closed</wp:ping_status>
		<wp:post_name>post-format-test-status</wp:post_name>
		<wp:status>publish</wp:status>
		<wp:post_parent>0</wp:post_parent>
		<wp:menu_order>0</wp:menu_order>
		<wp:post_type>post</wp:post_type>
		<wp:post_password></wp:post_password>
		<wp:is_sticky>0</wp:is_sticky>
		</item>
		<item>
		<title>Post Format Test: Quote</title>
		<link>http://wpthemetestdata.wordpress.com/2008/06/05/post-format-test-quote/</link>
		<pubDate>Thu, 05 Jun 2008 15:13:15 +0000</pubDate>
		<dc:creator><![CDATA[Chip Bennett]]></dc:creator>

		<category domain="tag"><![CDATA[Post Formats]]></category>

		<category domain="tag" nicename="post-formats"><![CDATA[Post Formats]]></category>

		<category><![CDATA[Uncategorized]]></category>

		<category domain="category" nicename="uncategorized"><![CDATA[Uncategorized]]></category>

		<guid isPermaLink="false">http://wpthemetestdata.wordpress.com/?p=575</guid>
		<description></description>
		<content:encoded><![CDATA[<blockquote>Only one thing is impossible for God: To find any sense in any copyright law on the planet.
<cite><a href="http://www.brainyquote.com/quotes/quotes/m/marktwain163473.html">Mark Twain</a></cite></blockquote>]]></content:encoded>
		<excerpt:encoded><![CDATA[]]></excerpt:encoded>
		<wp:post_id>575</wp:post_id>
		<wp:post_date>2008-06-05 08:13:15</wp:post_date>
		<wp:post_date_gmt>2008-06-05 15:13:15</wp:post_date_gmt>
		<wp:comment_status>closed</wp:comment_status>
		<wp:ping_status>closed</wp:ping_status>
		<wp:post_name>post-format-test-quote</wp:post_name>
		<wp:status>publish</wp:status>
		<wp:post_parent>0</wp:post_parent>
		<wp:menu_order>0</wp:menu_order>
		<wp:post_type>post</wp:post_type>
		<wp:post_password></wp:post_password>
		<wp:is_sticky>0</wp:is_sticky>
							</item>
		<item>
		<title>Post Format Test: Image (Linked)</title>
		<link>http://wpthemetestdata.wordpress.com/2008/06/06/post-format-test-image-linked/</link>
		<pubDate>Fri, 06 Jun 2008 15:09:39 +0000</pubDate>
		<dc:creator><![CDATA[Chip Bennett]]></dc:creator>

		<category domain="tag"><![CDATA[Post Formats]]></category>

		<category domain="tag" nicename="post-formats"><![CDATA[Post Formats]]></category>

		<category><![CDATA[Uncategorized]]></category>

		<category domain="category" nicename="uncategorized"><![CDATA[Uncategorized]]></category>

		<guid isPermaLink="false">http://wpthemetestdata.wordpress.com/?p=568</guid>
		<description></description>
		<content:encoded><![CDATA[[caption id="attachment_612" align="aligncenter" width="640" caption="Chunk of resinous blackboy husk, Clarkson, Western Australia. This burns like a spinifex log."]<a href="http://wpthemetestdata.files.wordpress.com/2012/06/dsc20040724_152504_532.jpg"><img src="http://wpthemetestdata.files.wordpress.com/2012/06/dsc20040724_152504_532.jpg" alt="chunk of resinous blackboy husk" title="dsc20040724_152504_532" width="640" height="480" class="size-full wp-image-612" /></a>[/caption]
]]></content:encoded>
		<excerpt:encoded><![CDATA[]]></excerpt:encoded>
		<wp:post_id>568</wp:post_id>
		<wp:post_date>2008-06-06 08:09:39</wp:post_date>
		<wp:post_date_gmt>2008-06-06 15:09:39</wp:post_date_gmt>
		<wp:comment_status>closed</wp:comment_status>
		<wp:ping_status>closed</wp:ping_status>
		<wp:post_name>post-format-test-image-linked</wp:post_name>
		<wp:status>publish</wp:status>
		<wp:post_parent>0</wp:post_parent>
		<wp:menu_order>0</wp:menu_order>
		<wp:post_type>post</wp:post_type>
		<wp:post_password></wp:post_password>
		<wp:is_sticky>0</wp:is_sticky>
								<wp:postmeta>
		<wp:meta_key>_wp_old_slug</wp:meta_key>
		<wp:meta_value><![CDATA[post-format-test-image]]></wp:meta_value>
		</wp:postmeta>
							</item>
		<item>
		<title>Post Format Test: Image (Attached)</title>
		<link>http://wpthemetestdata.wordpress.com/2008/06/06/post-format-test-image-attached/</link>
		<pubDate>Fri, 06 Jun 2008 16:42:19 +0000</pubDate>
		<dc:creator><![CDATA[Chip Bennett]]></dc:creator>

		<category domain="tag"><![CDATA[Post Formats]]></category>

		<category domain="tag" nicename="post-formats"><![CDATA[Post Formats]]></category>

		<category><![CDATA[Uncategorized]]></category>

		<category domain="category" nicename="uncategorized"><![CDATA[Uncategorized]]></category>

		<guid isPermaLink="false">http://wpthemetestdata.wordpress.com/?p=674</guid>
		<description></description>
		<content:encoded><![CDATA[[caption id="attachment_675" align="aligncenter" width="435" caption="A picture is worth a thousand words"]<a href="http://wpthemetestdata.wordpress.com/2008/06/06/post-format-test-image-attached/boat-2/" rel="attachment wp-att-675"><img src="http://wpthemetestdata.files.wordpress.com/2011/01/boat.jpg" alt="boat" title="boat" width="435" height="288" class="size-full wp-image-675" /></a>[/caption] ]]></content:encoded>
		<excerpt:encoded><![CDATA[]]></excerpt:encoded>
		<wp:post_id>674</wp:post_id>
		<wp:post_date>2008-06-06 09:42:19</wp:post_date>
		<wp:post_date_gmt>2008-06-06 16:42:19</wp:post_date_gmt>
		<wp:comment_status>closed</wp:comment_status>
		<wp:ping_status>closed</wp:ping_status>
		<wp:post_name>post-format-test-image-attached</wp:post_name>
		<wp:status>publish</wp:status>
		<wp:post_parent>0</wp:post_parent>
		<wp:menu_order>0</wp:menu_order>
		<wp:post_type>post</wp:post_type>
		<wp:post_password></wp:post_password>
		<wp:is_sticky>0</wp:is_sticky>
							</item>
		<item>
		<title>Post Format Test: Link</title>
		<link>http://wpthemetestdata.wordpress.com/2008/06/07/post-format-test-link/</link>
		<pubDate>Sat, 07 Jun 2008 15:06:53 +0000</pubDate>
		<dc:creator><![CDATA[Chip Bennett]]></dc:creator>

		<category domain="tag"><![CDATA[Post Formats]]></category>

		<category domain="tag" nicename="post-formats"><![CDATA[Post Formats]]></category>

		<category><![CDATA[Uncategorized]]></category>

		<category domain="category" nicename="uncategorized"><![CDATA[Uncategorized]]></category>

		<guid isPermaLink="false">http://wpthemetestdata.wordpress.com/?p=565</guid>
		<description></description>
		<content:encoded><![CDATA[<a href="http://make.wordpress.org/themes" title="The WordPress Theme Review Team Website">The WordPress Theme Review Team Website</a>]]></content:encoded>
		<excerpt:encoded><![CDATA[]]></excerpt:encoded>
		<wp:post_id>565</wp:post_id>
		<wp:post_date>2008-06-07 08:06:53</wp:post_date>
		<wp:post_date_gmt>2008-06-07 15:06:53</wp:post_date_gmt>
		<wp:comment_status>closed</wp:comment_status>
		<wp:ping_status>closed</wp:ping_status>
		<wp:post_name>post-format-test-link</wp:post_name>
		<wp:status>publish</wp:status>
		<wp:post_parent>0</wp:post_parent>
		<wp:menu_order>0</wp:menu_order>
		<wp:post_type>post</wp:post_type>
		<wp:post_password></wp:post_password>
		<wp:is_sticky>0</wp:is_sticky>
							</item>
		<item>
		<title>Post Format Test: Chat</title>
		<link>http://wpthemetestdata.wordpress.com/2008/06/08/post-format-test-chat/</link>
		<pubDate>Sun, 08 Jun 2008 14:59:31 +0000</pubDate>
		<dc:creator><![CDATA[Chip Bennett]]></dc:creator>

		<category domain="tag"><![CDATA[Post Formats]]></category>

		<category domain="tag" nicename="post-formats"><![CDATA[Post Formats]]></category>

		<category><![CDATA[Uncategorized]]></category>

		<category domain="category" nicename="uncategorized"><![CDATA[Uncategorized]]></category>

		<guid isPermaLink="false">http://wpthemetestdata.wordpress.com/?p=562</guid>
		<description></description>
		<content:encoded><![CDATA[John: foo
Mary: bar
John: foo 2]]></content:encoded>
		<excerpt:encoded><![CDATA[]]></excerpt:encoded>
		<wp:post_id>562</wp:post_id>
		<wp:post_date>2008-06-08 07:59:31</wp:post_date>
		<wp:post_date_gmt>2008-06-08 14:59:31</wp:post_date_gmt>
		<wp:comment_status>closed</wp:comment_status>
		<wp:ping_status>closed</wp:ping_status>
		<wp:post_name>post-format-test-chat</wp:post_name>
		<wp:status>publish</wp:status>
		<wp:post_parent>0</wp:post_parent>
		<wp:menu_order>0</wp:menu_order>
		<wp:post_type>post</wp:post_type>
		<wp:post_password></wp:post_password>
		<wp:is_sticky>0</wp:is_sticky>
							</item>
		<item>
		<title>Post Format Test: Aside</title>
		<link>http://wpthemetestdata.wordpress.com/2008/06/09/post-format-test-aside/</link>
		<pubDate>Mon, 09 Jun 2008 14:51:54 +0000</pubDate>
		<dc:creator><![CDATA[Chip Bennett]]></dc:creator>

		<category domain="tag"><![CDATA[Post Formats]]></category>

		<category domain="tag" nicename="post-formats"><![CDATA[Post Formats]]></category>

		<category domain="post_format" nicename="post-format-aside"><![CDATA[Aside]]></category>

		<category><![CDATA[Uncategorized]]></category>

		<category domain="category" nicename="uncategorized"><![CDATA[Uncategorized]]></category>

		<guid isPermaLink="false">http://wpthemetestdata.wordpress.com/?p=559</guid>
		<description></description>
		<content:encoded><![CDATA[“I never tried to prove nothing, just wanted to give a good show. My life has always been my music, it's always come first, but the music ain't worth nothing if you can't lay it on the public. The main thing is to live for that audience, 'cause what you're there for is to please the people.”]]></content:encoded>
		<excerpt:encoded><![CDATA[]]></excerpt:encoded>
		<wp:post_id>559</wp:post_id>
		<wp:post_date>2008-06-09 07:51:54</wp:post_date>
		<wp:post_date_gmt>2008-06-09 14:51:54</wp:post_date_gmt>
		<wp:comment_status>closed</wp:comment_status>
		<wp:ping_status>closed</wp:ping_status>
		<wp:post_name>post-format-test-aside</wp:post_name>
		<wp:status>publish</wp:status>
		<wp:post_parent>0</wp:post_parent>
		<wp:menu_order>0</wp:menu_order>
		<wp:post_type>post</wp:post_type>
		<wp:post_password></wp:post_password>
		<wp:is_sticky>0</wp:is_sticky>
							</item>
		<item>
		<title>Post Format Test: Gallery</title>
		<link>http://wpthemetestdata.wordpress.com/2008/06/10/post-format-test-gallery/</link>
		<pubDate>Tue, 10 Jun 2008 14:24:14 +0000</pubDate>
		<dc:creator><![CDATA[Chip Bennett]]></dc:creator>

		<category domain="tag"><![CDATA[Post Formats]]></category>

		<category domain="tag" nicename="post-formats"><![CDATA[Post Formats]]></category>

		<category domain="post_format" nicename="post-format-gallery"><![CDATA[Gallery]]></category>

		<category><![CDATA[Uncategorized]]></category>

		<category domain="category" nicename="uncategorized"><![CDATA[Uncategorized]]></category>

		<guid isPermaLink="false">http://wpthemetestdata.wordpress.com/?p=555</guid>
		<description></description>
		<content:encoded><![CDATA[[gallery] ]]></content:encoded>
		<excerpt:encoded><![CDATA[]]></excerpt:encoded>
		<wp:post_id>555</wp:post_id>
		<wp:post_date>2008-06-10 07:24:14</wp:post_date>
		<wp:post_date_gmt>2008-06-10 14:24:14</wp:post_date_gmt>
		<wp:comment_status>closed</wp:comment_status>
		<wp:ping_status>closed</wp:ping_status>
		<wp:post_name>post-format-test-gallery</wp:post_name>
		<wp:status>publish</wp:status>
		<wp:post_parent>0</wp:post_parent>
		<wp:menu_order>0</wp:menu_order>
		<wp:post_type>post</wp:post_type>
		<wp:post_password></wp:post_password>
		<wp:is_sticky>0</wp:is_sticky>
							</item>
		<item>
		<title>Images Test</title>
		<link>http://wpthemetestdata.wordpress.com/2008/09/03/images-test/</link>
		<pubDate>Wed, 03 Sep 2008 16:35:23 +0000</pubDate>
		<dc:creator><![CDATA[Chip Bennett]]></dc:creator>

		<category><![CDATA[Uncategorized]]></category>

		<category domain="category" nicename="uncategorized"><![CDATA[Uncategorized]]></category>

		<guid isPermaLink="false">http://wpthemetestdata.wordpress.com/2007/09/04/test-with-wide-image-resized/</guid>
		<description></description>
		<content:encoded><![CDATA[<h2>Image Alignment Tests: Un-Captioned Images</h2>

<h3 id="center-align-no-caption">Center-align, no caption</h3>
Center-aligned image with no caption, and text before and after. <img src="http://wpthemetestdata.files.wordpress.com/2008/09/test-image-landscape.jpg" alt="" title="test-image-landscape" width="300" height="199" class="aligncenter size-full wp-image-535" /> ALorem ipsum dolor sit amet, consectetuer adipiscing elit. Sed odio nibh, tincidunt adipiscing, pretium nec, tincidunt id, enim. Fusce scelerisque nunc vitae nisl. Quisque quis urna in velit dictum pellentesque. Vivamus a quam. Curabitur eu tortor id turpis tristique adipiscing. Morbi blandit. Maecenas vel est. Nunc aliquam, orci at accumsan commodo, libero nibh euismod augue, a ullamcorper velit dui et purus. Aenean volutpat, ipsum ac imperdiet fermentum, dui dui suscipit arcu, vitae dictum purus diam ac ligula.

<h3 id="left-align-no-caption">Left-align, no caption</h3>
Left-aligned image with no caption, and text before and after. <img src="http://wpthemetestdata.files.wordpress.com/2008/09/test-image-landscape.jpg" alt="" title="test-image-landscape" width="300" height="199" class="alignleft size-full wp-image-535" /> Lorem ipsum dolor sit amet, consectetuer adipiscing elit. Sed odio nibh, tincidunt adipiscing, pretium nec, tincidunt id, enim. Fusce scelerisque nunc vitae nisl. Quisque quis urna in velit dictum pellentesque. Vivamus a quam. Curabitur eu tortor id turpis tristique adipiscing. Morbi blandit. Maecenas vel est. Nunc aliquam, orci at accumsan commodo, libero nibh euismod augue, a ullamcorper velit dui et purus. Aenean volutpat, ipsum ac imperdiet fermentum, dui dui suscipit arcu, vitae dictum purus diam ac ligula.

<h3 id="right-align-no-caption">Right-align, no caption</h3>
Right-aligned image with no caption, and text before and after. <img src="http://wpthemetestdata.files.wordpress.com/2008/09/test-image-landscape.jpg" alt="" title="test-image-landscape" width="300" height="199" class="alignright size-full wp-image-535" /> Lorem ipsum dolor sit amet, consectetuer adipiscing elit. Sed odio nibh, tincidunt adipiscing, pretium nec, tincidunt id, enim. Fusce scelerisque nunc vitae nisl. Quisque quis urna in velit dictum pellentesque. Vivamus a quam. Curabitur eu tortor id turpis tristique adipiscing. Morbi blandit. Maecenas vel est. Nunc aliquam, orci at accumsan commodo, libero nibh euismod augue, a ullamcorper velit dui et purus. Aenean volutpat, ipsum ac imperdiet fermentum, dui dui suscipit arcu, vitae dictum purus diam ac ligula.

<h3 id="no-alignment-no-caption">No alignment, no caption</h3>
None-aligned image with no caption, and text before and after. <img src="http://wpthemetestdata.files.wordpress.com/2008/09/test-image-landscape.jpg" alt="" title="test-image-landscape" width="300" height="199" class="alignnone size-full wp-image-535" /> Lorem ipsum dolor sit amet, consectetuer adipiscing elit. Sed odio nibh, tincidunt adipiscing, pretium nec, tincidunt id, enim. Fusce scelerisque nunc vitae nisl. Quisque quis urna in velit dictum pellentesque. Vivamus a quam. Curabitur eu tortor id turpis tristique adipiscing. Morbi blandit. Maecenas vel est. Nunc aliquam, orci at accumsan commodo, libero nibh euismod augue, a ullamcorper velit dui et purus. Aenean volutpat, ipsum ac imperdiet fermentum, dui dui suscipit arcu, vitae dictum purus diam ac ligula.

<!--nextpage-->
<h2>Image Alignment Tests: Captioned Images</h2>
<h3 id="centered-image-with-caption">Center-align with Caption</h3>
Center-aligned image with caption, and text before and after. [caption id="attachment_544" align="aligncenter" width="300" caption="A picture is worth a thousand words"]<a href="http://wpthemetestdata.files.wordpress.com/2011/01/boat.jpg"><img src="http://wpthemetestdata.files.wordpress.com/2011/01/boat.jpg?w=300" alt="" title="boat" width="300" height="198" class="size-medium wp-image-544" /></a>[/caption] Lorem ipsum dolor sit amet, consectetuer adipiscing elit. Sed odio nibh, tincidunt adipiscing, pretium nec, tincidunt id, enim. Fusce scelerisque nunc vitae nisl. Quisque quis urna in velit dictum pellentesque. Vivamus a quam. Curabitur eu tortor id turpis tristique adipiscing. Morbi blandit. Maecenas vel est. Nunc aliquam, orci at accumsan commodo, libero nibh euismod augue, a ullamcorper velit dui et purus. Aenean volutpat, ipsum ac imperdiet fermentum, dui dui suscipit arcu, vitae dictum purus diam ac ligula.

<h3 id="left-align-no-caption">Left-align with caption</h3>
Left-aligned image with caption, and text before and after. [caption id="attachment_544" align="alignleft" width="300" caption="A picture is worth a thousand words"]<a href="http://wpthemetestdata.files.wordpress.com/2011/01/boat.jpg"><img src="http://wpthemetestdata.files.wordpress.com/2011/01/boat.jpg?w=300" alt="" title="boat" width="300" height="198" class="size-medium wp-image-544" /></a>[/caption] Lorem ipsum dolor sit amet, consectetuer adipiscing elit. Sed odio nibh, tincidunt adipiscing, pretium nec, tincidunt id, enim. Fusce scelerisque nunc vitae nisl. Quisque quis urna in velit dictum pellentesque. Vivamus a quam. Curabitur eu tortor id turpis tristique adipiscing. Morbi blandit. Maecenas vel est. Nunc aliquam, orci at accumsan commodo, libero nibh euismod augue, a ullamcorper velit dui et purus. Aenean volutpat, ipsum ac imperdiet fermentum, dui dui suscipit arcu, vitae dictum purus diam ac ligula.

<h3 id="right-align-no-caption">Right-align with caption</h3>
Right-aligned image with caption, and text before and after. [caption id="attachment_544" align="alignright" width="300" caption="A picture is worth a thousand words"]<a href="http://wpthemetestdata.files.wordpress.com/2011/01/boat.jpg"><img src="http://wpthemetestdata.files.wordpress.com/2011/01/boat.jpg?w=300" alt="" title="boat" width="300" height="198" class="size-medium wp-image-544" /></a>[/caption] Lorem ipsum dolor sit amet, consectetuer adipiscing elit. Sed odio nibh, tincidunt adipiscing, pretium nec, tincidunt id, enim. Fusce scelerisque nunc vitae nisl. Quisque quis urna in velit dictum pellentesque. Vivamus a quam. Curabitur eu tortor id turpis tristique adipiscing. Morbi blandit. Maecenas vel est. Nunc aliquam, orci at accumsan commodo, libero nibh euismod augue, a ullamcorper velit dui et purus. Aenean volutpat, ipsum ac imperdiet fermentum, dui dui suscipit arcu, vitae dictum purus diam ac ligula.

<h3 id="no-alignment-no-caption">No alignment, with caption</h3>
None-aligned image with caption, and text before and after. [caption id="attachment_544" align="alignnone" width="300" caption="A picture is worth a thousand words"]<a href="http://wpthemetestdata.files.wordpress.com/2011/01/boat.jpg"><img src="http://wpthemetestdata.files.wordpress.com/2011/01/boat.jpg?w=300" alt="" title="boat" width="300" height="198" class="size-medium wp-image-544" /></a>[/caption] Lorem ipsum dolor sit amet, consectetuer adipiscing elit. Sed odio nibh, tincidunt adipiscing, pretium nec, tincidunt id, enim. Fusce scelerisque nunc vitae nisl. Quisque quis urna in velit dictum pellentesque. Vivamus a quam. Curabitur eu tortor id turpis tristique adipiscing. Morbi blandit. Maecenas vel est. Nunc aliquam, orci at accumsan commodo, libero nibh euismod augue, a ullamcorper velit dui et purus. Aenean volutpat, ipsum ac imperdiet fermentum, dui dui suscipit arcu, vitae dictum purus diam ac ligula.

<!--nextpage-->
<h2>Other Image Tests</h2>
<h3 id="wide-image-resized-in-editor">Wide Image, Resized In Editor</h3>
Image is 900x598px, resized in editor to 329x222.

<img width="329" height="222" alt="test-image-landscape-900" class="alignnone size-full" src="http://wpthemetestdata.files.wordpress.com/2008/09/test-image-landscape-900.jpg">

<h3 id="wide-image-not-resized">Wide Image, Not Resized</h3>

Image is 900x598px, not resized in editor, and does not overflow outside of the content area.

<img width="900" height="598" src="http://wpthemetestdata.files.wordpress.com/2008/09/test-image-landscape-900.jpg?w=900" class="alignnone size-full" alt="test-image-landscape-900" />

<h3 id="image-thumbnails">Image Thumbnails</h3>

<img src="http://wpthemetestdata.files.wordpress.com/2008/09/test-image-portrait.jpg?w=99" alt="" title="test-image-portrait" width="99" height="150" class="alignnone size-thumbnail wp-image-536" /><img src="http://wpthemetestdata.files.wordpress.com/2008/09/test-image-landscape.jpg?w=150" alt="" title="test-image-landscape" width="150" height="99" class="alignnone size-thumbnail wp-image-535" />

<!--nextpage-->
<h2 id="clearing-floats">Clearing Floats</h2>

The last item in this post is a floated image. Make sure any elements after it are clearing properly.

<a href="http://wpthemetestdata.files.wordpress.com/2008/09/spectacles.gif"><img src="http://wpthemetestdata.files.wordpress.com/2008/09/spectacles.gif" alt="" title="spectacles" width="165" height="210" class="alignleft size-full wp-image-543" /></a>]]></content:encoded>
		<excerpt:encoded><![CDATA[]]></excerpt:encoded>
		<wp:post_id>128</wp:post_id>
		<wp:post_date>2008-09-03 09:35:23</wp:post_date>
		<wp:post_date_gmt>2008-09-03 16:35:23</wp:post_date_gmt>
		<wp:comment_status>closed</wp:comment_status>
		<wp:ping_status>closed</wp:ping_status>
		<wp:post_name>images-test</wp:post_name>
		<wp:status>publish</wp:status>
		<wp:post_parent>0</wp:post_parent>
		<wp:menu_order>0</wp:menu_order>
		<wp:post_type>post</wp:post_type>
		<wp:post_password></wp:post_password>
		<wp:is_sticky>0</wp:is_sticky>
		</item>
		<item>
		<title>Layout Test</title>
		<link>http://wpthemetestdata.wordpress.com/2008/09/04/layout-test/</link>
		<pubDate>Fri, 05 Sep 2008 06:02:20 +0000</pubDate>
		<dc:creator><![CDATA[Chip Bennett]]></dc:creator>

		<category><![CDATA[aciform]]></category>

		<category domain="category" nicename="aciform"><![CDATA[aciform]]></category>

		<category><![CDATA[Cat A]]></category>

		<category domain="category" nicename="cat-a"><![CDATA[Cat A]]></category>

		<category><![CDATA[Cat B]]></category>

		<category domain="category" nicename="cat-b"><![CDATA[Cat B]]></category>

		<category><![CDATA[Cat C]]></category>

		<category domain="category" nicename="cat-c"><![CDATA[Cat C]]></category>

		<category><![CDATA[sub]]></category>

		<category domain="category" nicename="sub"><![CDATA[sub]]></category>

		<category domain="tag"><![CDATA[tag1]]></category>

		<category domain="tag" nicename="tag1"><![CDATA[tag1]]></category>

		<category domain="tag"><![CDATA[tag2]]></category>

		<category domain="tag" nicename="tag2"><![CDATA[tag2]]></category>

		<category domain="tag"><![CDATA[tag3]]></category>

		<category domain="tag" nicename="tag3"><![CDATA[tag3]]></category>

		<guid isPermaLink="false">http://noeltest.wordpress.com/?p=188</guid>
		<description></description>
		<content:encoded><![CDATA[This is a sticky post!!! Make sure it sticks!

This should then split into other pages with layout, images, HTML tags, and other things.

<!--nextpage-->
<h2>Paragraph Alignment Tests</h2>
<h3>Default Paragraph</h3>
Lorem Ipsum is <a href="http://wordpress.org">simply dummy</a> text of the printing and typesetting industry. Lorem Ipsum has been the industry's standard dummy text ever since the 1500s, when an unknown printer took a galley of type and scrambled it to make a type speci<a href="http://wordpress.org">men book. It has survived not only fi</a>ve centuries, but also the leap into electronic typesetting, remaining essentially unchanged. It was popularised in the 1960s with the release of Letraset sheets containing Lorem Ipsum passages, and more recently with desktop publishing software like Aldus PageMaker including versions of Lorem Ipsum.
<h3>Left align</h3>
<p style="text-align:left;">Lorem ipsum dolor sit amet, consectetuer adipiscing elit. Sed odio nibh, tincidunt adipiscing, pretium nec, tincidunt id, enim. Fusce scelerisque nunc vitae nisl. Quisque quis urna in velit dictum pellentesque. Vivamus a quam. Curabitur eu tortor id turpis tristique adipiscing. Morbi blandit. Maecenas vel est. Nunc aliquam, orci at accumsan commodo, libero nibh euismod augue, a ullamcorper velit dui et purus. Aenean volutpat, ipsum ac imperdiet fermentum, dui dui suscipit arcu, vitae dictum purus diam ac ligula. Praesent enim nunc, pretium eget, tincidunt in, semper at, mauris. Etiam nec ligula. Aenean purus pede, sagittis at, blandit a, dignissim nec, elit. Etiam nunc. Praesent molestie consectetuer leo. Etiam blandit leo mollis velit. Aenean varius. Maecenas in magna nec justo ornare feugiat. Mauris elit. Nunc volutpat lectus fermentum nibh.</p>

<h3>Center Align</h3>
<p style="text-align:center;">Aenean a turpis eu augue luctus vulputate. Ut nonummy arcu in est. Nulla facilisi. Fusce at est sollicitudin pede gravida luctus. Sed ut dolor non nulla luctus aliquam. Phasellus sodales dapibus turpis. Nulla malesuada. In sed quam. Donec sollicitudin convallis nisl. Donec nunc. Suspendisse malesuada libero in nisi. Etiam vitae metus non arcu gravida tincidunt. Duis accumsan purus et orci. Curabitur volutpat. Nulla quis purus id enim dapibus malesuada. Nam egestas luctus arcu. Praesent iaculis massa.</p>

<h3>Right Align</h3>
<p style="text-align:right;">Aenean tempor, risus nec eleifend tristique, sem orci aliquam urna, eget iaculis tortor mauris ut lorem. Aenean eu tellus. Sed at mauris at nisl ultricies lobortis. Vivamus lacinia, lorem vel congue facilisis, leo leo sodales leo, vitae euismod velit ante a ligula. Vivamus sit amet turpis ut eros molestie porttitor. Nam erat lacus, auctor vel, dictum a, suscipit sed, orci. Quisque est lorem, facilisis consequat, sagittis a, ullamcorper at, ante. Nullam ultricies gravida dui. Nunc mauris. Quisque neque. Quisque eu sem.</p>

<h3>Justified</h3>
<p style="text-align:justify;">Vivamus volutpat, arcu sed venenatis consequat, nulla pede blandit neque, quis ultrices ligula mauris ut leo. Proin iaculis. Pellentesque vulputate magna at lectus. Etiam semper aliquet lectus. Nullam turpis. Vivamus sed lacus. Integer metus arcu, adipiscing sed, vehicula et, vulputate sit amet, massa. Sed lobortis tempus lectus. In lacus. Duis nibh. Donec molestie libero ut neque. In sollicitudin aliquam felis. Sed molestie libero ac mi. Curabitur magna nunc, feugiat sed, sodales vitae, pretium a, leo. Sed ut ante. Integer turpis ante, facilisis sed, dignissim vitae, consectetuer sed, dui. Sed ultricies.</p>
<!--nextpage-->
<h1>Header one</h1>
<h2>Header two</h2>
<h3>Header three</h3>
<h4>Header four</h4>
<h5>Header five</h5>
<h6>Header six</h6>
<h2>Blockquote Tests</h2>
Blockquote:
<blockquote>Here's a one line quote.</blockquote>
This part isn't quoted.  Here's a longer quote:
<blockquote>It’s like a language. You learn the alphabet, which are the scales. You learn sentences, which are the chords. And then you talk extemporaneously with the horn. It’s a wonderful thing to speak extemporaneously, which is something I’ve never gotten the hang of. But musically I love to talk just off the top of my head. And that’s what jazz music is all about.

<cite>Stan Getz</cite></blockquote>
And some trailing text.
<h2>Table Layout Test</h2>
<table class="statsDay">
<tbody>
<tr>
<th>Title</th>
<th class="views">Views</th>
<th></th>
</tr>
<tr class="alternate">
<td class="label"><a href="http://wpthemetestdata.wordpress.com/about/">About Test User</a></td>
<td class="views">1</td>
<td class="more">More</td>
</tr>
<tr>
<td class="label"><a href="http://wpthemetestdata.wordpress.com/">260</a></td>
<td class="views">1</td>
<td class="more">More</td>
</tr>
<tr class="alternate">
<td class="label"><a href="http://wpthemetestdata.wordpress.com/archives/">Archives</a></td>
<td class="views">1</td>
<td class="more">More</td>
</tr>
<tr>
<td class="label"><a href="http://wpthemetestdata.wordpress.com/">235</a></td>
<td class="views">1</td>
<td class="more">More</td>
</tr>
</tbody>
</table>
<h2>List Type Tests</h2>
<h3>Definition List</h3>
<dl> <dt>Definition List Title</dt> <dd>This is a definition list division.</dd> <dt>Definition</dt> <dd>An exact statement or description of the nature, scope, or meaning of something: <em>our definition of what constitutes poetry.</em></dd> <dt>Gallery</dt> <dd>A feature introduced with WordPress 2.5, that is specifically an exposition of images attached to a post. In that same vein, an upload is "attached to a post" when you upload it while editing a post.</dd> <dt>Gravatar</dt> <dd>A globally recognized avatar (a graphic image or picture that represents a user). A gravatar is associated with an email address, and is maintained by the Gravatar.com service. Using this service, a blog owner can configure their blog so that a user's gravatar is displayed along with their comments.</dd> </dl>
<h3>Unordered List (Nested)</h3>
<ul>
	<li>List item one
<ul>
	<li>List item one
<ul>
	<li>List item one</li>
	<li>List item two</li>
	<li>List item three</li>
	<li>List item four</li>
</ul>
</li>
	<li>List item two</li>
	<li>List item three</li>
	<li>List item four</li>
</ul>
</li>
	<li>List item two</li>
	<li>List item three</li>
	<li>List item four</li>
</ul>
<h3>Ordered List</h3>
<ol>
	<li>List item one
<ol>
	<li>List item one
<ol>
	<li>List item one</li>
	<li>List item two</li>
	<li>List item three</li>
	<li>List item four</li>
</ol>
</li>
	<li>List item two</li>
	<li>List item three</li>
	<li>List item four</li>
</ol>
</li>
	<li>List item two</li>
	<li>List item three</li>
	<li>List item four</li>
</ol>
<h2>HTML Element Tag Tests</h2>
All other HTML tags listed in the <a href="http://en.support.wordpress.com/code/">FAQ</a>:

Here is the address for Automattic, using the <code>&lt;address&gt;</code> tag:

<address>355 1st Street Suite 202
San Francisco, CA 94105
United States</address>This is an example of <a href="http://example.com">an <code>&lt;anchor&gt;</code></a> (otherwise known as a link). This <abbr title="abbreviation">abbr.</abbr> is an example of an &lt;abbr&gt; tag in the middle of a sentence. Here is a <acronym title="three-letter acronym">TLA</acronym> showing off the <code>&lt;acronym&gt;</code> tag. What, you want to see <big>some over-sized text</big> using the <code>&lt;big&gt;</code> tag? Can you <cite>cite a reference</cite> for that, using the <code>&lt;cite&gt;</code> tag? Have you noticed that all of the tag names are displayed <code>in code-form</code>, using the <code>&lt;code&gt;</code> tag? Similarly, I could <kbd>emulate keyboard text</kbd>, using the <code>&lt;kbd&gt;</code> text tag, or <tt>emulate teletype text</tt> using the <code>&lt;tt&gt;</code> tag.

Oh no! I wrote something incorrectly. <del>I'd better delete it</del>, using the <code>&lt;del&gt;</code> tag. I could alternately <span style="text-decoration:line-through;">strike something out</span> using the <code>&lt;strike&gt;</code> tag, or strike something out using the <code>&lt;s&gt;</code> tag. <em>So many choices</em>, which I emphasize using the <code>&lt;em&gt;</code> tag. Just to clarify, <ins>this is some inserted text</ins>, that I'll highlight using the <code>&lt;ins&gt;</code> tag.

Need to display completely unformatted text, such as a large block of code? Use the <code>&lt;pre&gt;</code> tag, which lets you display:
<pre>#container {
	float: left;
	margin: 0 -240px 0 0;
	width: 100%;
}</pre>
Want to quote the WordPress tagline <q>Code is Poetry</q>? Use the <code>&lt;q&gt;</code> tag to add quotes around it. <strong>This is strong text</strong> (otherwise known as bold), using the <code>&lt;strong&gt;</code> tag.

Need to write H<sub>2</sub>O or E = MC<sup>2</sup>? You may find great use for <sub>subscripting</sub> text using the <code>&lt;sub&gt;</code> tag, or for <sup>superscripting</sup> text using the <code>&lt;sup&gt;</code> tag. Need to call out a <var>variable</var>? Use the <code>&lt;var&gt;</code> tag.
<h2>Div and Span Tests</h2>
<div>

Lorem ipsum dolor sit amet, consectetuer adipiscing elit.
<div class="myclass"><strong>This is a div with "myclass" class, inside of another div, using the <code>&lt;div&gt;</code> tag.</strong></div>
Sed odio nibh, tincidunt adipiscing, pretium nec, tincidunt id, enim. Fusce scelerisque nunc vitae nisl.

</div>
Lorem ipsum dolor sit amet, consectetuer adipiscing elit. <span><strong>This is a span inside of a paragraph, using the <code>&lt;span&gt;</code> tag.</strong></span> Sed odio nibh, tincidunt adipiscing, pretium nec, tincidunt id, enim. Fusce scelerisque nunc vitae nisl.]]></content:encoded>
		<excerpt:encoded><![CDATA[]]></excerpt:encoded>
		<wp:post_id>188</wp:post_id>
		<wp:post_date>2008-09-04 23:02:20</wp:post_date>
		<wp:post_date_gmt>2008-09-05 06:02:20</wp:post_date_gmt>
		<wp:comment_status>closed</wp:comment_status>
		<wp:ping_status>closed</wp:ping_status>
		<wp:post_name>layout-test</wp:post_name>
		<wp:status>publish</wp:status>
		<wp:post_parent>0</wp:post_parent>
		<wp:menu_order>0</wp:menu_order>
		<wp:post_type>post</wp:post_type>
		<wp:post_password></wp:post_password>
		<wp:is_sticky>1</wp:is_sticky>
							</item>
		<item>
		<title>Readability Test</title>
		<link>http://wpthemetestdata.wordpress.com/2008/09/05/readability-test/</link>
		<pubDate>Fri, 05 Sep 2008 07:27:25 +0000</pubDate>
		<dc:creator><![CDATA[Chip Bennett]]></dc:creator>

		<category><![CDATA[Cat A]]></category>

		<category domain="category" nicename="cat-a"><![CDATA[Cat A]]></category>

		<category domain="tag"><![CDATA[chattels]]></category>

		<category domain="tag" nicename="chattels"><![CDATA[chattels]]></category>

		<category domain="tag"><![CDATA[privation]]></category>

		<category domain="tag" nicename="privation"><![CDATA[privation]]></category>

		<guid isPermaLink="false">http://wpthemetestdata.wordpress.com/?p=358</guid>
		<description></description>
		<content:encoded><![CDATA[All children, except one, grow up. They soon know that they will grow up, and the way Wendy knew was this. One day when she was two years old she was playing in a garden, and she plucked another flower and ran with it to her mother. I suppose she must have looked rather delightful, for Mrs. Darling put her hand to her heart and cried, "Oh, why can't you remain like this for ever!" This was all that passed between them on the subject, but henceforth Wendy knew that she must grow up. You always know after you are two. Two is the beginning of the end.

<!--more-->

Mrs. Darling first heard of Peter when she was tidying up her children's minds. It is the nightly custom of every good mother after her children are asleep to rummage in their minds and put things straight for next morning, repacking into their proper places the many articles that have wandered during the day.

If you could keep awake (but of course you can't) you would see your own mother doing this, and you would find it very interesting to watch her. It is quite like tidying up drawers. You would see her on her knees, I expect, lingering humorously over some of your contents, wondering where on earth you had picked this thing up, making discoveries sweet and not so sweet, pressing this to her cheek as if it were as nice as a kitten, and hurriedly stowing that out of sight. When you wake in the morning, the naughtiness and evil passions with which you went to bed have been folded up small and placed at the bottom of your mind and on the top, beautifully aired, are spread out your prettier thoughts, ready for you to put on.

I don't know whether you have ever seen a map of a person's mind. Doctors sometimes draw maps of other parts of you, and your own map can become intensely interesting, but catch them trying to draw a map of a child's mind, which is not only confused, but keeps going round all the time. There are zigzag lines on it, just like your temperature on a card, and these are probably roads in the island, for the Neverland is always more or less an island, with astonishing splashes of colour here and there, and coral reefs and rakish-looking craft in the offing, and savages and lonely lairs, and gnomes who are mostly tailors, and caves through which a river runs, and princes with six elder brothers, and a hut fast going to decay, and one very small old lady with a hooked nose. It would be an easy map if that were all, but there is also first day at school, religion, fathers, the round pond, needle-work, murders, hangings, verbs that take the dative, chocolate pudding day, getting into braces, say ninety-nine, three-pence for pulling out your tooth yourself, and so on, and either these are part of the island or they are another map showing through, and it is all rather confusing, especially as nothing will stand still.

Of course the Neverlands vary a good deal. John's, for instance, had a lagoon with flamingoes flying over it at which John was shooting, while Michael, who was very small, had a flamingo with lagoons flying over it. John lived in a boat turned upside down on the sands, Michael in a wigwam, Wendy in a house of leaves deftly sewn together. John had no friends, Michael had friends at night, Wendy had a pet wolf forsaken by its parents, but on the whole the Neverlands have a family resemblance, and if they stood still in a row you could say of them that they have each other's nose, and so forth. On these magic shores children at play are for ever beaching their coracles [simple boat]. We too have been there; we can still hear the sound of the surf, though we shall land no more.

Of all delectable islands the Neverland is the snuggest and most compact, not large and sprawly, you know, with tedious distances between one adventure and another, but nicely crammed. When you play at it by day with the chairs and table-cloth, it is not in the least alarming, but in the two minutes before you go to sleep it becomes very real. That is why there are night-lights.

Occasionally in her travels through her children's minds Mrs. Darling found things she could not understand, and of these quite the most perplexing was the word Peter. She knew of no Peter, and yet he was here and there in John and Michael's minds, while Wendy's began to be scrawled all over with him. The name stood out in bolder letters than any of the other words, and as Mrs. Darling gazed she felt that it had an oddly cocky appearance.]]></content:encoded>
		<excerpt:encoded><![CDATA[]]></excerpt:encoded>
		<wp:post_id>358</wp:post_id>
		<wp:post_date>2008-09-05 00:27:25</wp:post_date>
		<wp:post_date_gmt>2008-09-05 07:27:25</wp:post_date_gmt>
		<wp:comment_status>closed</wp:comment_status>
		<wp:ping_status>closed</wp:ping_status>
		<wp:post_name>readability-test</wp:post_name>
		<wp:status>publish</wp:status>
		<wp:post_parent>0</wp:post_parent>
		<wp:menu_order>0</wp:menu_order>
		<wp:post_type>post</wp:post_type>
		<wp:post_password></wp:post_password>
		<wp:is_sticky>0</wp:is_sticky>
				<wp:postmeta>
		<wp:meta_key>_wp_old_slug</wp:meta_key>
		<wp:meta_value><![CDATA[]]></wp:meta_value>
		</wp:postmeta>
							</item>
		<item>
		<title>About The Tests</title>
		<link>http://wpthemetestdata.wordpress.com/about/</link>
		<pubDate>Sun, 25 Jul 2010 19:40:01 +0000</pubDate>
		<dc:creator><![CDATA[Chip Bennett]]></dc:creator>

		<guid isPermaLink="false">http://wpthemetestdata.wordpress.com/about/</guid>
		<description></description>
		<content:encoded><![CDATA[This site is using the standard WordPress Theme Unit Test Data for content. The Theme Unit Test is a series of posts and pages that match up with a checklist on the WordPress codex. You can use the data and checklist together to test your theme.

<h2>WordPress Theme Development Resources</h2>

<ol>
	<li>See <a href="http://codex.wordpress.org/Theme_Development">Theme Development</a> for <a href="http://codex.wordpress.org/Theme_Development#Code_Standards">code standards</a>, examples of best practices, and <a href="http://codex.wordpress.org/Theme_Development#Resources_and_References">resources for Theme development</a>.</li>
	<li>See <a href="http://codex.wordpress.org/Theme_Unit_Test">Theme Unit Test</a> for a robust test suite for your Theme and get the latest version of the test data you see here.</li>
	<li>See <a href="http://codex.wordpress.org/Theme_Review">Theme Review</a> for a guide to submitting your Theme to the <a href="http://wordpress.org/extend/themes/">Themes Directory</a>.</li>
</ol>]]></content:encoded>
		<excerpt:encoded><![CDATA[]]></excerpt:encoded>
		<wp:post_id>2</wp:post_id>
		<wp:post_date>2010-07-25 19:40:01</wp:post_date>
		<wp:post_date_gmt>2010-07-25 19:40:01</wp:post_date_gmt>
		<wp:comment_status>closed</wp:comment_status>
		<wp:ping_status>closed</wp:ping_status>
		<wp:post_name>about</wp:post_name>
		<wp:status>publish</wp:status>
		<wp:post_parent>0</wp:post_parent>
		<wp:menu_order>0</wp:menu_order>
		<wp:post_type>page</wp:post_type>
		<wp:post_password></wp:post_password>
		<wp:is_sticky>0</wp:is_sticky>
								<wp:postmeta>
		<wp:meta_key>_wp_page_template</wp:meta_key>
		<wp:meta_value><![CDATA[default]]></wp:meta_value>
		</wp:postmeta>
		</item>
		<item>
		<title>Draft Post</title>
		<link>http://wpthemetestdata.wordpress.com/?p=420</link>
		<pubDate>Tue, 27 Jul 2010 23:14:31 +0000</pubDate>
		<dc:creator><![CDATA[Chip Bennett]]></dc:creator>

		<category><![CDATA[Uncategorized]]></category>

		<category domain="category" nicename="uncategorized"><![CDATA[Uncategorized]]></category>

		<guid isPermaLink="false">http://wpthemetestdata.wordpress.com/?p=420</guid>
		<description></description>
		<content:encoded><![CDATA[This is a draft post. It should not be displayed by the Theme.]]></content:encoded>
		<excerpt:encoded><![CDATA[]]></excerpt:encoded>
		<wp:post_id>420</wp:post_id>
		<wp:post_date>2010-07-27 16:14:31</wp:post_date>
		<wp:post_date_gmt>2010-07-27 23:14:31</wp:post_date_gmt>
		<wp:comment_status>open</wp:comment_status>
		<wp:ping_status>closed</wp:ping_status>
		<wp:post_name></wp:post_name>
		<wp:status>draft</wp:status>
		<wp:post_parent>0</wp:post_parent>
		<wp:menu_order>0</wp:menu_order>
		<wp:post_type>post</wp:post_type>
		<wp:post_password></wp:post_password>
		<wp:is_sticky>0</wp:is_sticky>
							</item>
		<item>
		<title>Clearing Floats</title>
		<link>http://wpthemetestdata.wordpress.com/clearing-floats/</link>
		<pubDate>Sun, 01 Aug 2010 16:42:26 +0000</pubDate>
		<dc:creator><![CDATA[Ian Stewart]]></dc:creator>

		<guid isPermaLink="false">http://wpthemetestdata.wordpress.com/</guid>
		<description></description>
		<content:encoded><![CDATA[The last item in this page's content is a floated image. Make sure any elements after it are clearing properly.
<a href="http://wpthemetestdata.files.wordpress.com/2011/01/boat.jpg"><img src="http://wpthemetestdata.files.wordpress.com/2011/01/boat.jpg?w=150" alt="" title="boat" width="150" height="99" class="alignleft size-thumbnail wp-image-544" /></a>]]></content:encoded>
		<excerpt:encoded><![CDATA[]]></excerpt:encoded>
		<wp:post_id>501</wp:post_id>
		<wp:post_date>2010-08-01 09:42:26</wp:post_date>
		<wp:post_date_gmt>2010-08-01 16:42:26</wp:post_date_gmt>
		<wp:comment_status>closed</wp:comment_status>
		<wp:ping_status>closed</wp:ping_status>
		<wp:post_name>clearing-floats</wp:post_name>
		<wp:status>publish</wp:status>
		<wp:post_parent>0</wp:post_parent>
		<wp:menu_order>0</wp:menu_order>
		<wp:post_type>page</wp:post_type>
		<wp:post_password></wp:post_password>
		<wp:is_sticky>0</wp:is_sticky>
				<wp:postmeta>
		<wp:meta_key>_wp_page_template</wp:meta_key>
		<wp:meta_value><![CDATA[default]]></wp:meta_value>
		</wp:postmeta>
		</item>
		<item>
		<title>test-image-landscape-900</title>
		<link>http://wpthemetestdata.wordpress.com/2008/09/03/images-test/test-image-landscape-900/</link>
		<pubDate>Tue, 03 Aug 2010 16:44:14 +0000</pubDate>
		<dc:creator><![CDATA[Lance Willett]]></dc:creator>

		<guid isPermaLink="false">http://wpthemetestdata.files.wordpress.com/2008/09/test-image-landscape-900.jpg</guid>
		<description></description>
		<content:encoded><![CDATA[]]></content:encoded>
		<excerpt:encoded><![CDATA[]]></excerpt:encoded>
		<wp:post_id>534</wp:post_id>
		<wp:post_date>2010-08-03 09:44:14</wp:post_date>
		<wp:post_date_gmt>2010-08-03 16:44:14</wp:post_date_gmt>
		<wp:comment_status>open</wp:comment_status>
		<wp:ping_status>closed</wp:ping_status>
		<wp:post_name>test-image-landscape-900</wp:post_name>
		<wp:status>inherit</wp:status>
		<wp:post_parent>128</wp:post_parent>
		<wp:menu_order>0</wp:menu_order>
		<wp:post_type>attachment</wp:post_type>
		<wp:post_password></wp:post_password>
		<wp:is_sticky>0</wp:is_sticky>
				<wp:attachment_url>http://wpthemetestdata.files.wordpress.com/2008/09/test-image-landscape-900.jpg</wp:attachment_url>
								<wp:postmeta>
		<wp:meta_key>_wp_attached_file</wp:meta_key>
		<wp:meta_value><![CDATA[/home/wpcom/public_html/wp-content/blogs.dir/7af/5933695/files/2008/09/test-image-landscape-900.jpg]]></wp:meta_value>
		</wp:postmeta>
				<wp:postmeta>
		<wp:meta_key>_wp_attachment_metadata</wp:meta_key>
		<wp:meta_value><![CDATA[a:5:{s:5:"width";s:3:"900";s:6:"height";s:3:"598";s:14:"hwstring_small";s:23:"height='85' width='128'";s:4:"file";s:99:"/home/wpcom/public_html/wp-content/blogs.dir/7af/5933695/files/2008/09/test-image-landscape-900.jpg";s:10:"image_meta";a:10:{s:8:"aperture";s:1:"0";s:6:"credit";s:0:"";s:6:"camera";s:9:"NIKON D70";s:7:"caption";s:0:"";s:17:"created_timestamp";s:10:"1183237219";s:9:"copyright";s:0:"";s:12:"focal_length";s:1:"0";s:3:"iso";s:3:"200";s:13:"shutter_speed";s:18:"0.0013333333333333";s:5:"title";s:0:"";}}]]></wp:meta_value>
		</wp:postmeta>
							</item>
		<item>
		<title>test-image-landscape</title>
		<link>http://wpthemetestdata.wordpress.com/2008/09/03/images-test/test-image-landscape/</link>
		<pubDate>Tue, 03 Aug 2010 16:44:17 +0000</pubDate>
		<dc:creator><![CDATA[Lance Willett]]></dc:creator>

		<guid isPermaLink="false">http://wpthemetestdata.files.wordpress.com/2008/09/test-image-landscape.jpg</guid>
		<description></description>
		<content:encoded><![CDATA[]]></content:encoded>
		<excerpt:encoded><![CDATA[]]></excerpt:encoded>
		<wp:post_id>535</wp:post_id>
		<wp:post_date>2010-08-03 09:44:17</wp:post_date>
		<wp:post_date_gmt>2010-08-03 16:44:17</wp:post_date_gmt>
		<wp:comment_status>open</wp:comment_status>
		<wp:ping_status>closed</wp:ping_status>
		<wp:post_name>test-image-landscape</wp:post_name>
		<wp:status>inherit</wp:status>
		<wp:post_parent>128</wp:post_parent>
		<wp:menu_order>0</wp:menu_order>
		<wp:post_type>attachment</wp:post_type>
		<wp:post_password></wp:post_password>
		<wp:is_sticky>0</wp:is_sticky>
				<wp:attachment_url>http://wpthemetestdata.files.wordpress.com/2008/09/test-image-landscape.jpg</wp:attachment_url>
								<wp:postmeta>
		<wp:meta_key>_wp_attached_file</wp:meta_key>
		<wp:meta_value><![CDATA[/home/wpcom/public_html/wp-content/blogs.dir/7af/5933695/files/2008/09/test-image-landscape.jpg]]></wp:meta_value>
		</wp:postmeta>
				<wp:postmeta>
		<wp:meta_key>_wp_attachment_metadata</wp:meta_key>
		<wp:meta_value><![CDATA[a:5:{s:5:"width";s:3:"300";s:6:"height";s:3:"199";s:14:"hwstring_small";s:23:"height='84' width='128'";s:4:"file";s:95:"/home/wpcom/public_html/wp-content/blogs.dir/7af/5933695/files/2008/09/test-image-landscape.jpg";s:10:"image_meta";a:10:{s:8:"aperture";s:1:"0";s:6:"credit";s:0:"";s:6:"camera";s:9:"NIKON D70";s:7:"caption";s:0:"";s:17:"created_timestamp";s:10:"1183237219";s:9:"copyright";s:0:"";s:12:"focal_length";s:1:"0";s:3:"iso";s:3:"200";s:13:"shutter_speed";s:18:"0.0013333333333333";s:5:"title";s:0:"";}}]]></wp:meta_value>
		</wp:postmeta>
							</item>
		<item>
		<title>test-image-portrait</title>
		<link>http://wpthemetestdata.wordpress.com/2008/09/03/images-test/test-image-portrait/</link>
		<pubDate>Tue, 03 Aug 2010 16:44:19 +0000</pubDate>
		<dc:creator><![CDATA[Lance Willett]]></dc:creator>

		<guid isPermaLink="false">http://wpthemetestdata.files.wordpress.com/2008/09/test-image-portrait.jpg</guid>
		<description></description>
		<content:encoded><![CDATA[]]></content:encoded>
		<excerpt:encoded><![CDATA[]]></excerpt:encoded>
		<wp:post_id>536</wp:post_id>
		<wp:post_date>2010-08-03 09:44:19</wp:post_date>
		<wp:post_date_gmt>2010-08-03 16:44:19</wp:post_date_gmt>
		<wp:comment_status>open</wp:comment_status>
		<wp:ping_status>closed</wp:ping_status>
		<wp:post_name>test-image-portrait</wp:post_name>
		<wp:status>inherit</wp:status>
		<wp:post_parent>128</wp:post_parent>
		<wp:menu_order>0</wp:menu_order>
		<wp:post_type>attachment</wp:post_type>
		<wp:post_password></wp:post_password>
		<wp:is_sticky>0</wp:is_sticky>
				<wp:attachment_url>http://wpthemetestdata.files.wordpress.com/2008/09/test-image-portrait.jpg</wp:attachment_url>
								<wp:postmeta>
		<wp:meta_key>_wp_attached_file</wp:meta_key>
		<wp:meta_value><![CDATA[/home/wpcom/public_html/wp-content/blogs.dir/7af/5933695/files/2008/09/test-image-portrait.jpg]]></wp:meta_value>
		</wp:postmeta>
				<wp:postmeta>
		<wp:meta_key>_wp_attachment_metadata</wp:meta_key>
		<wp:meta_value><![CDATA[a:5:{s:5:"width";s:3:"199";s:6:"height";s:3:"300";s:14:"hwstring_small";s:22:"height='96' width='63'";s:4:"file";s:94:"/home/wpcom/public_html/wp-content/blogs.dir/7af/5933695/files/2008/09/test-image-portrait.jpg";s:10:"image_meta";a:10:{s:8:"aperture";s:1:"0";s:6:"credit";s:0:"";s:6:"camera";s:9:"NIKON D70";s:7:"caption";s:0:"";s:17:"created_timestamp";s:10:"1183237109";s:9:"copyright";s:0:"";s:12:"focal_length";s:1:"0";s:3:"iso";s:3:"200";s:13:"shutter_speed";s:18:"0.0013333333333333";s:5:"title";s:0:"";}}]]></wp:meta_value>
		</wp:postmeta>
							</item>
		<item>
		<title>spectacles</title>
		<link>http://wpthemetestdata.wordpress.com/2008/09/03/images-test/spectacles/</link>
		<pubDate>Tue, 03 Aug 2010 20:50:47 +0000</pubDate>
		<dc:creator><![CDATA[Ian Stewart]]></dc:creator>

		<guid isPermaLink="false">http://wpthemetestdata.files.wordpress.com/2008/09/spectacles.gif</guid>
		<description></description>
		<content:encoded><![CDATA[]]></content:encoded>
		<excerpt:encoded><![CDATA[]]></excerpt:encoded>
		<wp:post_id>543</wp:post_id>
		<wp:post_date>2010-08-03 13:50:47</wp:post_date>
		<wp:post_date_gmt>2010-08-03 20:50:47</wp:post_date_gmt>
		<wp:comment_status>open</wp:comment_status>
		<wp:ping_status>closed</wp:ping_status>
		<wp:post_name>spectacles</wp:post_name>
		<wp:status>inherit</wp:status>
		<wp:post_parent>128</wp:post_parent>
		<wp:menu_order>0</wp:menu_order>
		<wp:post_type>attachment</wp:post_type>
		<wp:post_password></wp:post_password>
		<wp:is_sticky>0</wp:is_sticky>
				<wp:attachment_url>http://wpthemetestdata.files.wordpress.com/2008/09/spectacles.gif</wp:attachment_url>
								<wp:postmeta>
		<wp:meta_key>_wp_attachment_metadata</wp:meta_key>
		<wp:meta_value><![CDATA[a:5:{s:5:"width";s:3:"165";s:6:"height";s:3:"210";s:14:"hwstring_small";s:22:"height='96' width='75'";s:4:"file";s:85:"/home/wpcom/public_html/wp-content/blogs.dir/7af/5933695/files/2008/09/spectacles.gif";s:10:"image_meta";a:10:{s:8:"aperture";s:1:"0";s:6:"credit";s:0:"";s:6:"camera";s:0:"";s:7:"caption";s:0:"";s:17:"created_timestamp";s:1:"0";s:9:"copyright";s:0:"";s:12:"focal_length";s:1:"0";s:3:"iso";s:1:"0";s:13:"shutter_speed";s:1:"0";s:5:"title";s:0:"";}}]]></wp:meta_value>
		</wp:postmeta>
				<wp:postmeta>
		<wp:meta_key>_wp_attached_file</wp:meta_key>
		<wp:meta_value><![CDATA[/home/wpcom/public_html/wp-content/blogs.dir/7af/5933695/files/2008/09/spectacles.gif]]></wp:meta_value>
		</wp:postmeta>
							</item>
		<item>
		<title>boat</title>
		<link>http://wpthemetestdata.wordpress.com/2008/09/03/images-test/boat/</link>
		<pubDate>Tue, 03 Aug 2010 20:52:35 +0000</pubDate>
		<dc:creator><![CDATA[Ian Stewart]]></dc:creator>

		<guid isPermaLink="false">http://wpthemetestdata.files.wordpress.com/2011/01/boat.jpg</guid>
		<description></description>
		<content:encoded><![CDATA[]]></content:encoded>
		<excerpt:encoded><![CDATA[A picture is worth a thousand words]]></excerpt:encoded>
		<wp:post_id>544</wp:post_id>
		<wp:post_date>2010-08-03 13:52:35</wp:post_date>
		<wp:post_date_gmt>2010-08-03 20:52:35</wp:post_date_gmt>
		<wp:comment_status>open</wp:comment_status>
		<wp:ping_status>closed</wp:ping_status>
		<wp:post_name>boat</wp:post_name>
		<wp:status>inherit</wp:status>
		<wp:post_parent>128</wp:post_parent>
		<wp:menu_order>0</wp:menu_order>
		<wp:post_type>attachment</wp:post_type>
		<wp:post_password></wp:post_password>
		<wp:is_sticky>0</wp:is_sticky>
				<wp:attachment_url>http://wpthemetestdata.files.wordpress.com/2011/01/boat.jpg</wp:attachment_url>
								<wp:postmeta>
		<wp:meta_key>_wp_attached_file</wp:meta_key>
		<wp:meta_value><![CDATA[/home/wpcom/public_html/wp-content/blogs.dir/7af/5933695/files/2011/01/boat.jpg]]></wp:meta_value>
		</wp:postmeta>
				<wp:postmeta>
		<wp:meta_key>_wp_attachment_metadata</wp:meta_key>
		<wp:meta_value><![CDATA[a:5:{s:5:"width";s:3:"435";s:6:"height";s:3:"288";s:14:"hwstring_small";s:23:"height='84' width='128'";s:4:"file";s:79:"/home/wpcom/public_html/wp-content/blogs.dir/7af/5933695/files/2011/01/boat.jpg";s:10:"image_meta";a:10:{s:8:"aperture";s:1:"0";s:6:"credit";s:0:"";s:6:"camera";s:0:"";s:7:"caption";s:0:"";s:17:"created_timestamp";s:1:"0";s:9:"copyright";s:0:"";s:12:"focal_length";s:1:"0";s:3:"iso";s:1:"0";s:13:"shutter_speed";s:1:"0";s:5:"title";s:0:"";}}]]></wp:meta_value>
		</wp:postmeta>
							</item>
		<item>
		<title>HayseedRag--theDizzyTrio_vbr</title>
		<link>http://wpthemetestdata.wordpress.com/?attachment_id=591</link>
		<pubDate>Fri, 07 Jan 2011 11:51:48 +0000</pubDate>
		<dc:creator><![CDATA[Chip Bennett]]></dc:creator>

		<guid isPermaLink="false">http://wpthemetestdata.files.wordpress.com/2008/06/hayseedrag-thedizzytrio_vbr1.mp3</guid>
		<description></description>
		<content:encoded><![CDATA[Victor # 19421-B The dizzy trio -novelty fox trot - Harmonica specialty by Borrah Minevitch - Harmonica,guitar,banjo, with Jew's harp and piano - issue date: May 1924. (<a href="http://www.archive.org/details/HayseedRag">public domain</a>)]]></content:encoded>
		<excerpt:encoded><![CDATA[Hayseed Rag - The Dizzy Trio]]></excerpt:encoded>
		<wp:post_id>591</wp:post_id>
		<wp:post_date>2011-01-07 04:51:48</wp:post_date>
		<wp:post_date_gmt>2011-01-07 11:51:48</wp:post_date_gmt>
		<wp:comment_status>open</wp:comment_status>
		<wp:ping_status>closed</wp:ping_status>
		<wp:post_name>hayseedrag-thedizzytrio_vbr</wp:post_name>
		<wp:status>inherit</wp:status>
		<wp:post_parent>0</wp:post_parent>
		<wp:menu_order>0</wp:menu_order>
		<wp:post_type>attachment</wp:post_type>
		<wp:post_password></wp:post_password>
		<wp:is_sticky>0</wp:is_sticky>
				<wp:attachment_url>http://wpthemetestdata.files.wordpress.com/2008/06/hayseedrag-thedizzytrio_vbr1.mp3</wp:attachment_url>
								<wp:postmeta>
		<wp:meta_key>_wp_attached_file</wp:meta_key>
		<wp:meta_value><![CDATA[/home/wpcom/public_html/wp-content/blogs.dir/7af/5933695/files/2008/06/hayseedrag-thedizzytrio_vbr1.mp3]]></wp:meta_value>
		</wp:postmeta>
				<wp:postmeta>
		<wp:meta_key>_wp_attachment_metadata</wp:meta_key>
		<wp:meta_value><![CDATA[a:0:{}]]></wp:meta_value>
		</wp:postmeta>
							</item>
		<item>
		<title>canola2</title>
		<link>http://wpthemetestdata.wordpress.com/2008/06/10/post-format-test-gallery/canola2/</link>
		<pubDate>Mon, 10 Jan 2011 13:17:54 +0000</pubDate>
		<dc:creator><![CDATA[Chip Bennett]]></dc:creator>

		<guid isPermaLink="false">http://wpthemetestdata.files.wordpress.com/2008/06/canola2.jpg</guid>
		<description></description>
		<content:encoded><![CDATA[]]></content:encoded>
		<excerpt:encoded><![CDATA[]]></excerpt:encoded>
		<wp:post_id>611</wp:post_id>
		<wp:post_date>2011-01-10 06:17:54</wp:post_date>
		<wp:post_date_gmt>2011-01-10 13:17:54</wp:post_date_gmt>
		<wp:comment_status>open</wp:comment_status>
		<wp:ping_status>closed</wp:ping_status>
		<wp:post_name>canola2</wp:post_name>
		<wp:status>inherit</wp:status>
		<wp:post_parent>555</wp:post_parent>
		<wp:menu_order>0</wp:menu_order>
		<wp:post_type>attachment</wp:post_type>
		<wp:post_password></wp:post_password>
		<wp:is_sticky>0</wp:is_sticky>
				<wp:attachment_url>http://wpthemetestdata.files.wordpress.com/2008/06/canola2.jpg</wp:attachment_url>
								<wp:postmeta>
		<wp:meta_key>_wp_attached_file</wp:meta_key>
		<wp:meta_value><![CDATA[/home/wpcom/public_html/wp-content/blogs.dir/7af/5933695/files/2008/06/canola2.jpg]]></wp:meta_value>
		</wp:postmeta>
				<wp:postmeta>
		<wp:meta_key>_wp_attachment_metadata</wp:meta_key>
		<wp:meta_value><![CDATA[a:5:{s:5:"width";s:3:"640";s:6:"height";s:3:"480";s:14:"hwstring_small";s:23:"height='96' width='128'";s:4:"file";s:82:"/home/wpcom/public_html/wp-content/blogs.dir/7af/5933695/files/2008/06/canola2.jpg";s:10:"image_meta";a:10:{s:8:"aperture";s:3:"5.6";s:6:"credit";s:0:"";s:6:"camera";s:18:"Canon PowerShot G2";s:7:"caption";s:0:"";s:17:"created_timestamp";s:10:"1094915268";s:9:"copyright";s:0:"";s:12:"focal_length";s:7:"16.8125";s:3:"iso";s:1:"0";s:13:"shutter_speed";s:9:"0.0015625";s:5:"title";s:0:"";}}]]></wp:meta_value>
		</wp:postmeta>
				<wp:postmeta>
		<wp:meta_key>_wp_attachment_image_alt</wp:meta_key>
		<wp:meta_value><![CDATA[canola]]></wp:meta_value>
		</wp:postmeta>
							</item>
		<item>
		<title>dsc20040724_152504_532</title>
		<link>http://wpthemetestdata.wordpress.com/2008/06/10/post-format-test-gallery/dsc20040724_152504_532/</link>
		<pubDate>Mon, 10 Jan 2011 13:18:34 +0000</pubDate>
		<dc:creator><![CDATA[Chip Bennett]]></dc:creator>

		<guid isPermaLink="false">http://wpthemetestdata.files.wordpress.com/2012/06/dsc20040724_152504_532.jpg</guid>
		<description></description>
		<content:encoded><![CDATA[]]></content:encoded>
		<excerpt:encoded><![CDATA[Chunk of resinous blackboy husk, Clarkson, Western Australia. This burns like a spinifex log.]]></excerpt:encoded>
		<wp:post_id>612</wp:post_id>
		<wp:post_date>2011-01-10 06:18:34</wp:post_date>
		<wp:post_date_gmt>2011-01-10 13:18:34</wp:post_date_gmt>
		<wp:comment_status>open</wp:comment_status>
		<wp:ping_status>closed</wp:ping_status>
		<wp:post_name>dsc20040724_152504_532</wp:post_name>
		<wp:status>inherit</wp:status>
		<wp:post_parent>555</wp:post_parent>
		<wp:menu_order>0</wp:menu_order>
		<wp:post_type>attachment</wp:post_type>
		<wp:post_password></wp:post_password>
		<wp:is_sticky>0</wp:is_sticky>
				<wp:attachment_url>http://wpthemetestdata.files.wordpress.com/2012/06/dsc20040724_152504_532.jpg</wp:attachment_url>
								<wp:postmeta>
		<wp:meta_key>_wp_attached_file</wp:meta_key>
		<wp:meta_value><![CDATA[/home/wpcom/public_html/wp-content/blogs.dir/7af/5933695/files/2008/06/dsc20040724_152504_532.jpg]]></wp:meta_value>
		</wp:postmeta>
				<wp:postmeta>
		<wp:meta_key>_wp_attachment_metadata</wp:meta_key>
		<wp:meta_value><![CDATA[a:5:{s:5:"width";s:3:"640";s:6:"height";s:3:"480";s:14:"hwstring_small";s:23:"height='96' width='128'";s:4:"file";s:97:"/home/wpcom/public_html/wp-content/blogs.dir/7af/5933695/files/2008/06/dsc20040724_152504_532.jpg";s:10:"image_meta";a:10:{s:8:"aperture";s:1:"2";s:6:"credit";s:0:"";s:6:"camera";s:9:"CYBERSHOT";s:7:"caption";s:0:"";s:17:"created_timestamp";s:10:"1090682704";s:9:"copyright";s:0:"";s:12:"focal_length";s:3:"9.7";s:3:"iso";s:3:"100";s:13:"shutter_speed";s:4:"0.02";s:5:"title";s:0:"";}}]]></wp:meta_value>
		</wp:postmeta>
				<wp:postmeta>
		<wp:meta_key>_wp_attachment_image_alt</wp:meta_key>
		<wp:meta_value><![CDATA[chunk of resinous blackboy husk]]></wp:meta_value>
		</wp:postmeta>
							</item>
		<item>
		<title>dsc20050315_145007_132</title>
		<link>http://wpthemetestdata.wordpress.com/2008/06/10/post-format-test-gallery/dsc20050315_145007_132/</link>
		<pubDate>Mon, 10 Jan 2011 13:19:10 +0000</pubDate>
		<dc:creator><![CDATA[Chip Bennett]]></dc:creator>

		<guid isPermaLink="false">http://wpthemetestdata.files.wordpress.com/2008/06/dsc20050315_145007_132.jpg</guid>
		<description></description>
		<content:encoded><![CDATA[]]></content:encoded>
		<excerpt:encoded><![CDATA[]]></excerpt:encoded>
		<wp:post_id>613</wp:post_id>
		<wp:post_date>2011-01-10 06:19:10</wp:post_date>
		<wp:post_date_gmt>2011-01-10 13:19:10</wp:post_date_gmt>
		<wp:comment_status>open</wp:comment_status>
		<wp:ping_status>closed</wp:ping_status>
		<wp:post_name>dsc20050315_145007_132</wp:post_name>
		<wp:status>inherit</wp:status>
		<wp:post_parent>555</wp:post_parent>
		<wp:menu_order>0</wp:menu_order>
		<wp:post_type>attachment</wp:post_type>
		<wp:post_password></wp:post_password>
		<wp:is_sticky>0</wp:is_sticky>
				<wp:attachment_url>http://wpthemetestdata.files.wordpress.com/2008/06/dsc20050315_145007_132.jpg</wp:attachment_url>
								<wp:postmeta>
		<wp:meta_key>_wp_attached_file</wp:meta_key>
		<wp:meta_value><![CDATA[/home/wpcom/public_html/wp-content/blogs.dir/7af/5933695/files/2008/06/dsc20050315_145007_132.jpg]]></wp:meta_value>
		</wp:postmeta>
				<wp:postmeta>
		<wp:meta_key>_wp_attachment_metadata</wp:meta_key>
		<wp:meta_value><![CDATA[a:5:{s:5:"width";s:3:"640";s:6:"height";s:3:"480";s:14:"hwstring_small";s:23:"height='96' width='128'";s:4:"file";s:97:"/home/wpcom/public_html/wp-content/blogs.dir/7af/5933695/files/2008/06/dsc20050315_145007_132.jpg";s:10:"image_meta";a:10:{s:8:"aperture";s:3:"2.2";s:6:"credit";s:0:"";s:6:"camera";s:9:"CYBERSHOT";s:7:"caption";s:0:"";s:17:"created_timestamp";s:10:"1110898207";s:9:"copyright";s:0:"";s:12:"focal_length";s:3:"9.7";s:3:"iso";s:3:"100";s:13:"shutter_speed";s:5:"0.008";s:5:"title";s:0:"";}}]]></wp:meta_value>
		</wp:postmeta>
				<wp:postmeta>
		<wp:meta_key>_wp_attachment_image_alt</wp:meta_key>
		<wp:meta_value><![CDATA[dsc20050315_145007_132]]></wp:meta_value>
		</wp:postmeta>
							</item>
		<item>
		<title>dsc20050604_133440_3421</title>
		<link>http://wpthemetestdata.wordpress.com/2008/06/10/post-format-test-gallery/dsc20050604_133440_3421/</link>
		<pubDate>Mon, 10 Jan 2011 13:20:16 +0000</pubDate>
		<dc:creator><![CDATA[Chip Bennett]]></dc:creator>

		<guid isPermaLink="false">http://wpthemetestdata.files.wordpress.com/2008/06/dsc20050604_133440_34211.jpg</guid>
		<description></description>
		<content:encoded><![CDATA[]]></content:encoded>
		<excerpt:encoded><![CDATA[]]></excerpt:encoded>
		<wp:post_id>615</wp:post_id>
		<wp:post_date>2011-01-10 06:20:16</wp:post_date>
		<wp:post_date_gmt>2011-01-10 13:20:16</wp:post_date_gmt>
		<wp:comment_status>open</wp:comment_status>
		<wp:ping_status>closed</wp:ping_status>
		<wp:post_name>dsc20050604_133440_3421</wp:post_name>
		<wp:status>inherit</wp:status>
		<wp:post_parent>555</wp:post_parent>
		<wp:menu_order>0</wp:menu_order>
		<wp:post_type>attachment</wp:post_type>
		<wp:post_password></wp:post_password>
		<wp:is_sticky>0</wp:is_sticky>
				<wp:attachment_url>http://wpthemetestdata.files.wordpress.com/2008/06/dsc20050604_133440_34211.jpg</wp:attachment_url>
								<wp:postmeta>
		<wp:meta_key>_wp_attached_file</wp:meta_key>
		<wp:meta_value><![CDATA[/home/wpcom/public_html/wp-content/blogs.dir/7af/5933695/files/2008/06/dsc20050604_133440_3421.jpg]]></wp:meta_value>
		</wp:postmeta>
				<wp:postmeta>
		<wp:meta_key>_wp_attachment_metadata</wp:meta_key>
		<wp:meta_value><![CDATA[a:5:{s:5:"width";s:3:"640";s:6:"height";s:3:"480";s:14:"hwstring_small";s:23:"height='96' width='128'";s:4:"file";s:98:"/home/wpcom/public_html/wp-content/blogs.dir/7af/5933695/files/2008/06/dsc20050604_133440_3421.jpg";s:10:"image_meta";a:10:{s:8:"aperture";s:1:"2";s:6:"credit";s:0:"";s:6:"camera";s:9:"CYBERSHOT";s:7:"caption";s:0:"";s:17:"created_timestamp";s:10:"1117892080";s:9:"copyright";s:0:"";s:12:"focal_length";s:3:"9.7";s:3:"iso";s:3:"100";s:13:"shutter_speed";s:6:"0.0125";s:5:"title";s:0:"";}}]]></wp:meta_value>
		</wp:postmeta>
				<wp:postmeta>
		<wp:meta_key>_wp_attachment_image_alt</wp:meta_key>
		<wp:meta_value><![CDATA[dsc20050604_133440_3421]]></wp:meta_value>
		</wp:postmeta>
							</item>
		<item>
		<title>dsc20050727_091048_222</title>
		<link>http://wpthemetestdata.wordpress.com/2008/06/10/post-format-test-gallery/dsc20050727_091048_222/</link>
		<pubDate>Mon, 10 Jan 2011 13:20:37 +0000</pubDate>
		<dc:creator><![CDATA[Chip Bennett]]></dc:creator>

		<guid isPermaLink="false">http://wpthemetestdata.files.wordpress.com/2008/06/dsc20050727_091048_222.jpg</guid>
		<description></description>
		<content:encoded><![CDATA[]]></content:encoded>
		<excerpt:encoded><![CDATA[]]></excerpt:encoded>
		<wp:post_id>616</wp:post_id>
		<wp:post_date>2011-01-10 06:20:37</wp:post_date>
		<wp:post_date_gmt>2011-01-10 13:20:37</wp:post_date_gmt>
		<wp:comment_status>open</wp:comment_status>
		<wp:ping_status>closed</wp:ping_status>
		<wp:post_name>dsc20050727_091048_222</wp:post_name>
		<wp:status>inherit</wp:status>
		<wp:post_parent>555</wp:post_parent>
		<wp:menu_order>0</wp:menu_order>
		<wp:post_type>attachment</wp:post_type>
		<wp:post_password></wp:post_password>
		<wp:is_sticky>0</wp:is_sticky>
				<wp:attachment_url>http://wpthemetestdata.files.wordpress.com/2008/06/dsc20050727_091048_222.jpg</wp:attachment_url>
								<wp:postmeta>
		<wp:meta_key>_wp_attached_file</wp:meta_key>
		<wp:meta_value><![CDATA[/home/wpcom/public_html/wp-content/blogs.dir/7af/5933695/files/2008/06/dsc20050727_091048_222.jpg]]></wp:meta_value>
		</wp:postmeta>
				<wp:postmeta>
		<wp:meta_key>_wp_attachment_metadata</wp:meta_key>
		<wp:meta_value><![CDATA[a:5:{s:5:"width";s:3:"640";s:6:"height";s:3:"480";s:14:"hwstring_small";s:23:"height='96' width='128'";s:4:"file";s:97:"/home/wpcom/public_html/wp-content/blogs.dir/7af/5933695/files/2008/06/dsc20050727_091048_222.jpg";s:10:"image_meta";a:10:{s:8:"aperture";s:1:"4";s:6:"credit";s:0:"";s:6:"camera";s:9:"CYBERSHOT";s:7:"caption";s:0:"";s:17:"created_timestamp";s:10:"1122455448";s:9:"copyright";s:0:"";s:12:"focal_length";s:3:"9.7";s:3:"iso";s:3:"100";s:13:"shutter_speed";s:5:"0.004";s:5:"title";s:0:"";}}]]></wp:meta_value>
		</wp:postmeta>
				<wp:postmeta>
		<wp:meta_key>_wp_attachment_image_alt</wp:meta_key>
		<wp:meta_value><![CDATA[dsc20050727_091048_222]]></wp:meta_value>
		</wp:postmeta>
							</item>
		<item>
		<title>dsc20050813_115856_52</title>
		<link>http://wpthemetestdata.wordpress.com/2008/06/10/post-format-test-gallery/dsc20050813_115856_52/</link>
		<pubDate>Mon, 10 Jan 2011 13:20:57 +0000</pubDate>
		<dc:creator><![CDATA[Chip Bennett]]></dc:creator>

		<guid isPermaLink="false">http://wpthemetestdata.files.wordpress.com/2008/06/dsc20050813_115856_52.jpg</guid>
		<description></description>
		<content:encoded><![CDATA[]]></content:encoded>
		<excerpt:encoded><![CDATA[]]></excerpt:encoded>
		<wp:post_id>617</wp:post_id>
		<wp:post_date>2011-01-10 06:20:57</wp:post_date>
		<wp:post_date_gmt>2011-01-10 13:20:57</wp:post_date_gmt>
		<wp:comment_status>open</wp:comment_status>
		<wp:ping_status>closed</wp:ping_status>
		<wp:post_name>dsc20050813_115856_52</wp:post_name>
		<wp:status>inherit</wp:status>
		<wp:post_parent>555</wp:post_parent>
		<wp:menu_order>0</wp:menu_order>
		<wp:post_type>attachment</wp:post_type>
		<wp:post_password></wp:post_password>
		<wp:is_sticky>0</wp:is_sticky>
				<wp:attachment_url>http://wpthemetestdata.files.wordpress.com/2008/06/dsc20050813_115856_52.jpg</wp:attachment_url>
								<wp:postmeta>
		<wp:meta_key>_wp_attached_file</wp:meta_key>
		<wp:meta_value><![CDATA[/home/wpcom/public_html/wp-content/blogs.dir/7af/5933695/files/2008/06/dsc20050813_115856_52.jpg]]></wp:meta_value>
		</wp:postmeta>
				<wp:postmeta>
		<wp:meta_key>_wp_attachment_metadata</wp:meta_key>
		<wp:meta_value><![CDATA[a:5:{s:5:"width";s:3:"640";s:6:"height";s:3:"480";s:14:"hwstring_small";s:23:"height='96' width='128'";s:4:"file";s:96:"/home/wpcom/public_html/wp-content/blogs.dir/7af/5933695/files/2008/06/dsc20050813_115856_52.jpg";s:10:"image_meta";a:10:{s:8:"aperture";s:3:"3.2";s:6:"credit";s:0:"";s:6:"camera";s:9:"CYBERSHOT";s:7:"caption";s:0:"";s:17:"created_timestamp";s:10:"1123934337";s:9:"copyright";s:0:"";s:12:"focal_length";s:3:"9.7";s:3:"iso";s:3:"100";s:13:"shutter_speed";s:5:"0.008";s:5:"title";s:0:"";}}]]></wp:meta_value>
		</wp:postmeta>
				<wp:postmeta>
		<wp:meta_key>_wp_attachment_image_alt</wp:meta_key>
		<wp:meta_value><![CDATA[dsc20050813_115856_52]]></wp:meta_value>
		</wp:postmeta>
							</item>
		<item>
		<title>dsc20050831_165238_332</title>
		<link>http://wpthemetestdata.wordpress.com/2008/06/10/post-format-test-gallery/dsc20050831_165238_332/</link>
		<pubDate>Mon, 10 Jan 2011 13:21:14 +0000</pubDate>
		<dc:creator><![CDATA[Chip Bennett]]></dc:creator>

		<guid isPermaLink="false">http://wpthemetestdata.files.wordpress.com/2008/06/dsc20050831_165238_332.jpg</guid>
		<description></description>
		<content:encoded><![CDATA[]]></content:encoded>
		<excerpt:encoded><![CDATA[]]></excerpt:encoded>
		<wp:post_id>618</wp:post_id>
		<wp:post_date>2011-01-10 06:21:14</wp:post_date>
		<wp:post_date_gmt>2011-01-10 13:21:14</wp:post_date_gmt>
		<wp:comment_status>open</wp:comment_status>
		<wp:ping_status>closed</wp:ping_status>
		<wp:post_name>dsc20050831_165238_332</wp:post_name>
		<wp:status>inherit</wp:status>
		<wp:post_parent>555</wp:post_parent>
		<wp:menu_order>0</wp:menu_order>
		<wp:post_type>attachment</wp:post_type>
		<wp:post_password></wp:post_password>
		<wp:is_sticky>0</wp:is_sticky>
				<wp:attachment_url>http://wpthemetestdata.files.wordpress.com/2008/06/dsc20050831_165238_332.jpg</wp:attachment_url>
								<wp:postmeta>
		<wp:meta_key>_wp_attached_file</wp:meta_key>
		<wp:meta_value><![CDATA[/home/wpcom/public_html/wp-content/blogs.dir/7af/5933695/files/2008/06/dsc20050831_165238_332.jpg]]></wp:meta_value>
		</wp:postmeta>
				<wp:postmeta>
		<wp:meta_key>_wp_attachment_metadata</wp:meta_key>
		<wp:meta_value><![CDATA[a:5:{s:5:"width";s:3:"640";s:6:"height";s:3:"480";s:14:"hwstring_small";s:23:"height='96' width='128'";s:4:"file";s:97:"/home/wpcom/public_html/wp-content/blogs.dir/7af/5933695/files/2008/06/dsc20050831_165238_332.jpg";s:10:"image_meta";a:10:{s:8:"aperture";s:1:"2";s:6:"credit";s:0:"";s:6:"camera";s:9:"CYBERSHOT";s:7:"caption";s:0:"";s:17:"created_timestamp";s:10:"1125507159";s:9:"copyright";s:0:"";s:12:"focal_length";s:3:"9.7";s:3:"iso";s:3:"100";s:13:"shutter_speed";s:17:"0.016666666666667";s:5:"title";s:0:"";}}]]></wp:meta_value>
		</wp:postmeta>
				<wp:postmeta>
		<wp:meta_key>_wp_attachment_image_alt</wp:meta_key>
		<wp:meta_value><![CDATA[dsc20050831_165238_332]]></wp:meta_value>
		</wp:postmeta>
							</item>
		<item>
		<title>dsc20050901_105100_212</title>
		<link>http://wpthemetestdata.wordpress.com/2008/06/10/post-format-test-gallery/dsc20050901_105100_212/</link>
		<pubDate>Mon, 10 Jan 2011 13:21:50 +0000</pubDate>
		<dc:creator><![CDATA[Chip Bennett]]></dc:creator>

		<guid isPermaLink="false">http://wpthemetestdata.files.wordpress.com/2008/06/dsc20050901_105100_212.jpg</guid>
		<description></description>
		<content:encoded><![CDATA[]]></content:encoded>
		<excerpt:encoded><![CDATA[Seed pods on stem, Woodvale]]></excerpt:encoded>
		<wp:post_id>619</wp:post_id>
		<wp:post_date>2011-01-10 06:21:50</wp:post_date>
		<wp:post_date_gmt>2011-01-10 13:21:50</wp:post_date_gmt>
		<wp:comment_status>open</wp:comment_status>
		<wp:ping_status>closed</wp:ping_status>
		<wp:post_name>dsc20050901_105100_212</wp:post_name>
		<wp:status>inherit</wp:status>
		<wp:post_parent>555</wp:post_parent>
		<wp:menu_order>0</wp:menu_order>
		<wp:post_type>attachment</wp:post_type>
		<wp:post_password></wp:post_password>
		<wp:is_sticky>0</wp:is_sticky>
				<wp:attachment_url>http://wpthemetestdata.files.wordpress.com/2008/06/dsc20050901_105100_212.jpg</wp:attachment_url>
								<wp:postmeta>
		<wp:meta_key>_wp_attachment_image_alt</wp:meta_key>
		<wp:meta_value><![CDATA[Seed pods on stem, Woodvale]]></wp:meta_value>
		</wp:postmeta>
				<wp:postmeta>
		<wp:meta_key>_wp_attached_file</wp:meta_key>
		<wp:meta_value><![CDATA[/home/wpcom/public_html/wp-content/blogs.dir/7af/5933695/files/2008/06/dsc20050901_105100_212.jpg]]></wp:meta_value>
		</wp:postmeta>
				<wp:postmeta>
		<wp:meta_key>_wp_attachment_metadata</wp:meta_key>
		<wp:meta_value><![CDATA[a:5:{s:5:"width";s:3:"640";s:6:"height";s:3:"480";s:14:"hwstring_small";s:23:"height='96' width='128'";s:4:"file";s:97:"/home/wpcom/public_html/wp-content/blogs.dir/7af/5933695/files/2008/06/dsc20050901_105100_212.jpg";s:10:"image_meta";a:10:{s:8:"aperture";s:1:"4";s:6:"credit";s:0:"";s:6:"camera";s:9:"CYBERSHOT";s:7:"caption";s:0:"";s:17:"created_timestamp";s:10:"1125571860";s:9:"copyright";s:0:"";s:12:"focal_length";s:2:"10";s:3:"iso";s:3:"100";s:13:"shutter_speed";s:6:"0.0025";s:5:"title";s:0:"";}}]]></wp:meta_value>
		</wp:postmeta>
							</item>
		<item>
		<title>Hayseed Rag – The Dizzy Trio</title>
		<link>http://wpthemetestdata.wordpress.com/2008/06/02/post-format-test-audio/hayseedrag-thedizzytrio_vbr-2/</link>
		<pubDate>Mon, 10 Jan 2011 17:18:14 +0000</pubDate>
		<dc:creator><![CDATA[Chip Bennett]]></dc:creator>

		<guid isPermaLink="false">http://wpthemetestdata.files.wordpress.com/2008/06/hayseedrag-thedizzytrio_vbr1.mp3</guid>
		<description></description>
		<content:encoded><![CDATA[Victor # 19421-B The dizzy trio -novelty fox trot – Harmonica specialty by Borrah Minevitch – Harmonica,guitar,banjo, with Jew’s harp and piano – issue date: May 1924. (<a href="http://www.archive.org/details/HayseedRag">public domain</a>)]]></content:encoded>
		<excerpt:encoded><![CDATA[Hayseed Rag – The Dizzy Trio]]></excerpt:encoded>
		<wp:post_id>622</wp:post_id>
		<wp:post_date>2011-01-10 10:18:14</wp:post_date>
		<wp:post_date_gmt>2011-01-10 17:18:14</wp:post_date_gmt>
		<wp:comment_status>open</wp:comment_status>
		<wp:ping_status>closed</wp:ping_status>
		<wp:post_name>hayseedrag-thedizzytrio_vbr-2</wp:post_name>
		<wp:status>inherit</wp:status>
		<wp:post_parent>587</wp:post_parent>
		<wp:menu_order>0</wp:menu_order>
		<wp:post_type>attachment</wp:post_type>
		<wp:post_password></wp:post_password>
		<wp:is_sticky>0</wp:is_sticky>
				<wp:attachment_url>http://wpthemetestdata.files.wordpress.com/2008/06/hayseedrag-thedizzytrio_vbr1.mp3</wp:attachment_url>
								<wp:postmeta>
		<wp:meta_key>_wp_attached_file</wp:meta_key>
		<wp:meta_value><![CDATA[/home/wpcom/public_html/wp-content/blogs.dir/7af/5933695/files/2008/06/hayseedrag-thedizzytrio_vbr1.mp3]]></wp:meta_value>
		</wp:postmeta>
				<wp:postmeta>
		<wp:meta_key>_wp_attachment_metadata</wp:meta_key>
		<wp:meta_value><![CDATA[a:0:{}]]></wp:meta_value>
		</wp:postmeta>
							</item>
		<item>
		<title>boat</title>
		<link>http://wpthemetestdata.wordpress.com/2008/06/06/post-format-test-image-attached/boat-2/</link>
		<pubDate>Tue, 11 Jan 2011 16:43:06 +0000</pubDate>
		<dc:creator><![CDATA[Chip Bennett]]></dc:creator>

		<guid isPermaLink="false">http://wpthemetestdata.files.wordpress.com/2011/01/boat.jpg</guid>
		<description></description>
		<content:encoded><![CDATA[]]></content:encoded>
		<excerpt:encoded><![CDATA[A picture is worth a thousand words]]></excerpt:encoded>
		<wp:post_id>675</wp:post_id>
		<wp:post_date>2011-01-11 09:43:06</wp:post_date>
		<wp:post_date_gmt>2011-01-11 16:43:06</wp:post_date_gmt>
		<wp:comment_status>open</wp:comment_status>
		<wp:ping_status>closed</wp:ping_status>
		<wp:post_name>boat-2</wp:post_name>
		<wp:status>inherit</wp:status>
		<wp:post_parent>674</wp:post_parent>
		<wp:menu_order>0</wp:menu_order>
		<wp:post_type>attachment</wp:post_type>
		<wp:post_password></wp:post_password>
		<wp:is_sticky>0</wp:is_sticky>
				<wp:attachment_url>http://wpthemetestdata.files.wordpress.com/2011/01/boat.jpg</wp:attachment_url>
								<wp:postmeta>
		<wp:meta_key>_wp_attached_file</wp:meta_key>
		<wp:meta_value><![CDATA[/home/wpcom/public_html/wp-content/blogs.dir/7af/5933695/files/2011/01/boat.jpg]]></wp:meta_value>
		</wp:postmeta>
				<wp:postmeta>
		<wp:meta_key>_wp_attachment_image_alt</wp:meta_key>
		<wp:meta_value><![CDATA[boat]]></wp:meta_value>
		</wp:postmeta>
				<wp:postmeta>
		<wp:meta_key>_wp_attachment_metadata</wp:meta_key>
		<wp:meta_value><![CDATA[a:5:{s:5:"width";s:3:"435";s:6:"height";s:3:"288";s:14:"hwstring_small";s:23:"height='84' width='128'";s:4:"file";s:79:"/home/wpcom/public_html/wp-content/blogs.dir/7af/5933695/files/2011/01/boat.jpg";s:10:"image_meta";a:10:{s:8:"aperture";s:1:"0";s:6:"credit";s:0:"";s:6:"camera";s:0:"";s:7:"caption";s:0:"";s:17:"created_timestamp";s:1:"0";s:9:"copyright";s:0:"";s:12:"focal_length";s:1:"0";s:3:"iso";s:1:"0";s:13:"shutter_speed";s:1:"0";s:5:"title";s:0:"";}}]]></wp:meta_value>
		</wp:postmeta>
							</item>
		<item>
		<title>Form Test</title>
		<link>http://wpthemetestdata.wordpress.com/2011/01/17/form-test/</link>
		<pubDate>Mon, 17 Jan 2011 14:01:20 +0000</pubDate>
		<dc:creator><![CDATA[Cais]]></dc:creator>

		<category><![CDATA[Uncategorized]]></category>

		<category domain="category" nicename="uncategorized"><![CDATA[Uncategorized]]></category>

		<guid isPermaLink="false">http://wpthemetestdata.wordpress.com/?p=686</guid>
		<description></description>
		<content:encoded><![CDATA[<!-- Sample Content to Plugin to Template -->
The purpose of this HTML is to help determine what default settings are with CSS and to make sure that all possible HTML Elements are included in this HTML so as to not miss any possible Elements when designing a site.

<hr />

<h1>Heading 1</h1>
<h2>Heading 2</h2>
<h3>Heading 3</h3>
<h4>Heading 4</h4>
<h5>Heading 5</h5>
<h6>Heading 6</h6>

<a href="#wrapper">[top]</a>

<hr />

<h2 id="paragraph">Paragraph</h2>
<p>Lorem ipsum dolor sit amet, <a href="#" title="test link">test link</a> adipiscing elit. Nullam dignissim convallis est. Quisque aliquam. Donec faucibus. Nunc iaculis suscipit dui. Nam sit amet sem. Aliquam libero nisi, imperdiet at, tincidunt nec, gravida vehicula, nisl. Praesent mattis, massa quis luctus fermentum, turpis mi volutpat justo, eu volutpat enim diam eget metus. Maecenas ornare tortor. Donec sed tellus eget sapien fringilla nonummy. Mauris a ante. Suspendisse quam sem, consequat at, commodo vitae, feugiat in, nunc. Morbi imperdiet augue quis tellus.</p>
<p>Lorem ipsum dolor sit amet, <em>emphasis</em> consectetuer adipiscing elit. Nullam dignissim convallis est. Quisque aliquam. Donec faucibus. Nunc iaculis suscipit dui. Nam sit amet sem. Aliquam libero nisi, imperdiet at, tincidunt nec, gravida vehicula, nisl. Praesent mattis, massa quis luctus fermentum, turpis mi volutpat justo, eu volutpat enim diam eget metus. Maecenas ornare tortor. Donec sed tellus eget sapien fringilla nonummy. Mauris a ante. Suspendisse quam sem, consequat at, commodo vitae, feugiat in, nunc. Morbi imperdiet augue quis tellus.</p>

<a href="#wrapper">[top]</a>

<hr />

<h2 id="list_types">List Types</h2>

<h3>Definition List</h3>

<dl>
  <dt>Definition List Title</dt>
  <dd>This is a definition list division.</dd>
</dl>

<h3>Ordered List</h3>

<ol>
  <li>List Item 1</li>
  <li>List Item 2</li>
  <li>List Item 3</li>
</ol>

<h3>Unordered List</h3>

<ul>
  <li>List Item 1</li>
  <li>List Item 2</li>
  <li>List Item 3</li>
</ul>

<a href="#wrapper">[top]</a>

<hr />

<h2 id="form_elements">Forms</h2>

<fieldset>
  <legend>Legend</legend>
  Lorem ipsum dolor sit amet, consectetuer adipiscing elit. Nullam dignissim convallis est. Quisque aliquam. Donec faucibus. Nunc iaculis suscipit dui. Nam sit amet sem. Aliquam libero nisi, imperdiet at, tincidunt nec, gravida vehicula, nisl. Praesent mattis, massa quis luctus fermentum, turpis mi volutpat justo, eu volutpat enim diam eget metus.
  <form>
    <h2>Form Element</h2>
    Lorem ipsum dolor sit amet, consectetuer adipiscing elit. Nullam dignissim convallis est. Quisque aliquam. Donec faucibus. Nunc iaculis suscipit dui.

    <label for="text_field">Text Field:</label>


    <label for="text_area">Text Area:</label>
    <textarea></textarea>

    <label for="select_element">Select Element:</label>


        Option 1
	      Option 2
        Option 3


		    Option 1
			  Option 2
			  Option 3



    <label for="radio_buttons">Radio Buttons:</label>
     Radio 1
     Radio 2
     Radio 3

    <label for="checkboxes">Checkboxes:</label>
     Radio 1
     Radio 2
     Radio 3

    <label for="password">Password:</label>


    <label for="file">File Input:</label>




  </form>
</fieldset>

<a href="#wrapper">[top]</a>

<hr />

<h2 id="tables">Tables</h2>

<table cellspacing="0" cellpadding="0">
  <tr>
    <th>Table Header 1</th>
    <th>Table Header 2</th>
    <th>Table Header 3</th>
  </tr>
  <tr>
    <td>Division 1</td>
    <td>Division 2</td>
    <td>Division 3</td>
  </tr>
  <tr class="even">
    <td>Division 1</td>
    <td>Division 2</td>
    <td>Division 3</td>
  </tr>
  <tr>
    <td>Division 1</td>
    <td>Division 2</td>
    <td>Division 3</td>
  </tr>
</table>

<a href="#wrapper">[top]</a>

<hr />

<h2 id="misc">Misc Stuff &#8211; abbr, acronym, pre, code, sub, sup, etc.</h2>

Lorem <sup>superscript</sup> dolor <sub>subscript</sub> amet, consectetuer adipiscing elit. Nullam dignissim convallis est. Quisque aliquam. <cite>cite</cite>. Nunc iaculis suscipit dui. Nam sit amet sem. Aliquam libero nisi, imperdiet at, tincidunt nec, gravida vehicula, nisl. Praesent mattis, massa quis luctus fermentum, turpis mi volutpat justo, eu volutpat enim diam eget metus. Maecenas ornare tortor. Donec sed tellus eget sapien fringilla nonummy. <acronym title="National Basketball Association">NBA</acronym> Mauris a ante. Suspendisse quam sem, consequat at, commodo vitae, feugiat in, nunc. Morbi imperdiet augue quis tellus.  <abbr title="Avenue">AVE</abbr>

<pre>
Lorem ipsum dolor sit amet,
 consectetuer adipiscing elit.
 Nullam dignissim convallis est.
 Quisque aliquam. Donec faucibus.
Nunc iaculis suscipit dui.
Nam sit amet sem.
Aliquam libero nisi, imperdiet at,
 tincidunt nec, gravida vehicula,
 nisl.
Praesent mattis, massa quis
luctus fermentum, turpis mi
volutpat justo, eu volutpat
enim diam eget metus.
Maecenas ornare tortor.
Donec sed tellus eget sapien
 fringilla nonummy.
<acronym title="National Basketball Association">NBA</acronym>
Mauris a ante. Suspendisse
 quam sem, consequat at,
commodo vitae, feugiat in,
nunc. Morbi imperdiet augue
 quis tellus.
<abbr title="Avenue">AVE</abbr>
</pre>

<blockquote>
  &#8220;This stylesheet is going to help so freaking much.&#8221; <br />-Blockquote
</blockquote>

<a href="#wrapper">[top]</a><br /><!-- End of Sample Content -->]]></content:encoded>
		<excerpt:encoded><![CDATA[]]></excerpt:encoded>
		<wp:post_id>686</wp:post_id>
		<wp:post_date>2011-01-17 07:01:20</wp:post_date>
		<wp:post_date_gmt>2011-01-17 14:01:20</wp:post_date_gmt>
		<wp:comment_status>open</wp:comment_status>
		<wp:ping_status>closed</wp:ping_status>
		<wp:post_name>form-test</wp:post_name>
		<wp:status>trash</wp:status>
		<wp:post_parent>0</wp:post_parent>
		<wp:menu_order>0</wp:menu_order>
		<wp:post_type>post</wp:post_type>
		<wp:post_password></wp:post_password>
		<wp:is_sticky>0</wp:is_sticky>
							</item>
		<item>
		<title>Scheduled Post</title>
		<link>http://wpthemetestdata.wordpress.com/2030/07/27/scheduled-post/</link>
		<pubDate>Sat, 27 Jul 2030 23:13:18 +0000</pubDate>
		<dc:creator><![CDATA[Chip Bennett]]></dc:creator>

		<category><![CDATA[Uncategorized]]></category>

		<category domain="category" nicename="uncategorized"><![CDATA[Uncategorized]]></category>

		<guid isPermaLink="false">http://wpthemetestdata.wordpress.com/?p=418</guid>
		<description></description>
		<content:encoded><![CDATA[This post is scheduled to be published in the future. It should not be displayed by the Theme.]]></content:encoded>
		<excerpt:encoded><![CDATA[]]></excerpt:encoded>
		<wp:post_id>418</wp:post_id>
		<wp:post_date>2030-07-27 16:13:18</wp:post_date>
		<wp:post_date_gmt>2030-07-27 23:13:18</wp:post_date_gmt>
		<wp:comment_status>open</wp:comment_status>
		<wp:ping_status>closed</wp:ping_status>
		<wp:post_name>scheduled-post</wp:post_name>
		<wp:status>future</wp:status>
		<wp:post_parent>0</wp:post_parent>
		<wp:menu_order>0</wp:menu_order>
		<wp:post_type>post</wp:post_type>
		<wp:post_password></wp:post_password>
		<wp:is_sticky>0</wp:is_sticky>
							</item>
	</channel>
</rss>
